	Retrieving X and t... 
		start_time (s) min-max: (600, 251145)
		end_time (s) min-max: (891, 251400)
		average durage (s): 298.5
	Done (36.7 s).
	Preprocessing...
		0/800000 killed tasks deleted
		0/800000 tasks with value higer than 1.000000 deleted
		66035/800000 cpu values increased from 0 to 0.000625
		66035/800000 ram values increased from 0 to 0.000933
		4 columns deleted from X, containing task_usage info
	Done (1.9 s).
	Training random_forest... On 10 folds
number of new elements 0. El in test: 116. in train: 116 n: 800000
Using random_forest
--------------------  ------------------------------------------  ------------------------------------  ----------------------------------------  ---------------------------  --------------------  -------------------  ---------------------------
task_events_priority  task_events_resource_request_for_CPU_cores  task_events_resource_request_for_RAM  task_events_different-machine_constraint  job_events_scheduling_class  job_events_user_name  job_events_job_name  job_events_job_name_logical
0.0350395520346       0.0984999586655                             0.210820336022                        0.0796395651631                           0.0220451947774              0.294862355673        0.10519831144        0.153894726225
--------------------  ------------------------------------------  ------------------------------------  ----------------------------------------  ---------------------------  --------------------  -------------------  ---------------------------
			Fold 0 	MAE: 0.000652 		RMSE: 0.001989
					Worst prediction: 0.087, should be 0.000.
					Mean prediction: 0.026, mean real: 0.026
					Std prediction: 0.026, std real: 0.026
					# real is zero: 1345
number of new elements 0. El in test: 116. in train: 116 n: 800000
Using random_forest
--------------------  ------------------------------------------  ------------------------------------  ----------------------------------------  ---------------------------  --------------------  -------------------  ---------------------------
task_events_priority  task_events_resource_request_for_CPU_cores  task_events_resource_request_for_RAM  task_events_different-machine_constraint  job_events_scheduling_class  job_events_user_name  job_events_job_name  job_events_job_name_logical
0.0319186853871       0.086813974764                              0.245618440182                        0.0800818520121                           0.0298584858415              0.258554414269        0.105065027466       0.162089120078
--------------------  ------------------------------------------  ------------------------------------  ----------------------------------------  ---------------------------  --------------------  -------------------  ---------------------------
			Fold 1 	MAE: 0.000647 		RMSE: 0.002017
					Worst prediction: 0.087, should be 0.000.
					Mean prediction: 0.026, mean real: 0.026
					Std prediction: 0.026, std real: 0.026
					# real is zero: 1276
number of new elements 0. El in test: 116. in train: 116 n: 800000
Using random_forest
--------------------  ------------------------------------------  ------------------------------------  ----------------------------------------  ---------------------------  --------------------  -------------------  ---------------------------
task_events_priority  task_events_resource_request_for_CPU_cores  task_events_resource_request_for_RAM  task_events_different-machine_constraint  job_events_scheduling_class  job_events_user_name  job_events_job_name  job_events_job_name_logical
0.0294817120528       0.096660423871                              0.198376368372                        0.0781291379273                           0.0233084455084              0.328762949365        0.105700896251       0.139580066653
--------------------  ------------------------------------------  ------------------------------------  ----------------------------------------  ---------------------------  --------------------  -------------------  ---------------------------
			Fold 2 	MAE: 0.000652 		RMSE: 0.002068
					Worst prediction: 0.087, should be 0.000.
					Mean prediction: 0.026, mean real: 0.026
					Std prediction: 0.026, std real: 0.026
					# real is zero: 1298
number of new elements 0. El in test: 116. in train: 116 n: 800000
Using random_forest
--------------------  ------------------------------------------  ------------------------------------  ----------------------------------------  ---------------------------  --------------------  -------------------  ---------------------------
task_events_priority  task_events_resource_request_for_CPU_cores  task_events_resource_request_for_RAM  task_events_different-machine_constraint  job_events_scheduling_class  job_events_user_name  job_events_job_name  job_events_job_name_logical
0.0420928489791       0.092912491268                              0.206020995905                        0.0662183553987                           0.0265472171563              0.297370328095        0.110652463987       0.158185299211
--------------------  ------------------------------------------  ------------------------------------  ----------------------------------------  ---------------------------  --------------------  -------------------  ---------------------------
			Fold 3 	MAE: 0.000654 		RMSE: 0.002066
					Worst prediction: 0.119, should be 0.005.
					Mean prediction: 0.026, mean real: 0.026
					Std prediction: 0.026, std real: 0.026
					# real is zero: 1344
number of new elements 0. El in test: 116. in train: 116 n: 800000
Using random_forest
--------------------  ------------------------------------------  ------------------------------------  ----------------------------------------  ---------------------------  --------------------  -------------------  ---------------------------
task_events_priority  task_events_resource_request_for_CPU_cores  task_events_resource_request_for_RAM  task_events_different-machine_constraint  job_events_scheduling_class  job_events_user_name  job_events_job_name  job_events_job_name_logical
0.0380862209749       0.102334099395                              0.225215767819                        0.0774434403932                           0.0282791294722              0.255873249085        0.107177410288       0.165590682572
--------------------  ------------------------------------------  ------------------------------------  ----------------------------------------  ---------------------------  --------------------  -------------------  ---------------------------
			Fold 4 	MAE: 0.000657 		RMSE: 0.002086
					Worst prediction: 0.087, should be 0.000.
					Mean prediction: 0.026, mean real: 0.026
					Std prediction: 0.026, std real: 0.026
					# real is zero: 1301
number of new elements 0. El in test: 116. in train: 116 n: 800000
Using random_forest
--------------------  ------------------------------------------  ------------------------------------  ----------------------------------------  ---------------------------  --------------------  -------------------  ---------------------------
task_events_priority  task_events_resource_request_for_CPU_cores  task_events_resource_request_for_RAM  task_events_different-machine_constraint  job_events_scheduling_class  job_events_user_name  job_events_job_name  job_events_job_name_logical
0.0403305789633       0.0959848458004                             0.226247613579                        0.0636092935791                           0.0267805367229              0.280076337223        0.112577199538       0.154393594594
--------------------  ------------------------------------------  ------------------------------------  ----------------------------------------  ---------------------------  --------------------  -------------------  ---------------------------
			Fold 5 	MAE: 0.000648 		RMSE: 0.002005
					Worst prediction: 0.087, should be 0.000.
					Mean prediction: 0.026, mean real: 0.026
					Std prediction: 0.026, std real: 0.026
					# real is zero: 1356
number of new elements 0. El in test: 116. in train: 116 n: 800000
Using random_forest
--------------------  ------------------------------------------  ------------------------------------  ----------------------------------------  ---------------------------  --------------------  -------------------  ---------------------------
task_events_priority  task_events_resource_request_for_CPU_cores  task_events_resource_request_for_RAM  task_events_different-machine_constraint  job_events_scheduling_class  job_events_user_name  job_events_job_name  job_events_job_name_logical
0.0328599326534       0.0925546752395                             0.229419767809                        0.0877691678935                           0.0294553308072              0.262470313855        0.103900882013       0.161569929729
--------------------  ------------------------------------------  ------------------------------------  ----------------------------------------  ---------------------------  --------------------  -------------------  ---------------------------
			Fold 6 	MAE: 0.000660 		RMSE: 0.002161
					Worst prediction: 0.087, should be 0.000.
					Mean prediction: 0.026, mean real: 0.026
					Std prediction: 0.026, std real: 0.026
					# real is zero: 1321
number of new elements 0. El in test: 116. in train: 116 n: 800000
Using random_forest
--------------------  ------------------------------------------  ------------------------------------  ----------------------------------------  ---------------------------  --------------------  -------------------  ---------------------------
task_events_priority  task_events_resource_request_for_CPU_cores  task_events_resource_request_for_RAM  task_events_different-machine_constraint  job_events_scheduling_class  job_events_user_name  job_events_job_name  job_events_job_name_logical
0.0349747605282       0.0881640879717                             0.209960218025                        0.0925881525843                           0.0258268189983              0.285033862979        0.110826006413       0.152626092501
--------------------  ------------------------------------------  ------------------------------------  ----------------------------------------  ---------------------------  --------------------  -------------------  ---------------------------
			Fold 7 	MAE: 0.000652 		RMSE: 0.002097
					Worst prediction: 0.119, should be 0.004.
					Mean prediction: 0.026, mean real: 0.026
					Std prediction: 0.026, std real: 0.026
					# real is zero: 1294
number of new elements 0. El in test: 116. in train: 116 n: 800000
Using random_forest
--------------------  ------------------------------------------  ------------------------------------  ----------------------------------------  ---------------------------  --------------------  -------------------  ---------------------------
task_events_priority  task_events_resource_request_for_CPU_cores  task_events_resource_request_for_RAM  task_events_different-machine_constraint  job_events_scheduling_class  job_events_user_name  job_events_job_name  job_events_job_name_logical
0.0337260937276       0.0896646758606                             0.215323933866                        0.0865000589179                           0.0243263344246              0.311364480823        0.116289202808       0.122805219573
--------------------  ------------------------------------------  ------------------------------------  ----------------------------------------  ---------------------------  --------------------  -------------------  ---------------------------
			Fold 8 	MAE: 0.000654 		RMSE: 0.002007
					Worst prediction: 0.081, should be 0.000.
					Mean prediction: 0.026, mean real: 0.026
					Std prediction: 0.026, std real: 0.026
					# real is zero: 1304
number of new elements 0. El in test: 116. in train: 116 n: 800000
Using random_forest
--------------------  ------------------------------------------  ------------------------------------  ----------------------------------------  ---------------------------  --------------------  -------------------  ---------------------------
task_events_priority  task_events_resource_request_for_CPU_cores  task_events_resource_request_for_RAM  task_events_different-machine_constraint  job_events_scheduling_class  job_events_user_name  job_events_job_name  job_events_job_name_logical
0.0316207060039       0.0985028736834                             0.220933844365                        0.0688065391755                           0.0256403943861              0.299852495278        0.104611399982       0.150031747126
--------------------  ------------------------------------------  ------------------------------------  ----------------------------------------  ---------------------------  --------------------  -------------------  ---------------------------
			Fold 9 	MAE: 0.000639 		RMSE: 0.001975
					Worst prediction: 0.119, should be 0.008.
					Mean prediction: 0.026, mean real: 0.026
					Std prediction: 0.026, std real: 0.026
					# real is zero: 1296
	Done (264.5 s).
Total error on 10 fold cross-validation: MAE: 0.000652		 RMSE: 0.002047
