	Retrieving X and t... 
		start_time (s) min-max: (600, 251100)
		end_time (s) min-max: (900, 251400)
		average durage (s): 299.7
	Done (14.1 s).
	Preprocessing...
		0/400000 killed tasks deleted
		202/400000 tasks with value higer than 1.000000 deleted
		65164/399798 cpu values increased from 0 to 0.015620
		65164/399798 ram values increased from 0 to 0.003109
		4 columns deleted from X, containing task_usage info
	Done (1.8 s).
	Training random_forest... On 10 folds
Using random_forest
--------------------  ------------------------------------------  ------------------------------------  ----------------------------------------  ---------------------------  --------------------  -------------------  ---------------------------
task_events_priority  task_events_resource_request_for_CPU_cores  task_events_resource_request_for_RAM  task_events_different-machine_constraint  job_events_scheduling_class  job_events_user_name  job_events_job_name  job_events_job_name_logical
0.0302134315051       0.104134176634                              0.233047292174                        0.0169150607252                           0.0102895789588              0.193056557468        0.180839858177       0.231504044358
--------------------  ------------------------------------------  ------------------------------------  ----------------------------------------  ---------------------------  --------------------  -------------------  ---------------------------
			Fold 0 	MAE: 0.016098 		RMSE: 0.031903
					Worst prediction: 0.081, should be 0.000.
					Mean prediction: 0.082, mean real: 0.082
					Std prediction: 0.037, std real: 0.049
					# real is zero: 14
Using random_forest
--------------------  ------------------------------------------  ------------------------------------  ----------------------------------------  ---------------------------  --------------------  -------------------  ---------------------------
task_events_priority  task_events_resource_request_for_CPU_cores  task_events_resource_request_for_RAM  task_events_different-machine_constraint  job_events_scheduling_class  job_events_user_name  job_events_job_name  job_events_job_name_logical
0.026944928679        0.0800674562274                             0.222019482886                        0.0171509401531                           0.0133342459805              0.168937476905        0.195955293231       0.275590175939
--------------------  ------------------------------------------  ------------------------------------  ----------------------------------------  ---------------------------  --------------------  -------------------  ---------------------------
			Fold 1 	MAE: 0.015853 		RMSE: 0.030872
					Worst prediction: 0.081, should be 0.000.
					Mean prediction: 0.082, mean real: 0.082
					Std prediction: 0.037, std real: 0.049
					# real is zero: 21
Using random_forest
--------------------  ------------------------------------------  ------------------------------------  ----------------------------------------  ---------------------------  --------------------  -------------------  ---------------------------
task_events_priority  task_events_resource_request_for_CPU_cores  task_events_resource_request_for_RAM  task_events_different-machine_constraint  job_events_scheduling_class  job_events_user_name  job_events_job_name  job_events_job_name_logical
0.030019562334        0.0723299700163                             0.216808005666                        0.0209034715214                           0.00943070107239             0.22098801946         0.210911029838       0.218609240092
--------------------  ------------------------------------------  ------------------------------------  ----------------------------------------  ---------------------------  --------------------  -------------------  ---------------------------
			Fold 2 	MAE: 0.015959 		RMSE: 0.029911
					Worst prediction: 0.117, should be 0.000.
					Mean prediction: 0.082, mean real: 0.082
					Std prediction: 0.037, std real: 0.048
					# real is zero: 14
Using random_forest
--------------------  ------------------------------------------  ------------------------------------  ----------------------------------------  ---------------------------  --------------------  -------------------  ---------------------------
task_events_priority  task_events_resource_request_for_CPU_cores  task_events_resource_request_for_RAM  task_events_different-machine_constraint  job_events_scheduling_class  job_events_user_name  job_events_job_name  job_events_job_name_logical
0.0277483997735       0.0753562305652                             0.260165051235                        0.0169223759437                           0.00934871015878             0.21484341246         0.18143872707        0.214177092793
--------------------  ------------------------------------------  ------------------------------------  ----------------------------------------  ---------------------------  --------------------  -------------------  ---------------------------
			Fold 3 	MAE: 0.015973 		RMSE: 0.030639
					Worst prediction: 0.117, should be 0.000.
					Mean prediction: 0.082, mean real: 0.082
					Std prediction: 0.037, std real: 0.048
					# real is zero: 24
Using random_forest
--------------------  ------------------------------------------  ------------------------------------  ----------------------------------------  ---------------------------  --------------------  -------------------  ---------------------------
task_events_priority  task_events_resource_request_for_CPU_cores  task_events_resource_request_for_RAM  task_events_different-machine_constraint  job_events_scheduling_class  job_events_user_name  job_events_job_name  job_events_job_name_logical
0.0240073316714       0.0732083950173                             0.221461001743                        0.0186617068856                           0.0130443123894              0.185729064677        0.206347817604       0.257540370012
--------------------  ------------------------------------------  ------------------------------------  ----------------------------------------  ---------------------------  --------------------  -------------------  ---------------------------
			Fold 4 	MAE: 0.015799 		RMSE: 0.030174
					Worst prediction: 0.099, should be 0.016.
					Mean prediction: 0.082, mean real: 0.081
					Std prediction: 0.037, std real: 0.048
					# real is zero: 14
Using random_forest
--------------------  ------------------------------------------  ------------------------------------  ----------------------------------------  ---------------------------  --------------------  -------------------  ---------------------------
task_events_priority  task_events_resource_request_for_CPU_cores  task_events_resource_request_for_RAM  task_events_different-machine_constraint  job_events_scheduling_class  job_events_user_name  job_events_job_name  job_events_job_name_logical
0.0215316384398       0.0833381976556                             0.24882646278                         0.0166143920275                           0.0108230280801              0.161935281649        0.208429356749       0.24850164262
--------------------  ------------------------------------------  ------------------------------------  ----------------------------------------  ---------------------------  --------------------  -------------------  ---------------------------
			Fold 5 	MAE: 0.015725 		RMSE: 0.028298
					Worst prediction: 0.133, should be 0.039.
					Mean prediction: 0.082, mean real: 0.082
					Std prediction: 0.037, std real: 0.047
					# real is zero: 18
Using random_forest
--------------------  ------------------------------------------  ------------------------------------  ----------------------------------------  ---------------------------  --------------------  -------------------  ---------------------------
task_events_priority  task_events_resource_request_for_CPU_cores  task_events_resource_request_for_RAM  task_events_different-machine_constraint  job_events_scheduling_class  job_events_user_name  job_events_job_name  job_events_job_name_logical
0.0207800526844       0.0675174825837                             0.217130096676                        0.0180745021051                           0.0146567666457              0.206470978153        0.198762312431       0.256607808721
--------------------  ------------------------------------------  ------------------------------------  ----------------------------------------  ---------------------------  --------------------  -------------------  ---------------------------
			Fold 6 	MAE: 0.015928 		RMSE: 0.031631
					Worst prediction: 0.098, should be 0.005.
					Mean prediction: 0.082, mean real: 0.082
					Std prediction: 0.037, std real: 0.049
					# real is zero: 24
Using random_forest
--------------------  ------------------------------------------  ------------------------------------  ----------------------------------------  ---------------------------  --------------------  -------------------  ---------------------------
task_events_priority  task_events_resource_request_for_CPU_cores  task_events_resource_request_for_RAM  task_events_different-machine_constraint  job_events_scheduling_class  job_events_user_name  job_events_job_name  job_events_job_name_logical
0.0229178833811       0.0649144131958                             0.245352639616                        0.0145096810093                           0.00742165865917             0.19308759868         0.214595128481       0.237200996978
--------------------  ------------------------------------------  ------------------------------------  ----------------------------------------  ---------------------------  --------------------  -------------------  ---------------------------
			Fold 7 	MAE: 0.015755 		RMSE: 0.030405
					Worst prediction: 0.081, should be 0.000.
					Mean prediction: 0.082, mean real: 0.082
					Std prediction: 0.037, std real: 0.048
					# real is zero: 11
Using random_forest
--------------------  ------------------------------------------  ------------------------------------  ----------------------------------------  ---------------------------  --------------------  -------------------  ---------------------------
task_events_priority  task_events_resource_request_for_CPU_cores  task_events_resource_request_for_RAM  task_events_different-machine_constraint  job_events_scheduling_class  job_events_user_name  job_events_job_name  job_events_job_name_logical
0.0245259959435       0.0651121466088                             0.23372287932                         0.0238630653035                           0.010676035003               0.194208275354        0.209780320817       0.238111281651
--------------------  ------------------------------------------  ------------------------------------  ----------------------------------------  ---------------------------  --------------------  -------------------  ---------------------------
			Fold 8 	MAE: 0.015900 		RMSE: 0.029831
					Worst prediction: 0.099, should be 0.007.
					Mean prediction: 0.082, mean real: 0.082
					Std prediction: 0.037, std real: 0.048
					# real is zero: 19
Using random_forest
--------------------  ------------------------------------------  ------------------------------------  ----------------------------------------  ---------------------------  --------------------  -------------------  ---------------------------
task_events_priority  task_events_resource_request_for_CPU_cores  task_events_resource_request_for_RAM  task_events_different-machine_constraint  job_events_scheduling_class  job_events_user_name  job_events_job_name  job_events_job_name_logical
0.0266129792173       0.0744610159866                             0.244097339869                        0.0138390334952                           0.0100845043444              0.216125562853        0.165513546567       0.249266017667
--------------------  ------------------------------------------  ------------------------------------  ----------------------------------------  ---------------------------  --------------------  -------------------  ---------------------------
			Fold 9 	MAE: 0.015635 		RMSE: 0.028755
					Worst prediction: 0.134, should be 0.030.
					Mean prediction: 0.081, mean real: 0.081
					Std prediction: 0.038, std real: 0.047
					# real is zero: 17
	Done (157.4 s).
Total error on 10 fold cross-validation: MAE: 0.015862		 RMSE: 0.030242
