	Retrieving X and t... 
		start_time (s) min-max: (600, 251100)
		end_time (s) min-max: (891, 251400)
		average durage (s): 299.6
	Done (22.5 s).
	Preprocessing...
		0/600000 killed tasks deleted
		310/600000 tasks with value higer than 1.000000 deleted
		65164/599690 cpu values increased from 0 to 0.000625
		65164/599690 ram values increased from 0 to 0.003109
		4 columns deleted from X, containing task_usage info
	Done (1.6 s).
	Training random_forest... On 10 folds
Using random_forest
--------------------  ------------------------------------------  ------------------------------------  ----------------------------------------  ---------------------------  --------------------  -------------------  ---------------------------
task_events_priority  task_events_resource_request_for_CPU_cores  task_events_resource_request_for_RAM  task_events_different-machine_constraint  job_events_scheduling_class  job_events_user_name  job_events_job_name  job_events_job_name_logical
0.0443555956217       0.226424646196                              0.218543294539                        0.0112916649812                           0.0227349794596              0.129764918559        0.189505048489       0.157379852155
--------------------  ------------------------------------------  ------------------------------------  ----------------------------------------  ---------------------------  --------------------  -------------------  ---------------------------
			Fold 0 	MAE: 0.017694 		RMSE: 0.031775
					Worst prediction: 0.598, should be 0.171.
					Mean prediction: 0.090, mean real: 0.089
					Std prediction: 0.048, std real: 0.058
					# real is zero: 250
Using random_forest
--------------------  ------------------------------------------  ------------------------------------  ----------------------------------------  ---------------------------  --------------------  -------------------  ---------------------------
task_events_priority  task_events_resource_request_for_CPU_cores  task_events_resource_request_for_RAM  task_events_different-machine_constraint  job_events_scheduling_class  job_events_user_name  job_events_job_name  job_events_job_name_logical
0.0352847953947       0.206598093698                              0.216541351756                        0.010510044377                            0.0354879267529              0.135493725615        0.197392614597       0.16269144781
--------------------  ------------------------------------------  ------------------------------------  ----------------------------------------  ---------------------------  --------------------  -------------------  ---------------------------
			Fold 1 	MAE: 0.017692 		RMSE: 0.031962
					Worst prediction: 0.599, should be 0.087.
					Mean prediction: 0.090, mean real: 0.089
					Std prediction: 0.049, std real: 0.058
					# real is zero: 284
Using random_forest
--------------------  ------------------------------------------  ------------------------------------  ----------------------------------------  ---------------------------  --------------------  -------------------  ---------------------------
task_events_priority  task_events_resource_request_for_CPU_cores  task_events_resource_request_for_RAM  task_events_different-machine_constraint  job_events_scheduling_class  job_events_user_name  job_events_job_name  job_events_job_name_logical
0.0420430442129       0.206032444591                              0.234490977127                        0.0113310426719                           0.0305457583386              0.149851897722        0.171262890387       0.15444194495
--------------------  ------------------------------------------  ------------------------------------  ----------------------------------------  ---------------------------  --------------------  -------------------  ---------------------------
			Fold 2 	MAE: 0.017582 		RMSE: 0.031458
					Worst prediction: 0.597, should be 0.105.
					Mean prediction: 0.089, mean real: 0.089
					Std prediction: 0.049, std real: 0.058
					# real is zero: 278
Using random_forest
--------------------  ------------------------------------------  ------------------------------------  ----------------------------------------  ---------------------------  --------------------  -------------------  ---------------------------
task_events_priority  task_events_resource_request_for_CPU_cores  task_events_resource_request_for_RAM  task_events_different-machine_constraint  job_events_scheduling_class  job_events_user_name  job_events_job_name  job_events_job_name_logical
0.0333856368609       0.208500755131                              0.231737203147                        0.00883896843454                          0.0306945884141              0.158431717444        0.173110890015       0.155300240553
--------------------  ------------------------------------------  ------------------------------------  ----------------------------------------  ---------------------------  --------------------  -------------------  ---------------------------
			Fold 3 	MAE: 0.017642 		RMSE: 0.031940
					Worst prediction: 0.598, should be 0.237.
					Mean prediction: 0.089, mean real: 0.089
					Std prediction: 0.049, std real: 0.058
					# real is zero: 282
Using random_forest
--------------------  ------------------------------------------  ------------------------------------  ----------------------------------------  ---------------------------  --------------------  -------------------  ---------------------------
task_events_priority  task_events_resource_request_for_CPU_cores  task_events_resource_request_for_RAM  task_events_different-machine_constraint  job_events_scheduling_class  job_events_user_name  job_events_job_name  job_events_job_name_logical
0.036756489081        0.183663012018                              0.223231719937                        0.0110504583682                           0.0310544096406              0.15062916928         0.204695995984       0.158918745691
--------------------  ------------------------------------------  ------------------------------------  ----------------------------------------  ---------------------------  --------------------  -------------------  ---------------------------
			Fold 4 	MAE: 0.017765 		RMSE: 0.032276
					Worst prediction: 0.598, should be 0.082.
					Mean prediction: 0.089, mean real: 0.089
					Std prediction: 0.049, std real: 0.059
					# real is zero: 294
Using random_forest
--------------------  ------------------------------------------  ------------------------------------  ----------------------------------------  ---------------------------  --------------------  -------------------  ---------------------------
task_events_priority  task_events_resource_request_for_CPU_cores  task_events_resource_request_for_RAM  task_events_different-machine_constraint  job_events_scheduling_class  job_events_user_name  job_events_job_name  job_events_job_name_logical
0.0410900411528       0.184936121246                              0.218735596367                        0.0131447628423                           0.0249902337003              0.171868724555        0.178565271482       0.166669248654
--------------------  ------------------------------------------  ------------------------------------  ----------------------------------------  ---------------------------  --------------------  -------------------  ---------------------------
			Fold 5 	MAE: 0.017631 		RMSE: 0.031401
					Worst prediction: 0.598, should be 0.312.
					Mean prediction: 0.089, mean real: 0.089
					Std prediction: 0.049, std real: 0.058
					# real is zero: 260
Using random_forest
--------------------  ------------------------------------------  ------------------------------------  ----------------------------------------  ---------------------------  --------------------  -------------------  ---------------------------
task_events_priority  task_events_resource_request_for_CPU_cores  task_events_resource_request_for_RAM  task_events_different-machine_constraint  job_events_scheduling_class  job_events_user_name  job_events_job_name  job_events_job_name_logical
0.0354535316934       0.187854812354                              0.203047182625                        0.0117075318455                           0.0283649805115              0.159596037199        0.18590127032        0.188074653452
--------------------  ------------------------------------------  ------------------------------------  ----------------------------------------  ---------------------------  --------------------  -------------------  ---------------------------
			Fold 6 	MAE: 0.017785 		RMSE: 0.032400
					Worst prediction: 0.342, should be 0.070.
					Mean prediction: 0.089, mean real: 0.089
					Std prediction: 0.048, std real: 0.058
					# real is zero: 280
Using random_forest
--------------------  ------------------------------------------  ------------------------------------  ----------------------------------------  ---------------------------  --------------------  -------------------  ---------------------------
task_events_priority  task_events_resource_request_for_CPU_cores  task_events_resource_request_for_RAM  task_events_different-machine_constraint  job_events_scheduling_class  job_events_user_name  job_events_job_name  job_events_job_name_logical
0.0380010455001       0.190578132477                              0.211858481231                        0.0129682870723                           0.0258938552305              0.145361016286        0.20423581208        0.171103370122
--------------------  ------------------------------------------  ------------------------------------  ----------------------------------------  ---------------------------  --------------------  -------------------  ---------------------------
			Fold 7 	MAE: 0.017616 		RMSE: 0.030918
					Worst prediction: 0.599, should be 0.156.
					Mean prediction: 0.089, mean real: 0.089
					Std prediction: 0.048, std real: 0.057
					# real is zero: 256
Using random_forest
--------------------  ------------------------------------------  ------------------------------------  ----------------------------------------  ---------------------------  --------------------  -------------------  ---------------------------
task_events_priority  task_events_resource_request_for_CPU_cores  task_events_resource_request_for_RAM  task_events_different-machine_constraint  job_events_scheduling_class  job_events_user_name  job_events_job_name  job_events_job_name_logical
0.0332480690106       0.181392881602                              0.196522236152                        0.0127996119748                           0.0334147438804              0.157447266323        0.209381646329       0.175793544727
--------------------  ------------------------------------------  ------------------------------------  ----------------------------------------  ---------------------------  --------------------  -------------------  ---------------------------
			Fold 8 	MAE: 0.017665 		RMSE: 0.031221
					Worst prediction: 0.596, should be 0.185.
					Mean prediction: 0.089, mean real: 0.090
					Std prediction: 0.048, std real: 0.058
					# real is zero: 290
Using random_forest
--------------------  ------------------------------------------  ------------------------------------  ----------------------------------------  ---------------------------  --------------------  -------------------  ---------------------------
task_events_priority  task_events_resource_request_for_CPU_cores  task_events_resource_request_for_RAM  task_events_different-machine_constraint  job_events_scheduling_class  job_events_user_name  job_events_job_name  job_events_job_name_logical
0.0441698379765       0.18639632698                               0.21863962046                         0.0113132514612                           0.0350860900617              0.153417129096        0.187593360416       0.163384383549
--------------------  ------------------------------------------  ------------------------------------  ----------------------------------------  ---------------------------  --------------------  -------------------  ---------------------------
			Fold 9 	MAE: 0.017771 		RMSE: 0.032172
					Worst prediction: 0.598, should be 0.129.
					Mean prediction: 0.090, mean real: 0.089
					Std prediction: 0.048, std real: 0.058
					# real is zero: 286
	Done (185.8 s).
Total error on 10 fold cross-validation: MAE: 0.017684		 RMSE: 0.031752
