	Retrieving X and t... 	Done (6.8 s).
	Preprocessing...
		405/800000 tasks with value higer than 1.000000 deleted
		0 columns deleted from X, containing task_usage info
	Done (0.3 s).
	Training random_forest... On 10 folds
number of new elements 0. El in test: 114. in train: 114 n: 800000
Using random_forest
----------------------  ---------------------------
task_events_machine_ID  job_events_job_name_logical
0.100809090254          0.899190909746
----------------------  ---------------------------
			Fold 0 	MAE: 0.018403 		RMSE: 0.032905
					Worst prediction: 0.341, should be 0.063.
					Mean prediction: 0.093, mean real: 0.093
					Std prediction: 0.061, std real: 0.069
					# real is zero: 1326
number of new elements 0. El in test: 114. in train: 114 n: 800000
Using random_forest
----------------------  ---------------------------
task_events_machine_ID  job_events_job_name_logical
0.100942073993          0.899057926007
----------------------  ---------------------------
			Fold 1 	MAE: 0.018786 		RMSE: 0.034646
					Worst prediction: 0.598, should be 0.171.
					Mean prediction: 0.093, mean real: 0.093
					Std prediction: 0.061, std real: 0.070
					# real is zero: 1313
number of new elements 0. El in test: 114. in train: 114 n: 800000
Using random_forest
----------------------  ---------------------------
task_events_machine_ID  job_events_job_name_logical
0.0947532708603         0.90524672914
----------------------  ---------------------------
			Fold 2 	MAE: 0.018473 		RMSE: 0.033580
					Worst prediction: 0.597, should be 0.129.
					Mean prediction: 0.093, mean real: 0.093
					Std prediction: 0.061, std real: 0.069
					# real is zero: 1340
number of new elements 0. El in test: 114. in train: 114 n: 800000
Using random_forest
----------------------  ---------------------------
task_events_machine_ID  job_events_job_name_logical
0.0946236602611         0.905376339739
----------------------  ---------------------------
			Fold 3 	MAE: 0.018759 		RMSE: 0.035631
					Worst prediction: 0.597, should be 0.188.
					Mean prediction: 0.093, mean real: 0.093
					Std prediction: 0.060, std real: 0.070
					# real is zero: 1349
number of new elements 0. El in test: 114. in train: 114 n: 800000
Using random_forest
----------------------  ---------------------------
task_events_machine_ID  job_events_job_name_logical
0.102146060687          0.897853939313
----------------------  ---------------------------
			Fold 4 	MAE: 0.018403 		RMSE: 0.032580
					Worst prediction: 0.599, should be 0.155.
					Mean prediction: 0.093, mean real: 0.093
					Std prediction: 0.061, std real: 0.069
					# real is zero: 1327
number of new elements 0. El in test: 114. in train: 114 n: 800000
Using random_forest
----------------------  ---------------------------
task_events_machine_ID  job_events_job_name_logical
0.0966808568289         0.903319143171
----------------------  ---------------------------
			Fold 5 	MAE: 0.018591 		RMSE: 0.034957
					Worst prediction: 0.600, should be 0.087.
					Mean prediction: 0.093, mean real: 0.093
					Std prediction: 0.061, std real: 0.070
					# real is zero: 1389
number of new elements 0. El in test: 114. in train: 114 n: 800000
Using random_forest
----------------------  ---------------------------
task_events_machine_ID  job_events_job_name_logical
0.0967084610696         0.90329153893
----------------------  ---------------------------
			Fold 6 	MAE: 0.018543 		RMSE: 0.034353
					Worst prediction: 0.597, should be 0.105.
					Mean prediction: 0.093, mean real: 0.093
					Std prediction: 0.060, std real: 0.069
					# real is zero: 1296
number of new elements 0. El in test: 114. in train: 114 n: 800000
Using random_forest
----------------------  ---------------------------
task_events_machine_ID  job_events_job_name_logical
0.0980620218431         0.901937978157
----------------------  ---------------------------
			Fold 7 	MAE: 0.018584 		RMSE: 0.033830
					Worst prediction: 0.599, should be 0.105.
					Mean prediction: 0.093, mean real: 0.093
					Std prediction: 0.061, std real: 0.069
					# real is zero: 1367
number of new elements 0. El in test: 114. in train: 114 n: 800000
Using random_forest
----------------------  ---------------------------
task_events_machine_ID  job_events_job_name_logical
0.0904812922461         0.909518707754
----------------------  ---------------------------
			Fold 8 	MAE: 0.018400 		RMSE: 0.033098
					Worst prediction: 0.597, should be 0.112.
					Mean prediction: 0.093, mean real: 0.093
					Std prediction: 0.060, std real: 0.069
					# real is zero: 1307
number of new elements 0. El in test: 114. in train: 114 n: 800000
Using random_forest
----------------------  ---------------------------
task_events_machine_ID  job_events_job_name_logical
0.101468914416          0.898531085584
----------------------  ---------------------------
			Fold 9 	MAE: 0.018443 		RMSE: 0.034367
					Worst prediction: 0.597, should be 0.082.
					Mean prediction: 0.093, mean real: 0.093
					Std prediction: 0.060, std real: 0.070
					# real is zero: 1317
	Done (716.8 s).
Total error on 10 fold cross-validation: MAE: 0.018539		 RMSE: 0.033995
