	Retrieving X and t... 	Done (2.1 s).
	Preprocessing...
		202/400000 tasks with value higer than 1.000000 deleted
		0 columns deleted from X, containing task_usage info
	Done (0.1 s).
	Training baseline_average_overJobid... On 10 folds
Using baseline_average_overJobid
			Fold 0 	MAE: 0.015735 		RMSE: 0.029106
					Worst prediction: 0.117, should be 0.000.
					Mean prediction: 0.082, mean real: 0.081
					Std prediction: 0.037, std real: 0.047
					# real is zero: 23
Using baseline_average_overJobid
			Fold 1 	MAE: 0.015925 		RMSE: 0.031248
					Worst prediction: 0.134, should be 0.039.
					Mean prediction: 0.082, mean real: 0.082
					Std prediction: 0.037, std real: 0.049
					# real is zero: 13
Using baseline_average_overJobid
			Fold 2 	MAE: 0.015864 		RMSE: 0.030337
					Worst prediction: 0.133, should be 0.030.
					Mean prediction: 0.082, mean real: 0.082
					Std prediction: 0.037, std real: 0.048
					# real is zero: 17
Using baseline_average_overJobid
			Fold 3 	MAE: 0.015824 		RMSE: 0.029171
					Worst prediction: 0.099, should be 0.007.
					Mean prediction: 0.082, mean real: 0.082
					Std prediction: 0.037, std real: 0.047
					# real is zero: 14
Using baseline_average_overJobid
			Fold 4 	MAE: 0.015639 		RMSE: 0.029396
					Worst prediction: 0.081, should be 0.000.
					Mean prediction: 0.081, mean real: 0.081
					Std prediction: 0.037, std real: 0.047
					# real is zero: 21
Using baseline_average_overJobid
			Fold 5 	MAE: 0.015755 		RMSE: 0.030097
					Worst prediction: 0.081, should be 0.000.
					Mean prediction: 0.082, mean real: 0.082
					Std prediction: 0.037, std real: 0.048
					# real is zero: 25
Using baseline_average_overJobid
			Fold 6 	MAE: 0.015780 		RMSE: 0.029683
					Worst prediction: 0.081, should be 0.000.
					Mean prediction: 0.082, mean real: 0.082
					Std prediction: 0.037, std real: 0.048
					# real is zero: 18
Using baseline_average_overJobid
			Fold 7 	MAE: 0.016017 		RMSE: 0.030492
					Worst prediction: 0.081, should be 0.000.
					Mean prediction: 0.082, mean real: 0.082
					Std prediction: 0.037, std real: 0.048
					# real is zero: 15
Using baseline_average_overJobid
			Fold 8 	MAE: 0.016078 		RMSE: 0.031812
					Worst prediction: 0.081, should be 0.000.
					Mean prediction: 0.082, mean real: 0.082
					Std prediction: 0.037, std real: 0.049
					# real is zero: 12
Using baseline_average_overJobid
			Fold 9 	MAE: 0.015999 		RMSE: 0.031144
					Worst prediction: 0.099, should be 0.005.
					Mean prediction: 0.082, mean real: 0.082
					Std prediction: 0.037, std real: 0.049
					# real is zero: 18
	Done (23.3 s).
Total error on 10 fold cross-validation: MAE: 0.015862		 RMSE: 0.030249
