MAE avgs                                                  100000     200000     400000     600000     800000    1000000
-----------------------------------------------------  ---------  ---------  ---------  ---------  ---------  ---------
logicalJobname_Machine_TemporalWithDailyRep            0.0139569  0.0140749  0.0152147  0.0169627  0.0185397  0.0190732
logicalJobname_Machine_StartTime_TemporalWithDailyRep  0.0139587  0.014076   0.0152154  0.0169618  0.0185399  0.0190741
jobid_Machine_StartTime_TemporalWithDailyRep           0.013955   0.0140723  0.0152164  0.0169611  0.0185393  0.0190745
iglesias_TemporalWithDailyRep                          0.0142195  0.0146919  0.0158625  0.0176843  0.0198568  0.0203225

MAE stds                                                    100000       200000       400000       600000       800000      1000000
-----------------------------------------------------  -----------  -----------  -----------  -----------  -----------  -----------
logicalJobname_Machine_TemporalWithDailyRep            0.00027184   0.000167515  0.000119401  6.15386e-05  9.37468e-05  7.57271e-05
logicalJobname_Machine_StartTime_TemporalWithDailyRep  0.000223181  0.000231309  0.000159423  7.73963e-05  5.54843e-05  7.92103e-05
jobid_Machine_StartTime_TemporalWithDailyRep           0.000153484  0.000222324  0.000133576  0.000132502  7.42187e-05  8.44561e-05
iglesias_TemporalWithDailyRep                          0.000138154  0.000202507  6.74312e-05  0.000102909  6.11695e-05  0.00013749

RMSE avgs                                                 100000     200000     400000     600000     800000    1000000
-----------------------------------------------------  ---------  ---------  ---------  ---------  ---------  ---------
logicalJobname_Machine_TemporalWithDailyRep            0.0270172  0.0307334  0.0296719  0.0310703  0.0340024  0.0347648
logicalJobname_Machine_StartTime_TemporalWithDailyRep  0.0269812  0.0307137  0.0296523  0.0310633  0.034002   0.0347648
jobid_Machine_StartTime_TemporalWithDailyRep           0.0269867  0.0307005  0.0296707  0.0310659  0.0340025  0.0347644
iglesias_TemporalWithDailyRep                          0.0272963  0.0311886  0.0302514  0.0317522  0.0358173  0.0365387

RMSE stds                                                  100000      200000       400000       600000       800000      1000000
-----------------------------------------------------  ----------  ----------  -----------  -----------  -----------  -----------
logicalJobname_Machine_TemporalWithDailyRep            0.00156792  0.0013106   0.000916643  0.000700366  0.000652617  0.000362935
logicalJobname_Machine_StartTime_TemporalWithDailyRep  0.00213716  0.00171592  0.0014331    0.000954754  0.000625199  0.000412226
jobid_Machine_StartTime_TemporalWithDailyRep           0.00198844  0.00191458  0.00100968   0.000828911  0.000547299  0.000529453
iglesias_TemporalWithDailyRep                          0.00127857  0.00133743  0.000758093  0.000522465  0.000416339  0.000663801

