	Retrieving X and t... 
		start_time (s) min-max: (600, 251145)
		end_time (s) min-max: (647, 251400)
		average durage (s): 298.5
	Done (38.5 s).
	Preprocessing...
		0/1000000 killed tasks deleted
		456/1000000 tasks with value higer than 1.000000 deleted
		66000/999544 cpu values increased from 0 to 0.000625
		66000/999544 ram values increased from 0 to 0.000933
		4 columns deleted from X, containing task_usage info
	Done (2.6 s).
	Training random_forest... On 10 folds
Using random_forest
--------------------  ------------------------------------------  ------------------------------------  ----------------------------------------  ---------------------------  --------------------  -------------------  ---------------------------
task_events_priority  task_events_resource_request_for_CPU_cores  task_events_resource_request_for_RAM  task_events_different-machine_constraint  job_events_scheduling_class  job_events_user_name  job_events_job_name  job_events_job_name_logical
0.141190227805        0.118852405174                              0.29232712402                         0.00628907945961                          0.0339993987149              0.131057195425        0.159755837317       0.116528732085
--------------------  ------------------------------------------  ------------------------------------  ----------------------------------------  ---------------------------  --------------------  -------------------  ---------------------------
			Fold 0 	MAE: 0.020275 		RMSE: 0.036216
					Worst prediction: 0.599, should be 0.156.
					Mean prediction: 0.092, mean real: 0.092
					Std prediction: 0.063, std real: 0.073
					# real is zero: 9043
Using random_forest
--------------------  ------------------------------------------  ------------------------------------  ----------------------------------------  ---------------------------  --------------------  -------------------  ---------------------------
task_events_priority  task_events_resource_request_for_CPU_cores  task_events_resource_request_for_RAM  task_events_different-machine_constraint  job_events_scheduling_class  job_events_user_name  job_events_job_name  job_events_job_name_logical
0.135131742122        0.145405698263                              0.24577457101                         0.0114421259576                           0.0397167031588              0.153267828151        0.147464460656       0.121796870683
--------------------  ------------------------------------------  ------------------------------------  ----------------------------------------  ---------------------------  --------------------  -------------------  ---------------------------
			Fold 1 	MAE: 0.020303 		RMSE: 0.036577
					Worst prediction: 0.597, should be 0.156.
					Mean prediction: 0.092, mean real: 0.092
					Std prediction: 0.063, std real: 0.073
					# real is zero: 9114
Using random_forest
--------------------  ------------------------------------------  ------------------------------------  ----------------------------------------  ---------------------------  --------------------  -------------------  ---------------------------
task_events_priority  task_events_resource_request_for_CPU_cores  task_events_resource_request_for_RAM  task_events_different-machine_constraint  job_events_scheduling_class  job_events_user_name  job_events_job_name  job_events_job_name_logical
0.142555992296        0.143757895082                              0.255618276149                        0.00649561478859                          0.0366549200549              0.13554558261         0.160361330746       0.119010388272
--------------------  ------------------------------------------  ------------------------------------  ----------------------------------------  ---------------------------  --------------------  -------------------  ---------------------------
			Fold 2 	MAE: 0.020450 		RMSE: 0.036960
					Worst prediction: 0.600, should be 0.129.
					Mean prediction: 0.092, mean real: 0.092
					Std prediction: 0.064, std real: 0.073
					# real is zero: 9067
Using random_forest
--------------------  ------------------------------------------  ------------------------------------  ----------------------------------------  ---------------------------  --------------------  -------------------  ---------------------------
task_events_priority  task_events_resource_request_for_CPU_cores  task_events_resource_request_for_RAM  task_events_different-machine_constraint  job_events_scheduling_class  job_events_user_name  job_events_job_name  job_events_job_name_logical
0.127201246982        0.124663089967                              0.269065630038                        0.00716735008867                          0.0403732381176              0.141270459432        0.170395806453       0.119863178922
--------------------  ------------------------------------------  ------------------------------------  ----------------------------------------  ---------------------------  --------------------  -------------------  ---------------------------
			Fold 3 	MAE: 0.020420 		RMSE: 0.037179
					Worst prediction: 0.599, should be 0.155.
					Mean prediction: 0.092, mean real: 0.092
					Std prediction: 0.063, std real: 0.073
					# real is zero: 9095
Using random_forest
--------------------  ------------------------------------------  ------------------------------------  ----------------------------------------  ---------------------------  --------------------  -------------------  ---------------------------
task_events_priority  task_events_resource_request_for_CPU_cores  task_events_resource_request_for_RAM  task_events_different-machine_constraint  job_events_scheduling_class  job_events_user_name  job_events_job_name  job_events_job_name_logical
0.146768509983        0.127554013763                              0.281452715038                        0.00723764650098                          0.0390444223014              0.137469165944        0.150469352625       0.110004173845
--------------------  ------------------------------------------  ------------------------------------  ----------------------------------------  ---------------------------  --------------------  -------------------  ---------------------------
			Fold 4 	MAE: 0.020132 		RMSE: 0.035599
					Worst prediction: 0.342, should be 0.055.
					Mean prediction: 0.092, mean real: 0.092
					Std prediction: 0.063, std real: 0.072
					# real is zero: 9034
Using random_forest
--------------------  ------------------------------------------  ------------------------------------  ----------------------------------------  ---------------------------  --------------------  -------------------  ---------------------------
task_events_priority  task_events_resource_request_for_CPU_cores  task_events_resource_request_for_RAM  task_events_different-machine_constraint  job_events_scheduling_class  job_events_user_name  job_events_job_name  job_events_job_name_logical
0.133390368619        0.117371306534                              0.291777555731                        0.00512520034063                          0.0343934525852              0.150194725285        0.155711062667       0.112036328239
--------------------  ------------------------------------------  ------------------------------------  ----------------------------------------  ---------------------------  --------------------  -------------------  ---------------------------
			Fold 5 	MAE: 0.020188 		RMSE: 0.035868
					Worst prediction: 0.597, should be 0.171.
					Mean prediction: 0.092, mean real: 0.092
					Std prediction: 0.063, std real: 0.073
					# real is zero: 9041
Using random_forest
--------------------  ------------------------------------------  ------------------------------------  ----------------------------------------  ---------------------------  --------------------  -------------------  ---------------------------
task_events_priority  task_events_resource_request_for_CPU_cores  task_events_resource_request_for_RAM  task_events_different-machine_constraint  job_events_scheduling_class  job_events_user_name  job_events_job_name  job_events_job_name_logical
0.132071113198        0.120810938441                              0.277577337603                        0.00442856384514                          0.0379967282466              0.152925852163        0.175149449044       0.0990400174593
--------------------  ------------------------------------------  ------------------------------------  ----------------------------------------  ---------------------------  --------------------  -------------------  ---------------------------
			Fold 6 	MAE: 0.020362 		RMSE: 0.036623
					Worst prediction: 0.596, should be 0.087.
					Mean prediction: 0.092, mean real: 0.092
					Std prediction: 0.063, std real: 0.074
					# real is zero: 9089
Using random_forest
--------------------  ------------------------------------------  ------------------------------------  ----------------------------------------  ---------------------------  --------------------  -------------------  ---------------------------
task_events_priority  task_events_resource_request_for_CPU_cores  task_events_resource_request_for_RAM  task_events_different-machine_constraint  job_events_scheduling_class  job_events_user_name  job_events_job_name  job_events_job_name_logical
0.137558411316        0.154856659428                              0.213193513824                        0.00860560043539                          0.0402793804803              0.156276575615        0.16051850283        0.128711356071
--------------------  ------------------------------------------  ------------------------------------  ----------------------------------------  ---------------------------  --------------------  -------------------  ---------------------------
			Fold 7 	MAE: 0.020201 		RMSE: 0.036767
					Worst prediction: 0.599, should be 0.082.
					Mean prediction: 0.092, mean real: 0.092
					Std prediction: 0.063, std real: 0.073
					# real is zero: 8977
Using random_forest
--------------------  ------------------------------------------  ------------------------------------  ----------------------------------------  ---------------------------  --------------------  -------------------  ---------------------------
task_events_priority  task_events_resource_request_for_CPU_cores  task_events_resource_request_for_RAM  task_events_different-machine_constraint  job_events_scheduling_class  job_events_user_name  job_events_job_name  job_events_job_name_logical
0.154688874433        0.117907939849                              0.284319773262                        0.00776343997967                          0.0381208886586              0.13668259333         0.149184921643       0.111331568846
--------------------  ------------------------------------------  ------------------------------------  ----------------------------------------  ---------------------------  --------------------  -------------------  ---------------------------
			Fold 8 	MAE: 0.020384 		RMSE: 0.036640
					Worst prediction: 0.596, should be 0.172.
					Mean prediction: 0.092, mean real: 0.092
					Std prediction: 0.063, std real: 0.073
					# real is zero: 9019
Using random_forest
--------------------  ------------------------------------------  ------------------------------------  ----------------------------------------  ---------------------------  --------------------  -------------------  ---------------------------
task_events_priority  task_events_resource_request_for_CPU_cores  task_events_resource_request_for_RAM  task_events_different-machine_constraint  job_events_scheduling_class  job_events_user_name  job_events_job_name  job_events_job_name_logical
0.13063618724         0.128623929888                              0.226863975158                        0.00985945108938                          0.0358329887094              0.156748579136        0.190675178401       0.120759710378
--------------------  ------------------------------------------  ------------------------------------  ----------------------------------------  ---------------------------  --------------------  -------------------  ---------------------------
			Fold 9 	MAE: 0.020512 		RMSE: 0.036993
					Worst prediction: 0.598, should be 0.105.
					Mean prediction: 0.092, mean real: 0.092
					Std prediction: 0.063, std real: 0.074
					# real is zero: 9117
	Done (346.5 s).
Total error on 10 fold cross-validation: MAE: 0.020323		 RMSE: 0.036542
