	Retrieving X and t... 
		start_time (s) min-max: (600, 251145)
		end_time (s) min-max: (647, 251400)
		average durage (s): 298.5
	Done (38.8 s).
	Preprocessing...
		0/1000000 killed tasks deleted
		456/1000000 tasks with value higer than 1.000000 deleted
		66000/999544 cpu values increased from 0 to 0.000625
		66000/999544 ram values increased from 0 to 0.000933
		4 columns deleted from X, containing task_usage info
	Done (2.6 s).
	Training adaboost... On 10 folds
Using adaboost
			Fold 0 	MAE: 0.235106 		RMSE: 0.266631
					Worst prediction: 0.434, should be 0.000.
					Mean prediction: 0.325, mean real: 0.092
					Std prediction: 0.167, std real: 0.073
					# real is zero: 8980
Using adaboost
			Fold 1 	MAE: 0.123418 		RMSE: 0.148580
					Worst prediction: 0.388, should be 0.057.
					Mean prediction: 0.211, mean real: 0.092
					Std prediction: 0.122, std real: 0.073
					# real is zero: 9124
Using adaboost
			Fold 2 	MAE: 0.093263 		RMSE: 0.117448
					Worst prediction: 0.597, should be 0.082.
					Mean prediction: 0.180, mean real: 0.092
					Std prediction: 0.109, std real: 0.073
					# real is zero: 9127
Using adaboost
			Fold 3 	MAE: 0.252760 		RMSE: 0.285137
					Worst prediction: 0.470, should be 0.003.
					Mean prediction: 0.343, mean real: 0.092
					Std prediction: 0.174, std real: 0.073
					# real is zero: 8979
Using adaboost
			Fold 4 	MAE: 0.241578 		RMSE: 0.273947
					Worst prediction: 0.464, should be 0.002.
					Mean prediction: 0.332, mean real: 0.092
					Std prediction: 0.171, std real: 0.073
					# real is zero: 8942
Using adaboost
			Fold 5 	MAE: 0.236833 		RMSE: 0.268894
					Worst prediction: 0.450, should be 0.000.
					Mean prediction: 0.327, mean real: 0.092
					Std prediction: 0.168, std real: 0.073
					# real is zero: 9144
Using adaboost
			Fold 6 	MAE: 0.215648 		RMSE: 0.247661
					Worst prediction: 0.429, should be 0.000.
					Mean prediction: 0.305, mean real: 0.092
					Std prediction: 0.163, std real: 0.073
					# real is zero: 9203
Using adaboost
			Fold 7 	MAE: 0.211319 		RMSE: 0.241392
					Worst prediction: 0.470, should be 0.000.
					Mean prediction: 0.301, mean real: 0.091
					Std prediction: 0.158, std real: 0.072
					# real is zero: 9207
Using adaboost
			Fold 8 	MAE: 0.121207 		RMSE: 0.148087
					Worst prediction: 0.624, should be 0.122.
					Mean prediction: 0.209, mean real: 0.092
					Std prediction: 0.121, std real: 0.073
					# real is zero: 9014
Using adaboost
			Fold 9 	MAE: 0.091500 		RMSE: 0.116565
					Worst prediction: 0.621, should be 0.105.
					Mean prediction: 0.178, mean real: 0.093
					Std prediction: 0.110, std real: 0.074
					# real is zero: 8876
	Done (1241.4 s).
Total error on 10 fold cross-validation: MAE: 0.182263		 RMSE: 0.211434
