	Retrieving X and t... 
		start_time (s) min-max: (600, 251145)
		end_time (s) min-max: (891, 251400)
		average durage (s): 298.5
	Done (29.6 s).
	Preprocessing...
		0/800000 killed tasks deleted
		405/800000 tasks with value higer than 1.000000 deleted
		66000/799595 cpu values increased from 0 to 0.000625
		66000/799595 ram values increased from 0 to 0.000933
		Daily representation used
		3 columns deleted from X, containing task_usage info
	Done (2.1 s).
	Training random_forest... On 10 folds
number of new elements 0. El in test: 114. in train: 114 n: 800000
Using random_forest
--------------------  ------------------------------------------  ------------------------------------  ----------------------------------------  ---------------------------  --------------------  -------------------  ---------------------------
task_events_priority  task_events_resource_request_for_CPU_cores  task_events_resource_request_for_RAM  task_events_different-machine_constraint  job_events_scheduling_class  job_events_user_name  job_events_job_name  job_events_job_name_logical
0.046155724999        0.14563828273                               0.147239993696                        0.00512239019136                          0.0163376744008              0.0755684439652       0.0996747747711      0.464262715246
--------------------  ------------------------------------------  ------------------------------------  ----------------------------------------  ---------------------------  --------------------  -------------------  ---------------------------
			Fold 0 	MAE: 0.019836 		RMSE: 0.035864
					Worst prediction: 0.595, should be 0.240.
					Mean prediction: 0.093, mean real: 0.093
					Std prediction: 0.060, std real: 0.070
					# real is zero: 1336
number of new elements 0. El in test: 114. in train: 114 n: 800000
Using random_forest
--------------------  ------------------------------------------  ------------------------------------  ----------------------------------------  ---------------------------  --------------------  -------------------  ---------------------------
task_events_priority  task_events_resource_request_for_CPU_cores  task_events_resource_request_for_RAM  task_events_different-machine_constraint  job_events_scheduling_class  job_events_user_name  job_events_job_name  job_events_job_name_logical
0.0442822264877       0.134070727461                              0.17027287329                         0.00446463530804                          0.0198146069796              0.0930405725686       0.0944617900197      0.439592567886
--------------------  ------------------------------------------  ------------------------------------  ----------------------------------------  ---------------------------  --------------------  -------------------  ---------------------------
			Fold 1 	MAE: 0.019866 		RMSE: 0.035684
					Worst prediction: 0.600, should be 0.087.
					Mean prediction: 0.093, mean real: 0.093
					Std prediction: 0.059, std real: 0.069
					# real is zero: 1308
number of new elements 0. El in test: 114. in train: 114 n: 800000
Using random_forest
--------------------  ------------------------------------------  ------------------------------------  ----------------------------------------  ---------------------------  --------------------  -------------------  ---------------------------
task_events_priority  task_events_resource_request_for_CPU_cores  task_events_resource_request_for_RAM  task_events_different-machine_constraint  job_events_scheduling_class  job_events_user_name  job_events_job_name  job_events_job_name_logical
0.0496945016553       0.129370861151                              0.182000772599                        0.00390234289134                          0.0146355137622              0.0886476668603       0.101390292732       0.430358048349
--------------------  ------------------------------------------  ------------------------------------  ----------------------------------------  ---------------------------  --------------------  -------------------  ---------------------------
			Fold 2 	MAE: 0.019842 		RMSE: 0.035430
					Worst prediction: 0.341, should be 0.008.
					Mean prediction: 0.093, mean real: 0.093
					Std prediction: 0.059, std real: 0.069
					# real is zero: 1282
number of new elements 0. El in test: 114. in train: 114 n: 800000
Using random_forest
--------------------  ------------------------------------------  ------------------------------------  ----------------------------------------  ---------------------------  --------------------  -------------------  ---------------------------
task_events_priority  task_events_resource_request_for_CPU_cores  task_events_resource_request_for_RAM  task_events_different-machine_constraint  job_events_scheduling_class  job_events_user_name  job_events_job_name  job_events_job_name_logical
0.0409231461632       0.141481651139                              0.177876081883                        0.00284529249331                          0.0196110615646              0.0765967773864       0.0855337910466      0.455132198324
--------------------  ------------------------------------------  ------------------------------------  ----------------------------------------  ---------------------------  --------------------  -------------------  ---------------------------
			Fold 3 	MAE: 0.019969 		RMSE: 0.036812
					Worst prediction: 0.599, should be 0.122.
					Mean prediction: 0.093, mean real: 0.093
					Std prediction: 0.060, std real: 0.070
					# real is zero: 1346
number of new elements 0. El in test: 114. in train: 114 n: 800000
Using random_forest
--------------------  ------------------------------------------  ------------------------------------  ----------------------------------------  ---------------------------  --------------------  -------------------  ---------------------------
task_events_priority  task_events_resource_request_for_CPU_cores  task_events_resource_request_for_RAM  task_events_different-machine_constraint  job_events_scheduling_class  job_events_user_name  job_events_job_name  job_events_job_name_logical
0.0512487584315       0.136120678649                              0.175585588883                        0.00418224800712                          0.0170934048704              0.0739854963693       0.0906186815249      0.451165143264
--------------------  ------------------------------------------  ------------------------------------  ----------------------------------------  ---------------------------  --------------------  -------------------  ---------------------------
			Fold 4 	MAE: 0.019956 		RMSE: 0.035532
					Worst prediction: 0.599, should be 0.105.
					Mean prediction: 0.093, mean real: 0.093
					Std prediction: 0.059, std real: 0.069
					# real is zero: 1325
number of new elements 0. El in test: 114. in train: 114 n: 800000
Using random_forest
--------------------  ------------------------------------------  ------------------------------------  ----------------------------------------  ---------------------------  --------------------  -------------------  ---------------------------
task_events_priority  task_events_resource_request_for_CPU_cores  task_events_resource_request_for_RAM  task_events_different-machine_constraint  job_events_scheduling_class  job_events_user_name  job_events_job_name  job_events_job_name_logical
0.0430273605572       0.143949857157                              0.166866577067                        0.00404101877717                          0.0188027667932              0.0780759132962       0.0948680599398      0.450368446413
--------------------  ------------------------------------------  ------------------------------------  ----------------------------------------  ---------------------------  --------------------  -------------------  ---------------------------
			Fold 5 	MAE: 0.019853 		RMSE: 0.035968
					Worst prediction: 0.597, should be 0.112.
					Mean prediction: 0.092, mean real: 0.092
					Std prediction: 0.059, std real: 0.069
					# real is zero: 1305
number of new elements 0. El in test: 114. in train: 114 n: 800000
Using random_forest
--------------------  ------------------------------------------  ------------------------------------  ----------------------------------------  ---------------------------  --------------------  -------------------  ---------------------------
task_events_priority  task_events_resource_request_for_CPU_cores  task_events_resource_request_for_RAM  task_events_different-machine_constraint  job_events_scheduling_class  job_events_user_name  job_events_job_name  job_events_job_name_logical
0.0484214272379       0.11624103016                               0.184319924875                        0.00477370832142                          0.0174728738585              0.0788919396001       0.0865736236809      0.463305472266
--------------------  ------------------------------------------  ------------------------------------  ----------------------------------------  ---------------------------  --------------------  -------------------  ---------------------------
			Fold 6 	MAE: 0.019749 		RMSE: 0.035320
					Worst prediction: 0.342, should be 0.033.
					Mean prediction: 0.093, mean real: 0.092
					Std prediction: 0.059, std real: 0.069
					# real is zero: 1386
number of new elements 0. El in test: 114. in train: 114 n: 800000
Using random_forest
--------------------  ------------------------------------------  ------------------------------------  ----------------------------------------  ---------------------------  --------------------  -------------------  ---------------------------
task_events_priority  task_events_resource_request_for_CPU_cores  task_events_resource_request_for_RAM  task_events_different-machine_constraint  job_events_scheduling_class  job_events_user_name  job_events_job_name  job_events_job_name_logical
0.0467431260987       0.157932831876                              0.17453138443                         0.00395269514604                          0.022863757968               0.0941556365001       0.102897444157       0.396923123824
--------------------  ------------------------------------------  ------------------------------------  ----------------------------------------  ---------------------------  --------------------  -------------------  ---------------------------
			Fold 7 	MAE: 0.019843 		RMSE: 0.035993
					Worst prediction: 0.598, should be 0.082.
					Mean prediction: 0.093, mean real: 0.094
					Std prediction: 0.060, std real: 0.070
					# real is zero: 1331
number of new elements 0. El in test: 114. in train: 114 n: 800000
Using random_forest
--------------------  ------------------------------------------  ------------------------------------  ----------------------------------------  ---------------------------  --------------------  -------------------  ---------------------------
task_events_priority  task_events_resource_request_for_CPU_cores  task_events_resource_request_for_RAM  task_events_different-machine_constraint  job_events_scheduling_class  job_events_user_name  job_events_job_name  job_events_job_name_logical
0.0608978115685       0.138272367631                              0.187248324993                        0.00485920753687                          0.0221853306618              0.102200421536        0.104883283161       0.379453252912
--------------------  ------------------------------------------  ------------------------------------  ----------------------------------------  ---------------------------  --------------------  -------------------  ---------------------------
			Fold 8 	MAE: 0.019845 		RMSE: 0.036092
					Worst prediction: 0.600, should be 0.105.
					Mean prediction: 0.093, mean real: 0.093
					Std prediction: 0.059, std real: 0.069
					# real is zero: 1345
number of new elements 0. El in test: 114. in train: 114 n: 800000
Using random_forest
--------------------  ------------------------------------------  ------------------------------------  ----------------------------------------  ---------------------------  --------------------  -------------------  ---------------------------
task_events_priority  task_events_resource_request_for_CPU_cores  task_events_resource_request_for_RAM  task_events_different-machine_constraint  job_events_scheduling_class  job_events_user_name  job_events_job_name  job_events_job_name_logical
0.0422777325741       0.145172974084                              0.180889125161                        0.00443089147305                          0.01788636559                0.0885576403111       0.0924815351861      0.428303735621
--------------------  ------------------------------------------  ------------------------------------  ----------------------------------------  ---------------------------  --------------------  -------------------  ---------------------------
			Fold 9 	MAE: 0.019810 		RMSE: 0.035477
					Worst prediction: 0.597, should be 0.285.
					Mean prediction: 0.093, mean real: 0.093
					Std prediction: 0.060, std real: 0.069
					# real is zero: 1367
	Done (383.9 s).
Total error on 10 fold cross-validation: MAE: 0.019857		 RMSE: 0.035817
