	Retrieving X and t... 
		start_time (s) min-max: (600, 251145)
		end_time (s) min-max: (647, 251400)
		average durage (s): 298.5
	Done (47.2 s).
	Preprocessing...
		0/1000000 killed tasks deleted
		0/1000000 tasks with value higer than 1.000000 deleted
		66035/1000000 cpu values increased from 0 to 0.000625
		66035/1000000 ram values increased from 0 to 0.000933
		4 columns deleted from X, containing task_usage info
	Done (2.4 s).
	Training random_forest... On 10 folds
number of new elements 0. El in test: 123. in train: 123 n: 1000000
Using random_forest
--------------------  ------------------------------------------  ------------------------------------  ----------------------------------------  ---------------------------  --------------------  -------------------  ---------------------------
task_events_priority  task_events_resource_request_for_CPU_cores  task_events_resource_request_for_RAM  task_events_different-machine_constraint  job_events_scheduling_class  job_events_user_name  job_events_job_name  job_events_job_name_logical
0.0598640407726       0.0902248883475                             0.196887300349                        0.058210787872                            0.0572346912821              0.22309175106         0.107069528114       0.207417012202
--------------------  ------------------------------------------  ------------------------------------  ----------------------------------------  ---------------------------  --------------------  -------------------  ---------------------------
			Fold 0 	MAE: 0.000645 		RMSE: 0.002030
					Worst prediction: 0.119, should be 0.004.
					Mean prediction: 0.025, mean real: 0.025
					Std prediction: 0.026, std real: 0.026
					# real is zero: 8959
number of new elements 0. El in test: 123. in train: 123 n: 1000000
Using random_forest
--------------------  ------------------------------------------  ------------------------------------  ----------------------------------------  ---------------------------  --------------------  -------------------  ---------------------------
task_events_priority  task_events_resource_request_for_CPU_cores  task_events_resource_request_for_RAM  task_events_different-machine_constraint  job_events_scheduling_class  job_events_user_name  job_events_job_name  job_events_job_name_logical
0.0514014283574       0.0954257470287                             0.190640972243                        0.0664719882304                           0.0706094544759              0.211359799985        0.109724949185       0.204365660495
--------------------  ------------------------------------------  ------------------------------------  ----------------------------------------  ---------------------------  --------------------  -------------------  ---------------------------
			Fold 1 	MAE: 0.000643 		RMSE: 0.002008
					Worst prediction: 0.087, should be 0.000.
					Mean prediction: 0.025, mean real: 0.025
					Std prediction: 0.026, std real: 0.026
					# real is zero: 9005
number of new elements 0. El in test: 123. in train: 123 n: 1000000
Using random_forest
--------------------  ------------------------------------------  ------------------------------------  ----------------------------------------  ---------------------------  --------------------  -------------------  ---------------------------
task_events_priority  task_events_resource_request_for_CPU_cores  task_events_resource_request_for_RAM  task_events_different-machine_constraint  job_events_scheduling_class  job_events_user_name  job_events_job_name  job_events_job_name_logical
0.0447802435158       0.0736870824984                             0.19674131741                         0.0642812490747                           0.0517346984657              0.217210300181        0.124878843822       0.226686265031
--------------------  ------------------------------------------  ------------------------------------  ----------------------------------------  ---------------------------  --------------------  -------------------  ---------------------------
			Fold 2 	MAE: 0.000642 		RMSE: 0.001981
					Worst prediction: 0.087, should be 0.000.
					Mean prediction: 0.025, mean real: 0.025
					Std prediction: 0.026, std real: 0.026
					# real is zero: 8957
number of new elements 0. El in test: 123. in train: 123 n: 1000000
Using random_forest
--------------------  ------------------------------------------  ------------------------------------  ----------------------------------------  ---------------------------  --------------------  -------------------  ---------------------------
task_events_priority  task_events_resource_request_for_CPU_cores  task_events_resource_request_for_RAM  task_events_different-machine_constraint  job_events_scheduling_class  job_events_user_name  job_events_job_name  job_events_job_name_logical
0.0582809424464       0.0802257348649                             0.213065792176                        0.0586579327858                           0.0507585530164              0.225220898192        0.108327366554       0.205462779964
--------------------  ------------------------------------------  ------------------------------------  ----------------------------------------  ---------------------------  --------------------  -------------------  ---------------------------
			Fold 3 	MAE: 0.000644 		RMSE: 0.001969
					Worst prediction: 0.087, should be 0.000.
					Mean prediction: 0.024, mean real: 0.024
					Std prediction: 0.026, std real: 0.026
					# real is zero: 9125
number of new elements 0. El in test: 123. in train: 123 n: 1000000
Using random_forest
--------------------  ------------------------------------------  ------------------------------------  ----------------------------------------  ---------------------------  --------------------  -------------------  ---------------------------
task_events_priority  task_events_resource_request_for_CPU_cores  task_events_resource_request_for_RAM  task_events_different-machine_constraint  job_events_scheduling_class  job_events_user_name  job_events_job_name  job_events_job_name_logical
0.0493463334386       0.112824987995                              0.171466604509                        0.0692953667986                           0.0523180413315              0.233587818177        0.10610491068        0.20505593707
--------------------  ------------------------------------------  ------------------------------------  ----------------------------------------  ---------------------------  --------------------  -------------------  ---------------------------
			Fold 4 	MAE: 0.000634 		RMSE: 0.001978
					Worst prediction: 0.087, should be 0.000.
					Mean prediction: 0.025, mean real: 0.025
					Std prediction: 0.026, std real: 0.026
					# real is zero: 9169
number of new elements 0. El in test: 123. in train: 123 n: 1000000
Using random_forest
--------------------  ------------------------------------------  ------------------------------------  ----------------------------------------  ---------------------------  --------------------  -------------------  ---------------------------
task_events_priority  task_events_resource_request_for_CPU_cores  task_events_resource_request_for_RAM  task_events_different-machine_constraint  job_events_scheduling_class  job_events_user_name  job_events_job_name  job_events_job_name_logical
0.0559023490859       0.106762850244                              0.19206479525                         0.0408927177908                           0.0513541480689              0.216390070101        0.112927840929       0.223705228531
--------------------  ------------------------------------------  ------------------------------------  ----------------------------------------  ---------------------------  --------------------  -------------------  ---------------------------
			Fold 5 	MAE: 0.000646 		RMSE: 0.002006
					Worst prediction: 0.087, should be 0.000.
					Mean prediction: 0.025, mean real: 0.025
					Std prediction: 0.026, std real: 0.026
					# real is zero: 8991
number of new elements 0. El in test: 123. in train: 123 n: 1000000
Using random_forest
--------------------  ------------------------------------------  ------------------------------------  ----------------------------------------  ---------------------------  --------------------  -------------------  ---------------------------
task_events_priority  task_events_resource_request_for_CPU_cores  task_events_resource_request_for_RAM  task_events_different-machine_constraint  job_events_scheduling_class  job_events_user_name  job_events_job_name  job_events_job_name_logical
0.0593675308362       0.0766928088607                             0.205049364542                        0.0559579703923                           0.051517257461               0.228867098436        0.104018457078       0.218529512393
--------------------  ------------------------------------------  ------------------------------------  ----------------------------------------  ---------------------------  --------------------  -------------------  ---------------------------
			Fold 6 	MAE: 0.000650 		RMSE: 0.002091
					Worst prediction: 0.119, should be 0.008.
					Mean prediction: 0.025, mean real: 0.025
					Std prediction: 0.026, std real: 0.026
					# real is zero: 9032
number of new elements 0. El in test: 123. in train: 123 n: 1000000
Using random_forest
--------------------  ------------------------------------------  ------------------------------------  ----------------------------------------  ---------------------------  --------------------  -------------------  ---------------------------
task_events_priority  task_events_resource_request_for_CPU_cores  task_events_resource_request_for_RAM  task_events_different-machine_constraint  job_events_scheduling_class  job_events_user_name  job_events_job_name  job_events_job_name_logical
0.0564715177997       0.0973878601207                             0.210409442566                        0.048237910668                            0.0519643423132              0.204728589786        0.102800688908       0.227999647839
--------------------  ------------------------------------------  ------------------------------------  ----------------------------------------  ---------------------------  --------------------  -------------------  ---------------------------
			Fold 7 	MAE: 0.000640 		RMSE: 0.002037
					Worst prediction: 0.119, should be 0.005.
					Mean prediction: 0.025, mean real: 0.025
					Std prediction: 0.026, std real: 0.026
					# real is zero: 9086
number of new elements 0. El in test: 123. in train: 123 n: 1000000
Using random_forest
--------------------  ------------------------------------------  ------------------------------------  ----------------------------------------  ---------------------------  --------------------  -------------------  ---------------------------
task_events_priority  task_events_resource_request_for_CPU_cores  task_events_resource_request_for_RAM  task_events_different-machine_constraint  job_events_scheduling_class  job_events_user_name  job_events_job_name  job_events_job_name_logical
0.0653145293517       0.100509573655                              0.202166748729                        0.0404772534184                           0.0571949684939              0.245426239012        0.111538340956       0.177372346383
--------------------  ------------------------------------------  ------------------------------------  ----------------------------------------  ---------------------------  --------------------  -------------------  ---------------------------
			Fold 8 	MAE: 0.000641 		RMSE: 0.001948
					Worst prediction: 0.087, should be 0.000.
					Mean prediction: 0.025, mean real: 0.025
					Std prediction: 0.026, std real: 0.026
					# real is zero: 8981
number of new elements 0. El in test: 123. in train: 123 n: 1000000
Using random_forest
--------------------  ------------------------------------------  ------------------------------------  ----------------------------------------  ---------------------------  --------------------  -------------------  ---------------------------
task_events_priority  task_events_resource_request_for_CPU_cores  task_events_resource_request_for_RAM  task_events_different-machine_constraint  job_events_scheduling_class  job_events_user_name  job_events_job_name  job_events_job_name_logical
0.0529291852711       0.0797527094745                             0.205203398639                        0.0681315182739                           0.0538707159611              0.225541846175        0.109268598913       0.205302027292
--------------------  ------------------------------------------  ------------------------------------  ----------------------------------------  ---------------------------  --------------------  -------------------  ---------------------------
			Fold 9 	MAE: 0.000651 		RMSE: 0.002055
					Worst prediction: 0.087, should be 0.000.
					Mean prediction: 0.025, mean real: 0.025
					Std prediction: 0.026, std real: 0.026
					# real is zero: 9087
	Done (339.7 s).
Total error on 10 fold cross-validation: MAE: 0.000644		 RMSE: 0.002011
