MAE avgs                                      100000       200000       400000       600000       800000      1000000
---------------------------------------  -----------  -----------  -----------  -----------  -----------  -----------
RAMcomparisonrandom_forest               0.000299055  0.000342308  0.000412216  0.000425149  0.000651737  0.000643667
RAMcomparisonbaseline_average_overJobid  0.00029806   0.000341924  0.000413794  0.000499404  0.000827791  0.000791152
RAMcomparisonbaseline_users_limit        0.0568753    0.0728311    0.0478649    0.0396162    0.0339636    0.0303571

MAE stds                                      100000       200000       400000       600000       800000      1000000
---------------------------------------  -----------  -----------  -----------  -----------  -----------  -----------
RAMcomparisonrandom_forest               1.26723e-05  5.3816e-06   5.39417e-06  2.51359e-06  5.37094e-06  5.87933e-06
RAMcomparisonbaseline_average_overJobid  1.20332e-05  7.93242e-06  4.63553e-06  4.72936e-06  5.03429e-06  6.94478e-06
RAMcomparisonbaseline_users_limit        0.000298526  0.00028606   0.000210161  0.000139592  0.000103108  0.000107925

RMSE avgs                                    100000      200000      400000      600000      800000     1000000
---------------------------------------  ----------  ----------  ----------  ----------  ----------  ----------
RAMcomparisonrandom_forest               0.00150204  0.00114698  0.00109745  0.00102013  0.00204732  0.00201019
RAMcomparisonbaseline_average_overJobid  0.0015207   0.00112822  0.00109254  0.00171666  0.00284255  0.00269542
RAMcomparisonbaseline_users_limit        0.0675264   0.0788772   0.0621661   0.0554435   0.0498138   0.0452141

RMSE stds                                     100000       200000       400000       600000       800000      1000000
---------------------------------------  -----------  -----------  -----------  -----------  -----------  -----------
RAMcomparisonrandom_forest               0.000415519  0.000208903  0.0001094    0.000100945  4.90964e-05  6.08332e-05
RAMcomparisonbaseline_average_overJobid  0.000339586  0.000294021  0.000158     5.75373e-05  4.12708e-05  3.87484e-05
RAMcomparisonbaseline_users_limit        0.000222792  0.000185294  0.000159166  9.45644e-05  0.000109983  0.000127909

