	Retrieving X and t... 	Done (9.3 s).
	Preprocessing...
		456/1000000 tasks with value higer than 1.000000 deleted
		0 columns deleted from X, containing task_usage info
	Done (0.4 s).
	Training random_forest... On 10 folds
number of new elements 0. El in test: 120. in train: 120 n: 1000000
Using random_forest
----------------------  ---------------------------
task_events_machine_ID  job_events_job_name_logical
0.0901789353447         0.909821064655
----------------------  ---------------------------
			Fold 0 	MAE: 0.019052 		RMSE: 0.034507
					Worst prediction: 0.600, should be 0.087.
					Mean prediction: 0.092, mean real: 0.092
					Std prediction: 0.065, std real: 0.073
					# real is zero: 9106
number of new elements 0. El in test: 120. in train: 120 n: 1000000
Using random_forest
----------------------  ---------------------------
task_events_machine_ID  job_events_job_name_logical
0.0883476659935         0.911652334006
----------------------  ---------------------------
			Fold 1 	MAE: 0.019144 		RMSE: 0.035255
					Worst prediction: 0.597, should be 0.082.
					Mean prediction: 0.092, mean real: 0.092
					Std prediction: 0.064, std real: 0.073
					# real is zero: 9049
number of new elements 0. El in test: 120. in train: 120 n: 1000000
Using random_forest
----------------------  ---------------------------
task_events_machine_ID  job_events_job_name_logical
0.0929639864426         0.907036013557
----------------------  ---------------------------
			Fold 2 	MAE: 0.018990 		RMSE: 0.034207
					Worst prediction: 0.341, should be 0.036.
					Mean prediction: 0.092, mean real: 0.092
					Std prediction: 0.064, std real: 0.073
					# real is zero: 9138
number of new elements 0. El in test: 120. in train: 120 n: 1000000
Using random_forest
----------------------  ---------------------------
task_events_machine_ID  job_events_job_name_logical
0.0837703337669         0.916229666233
----------------------  ---------------------------
			Fold 3 	MAE: 0.019005 		RMSE: 0.034395
					Worst prediction: 0.599, should be 0.105.
					Mean prediction: 0.092, mean real: 0.092
					Std prediction: 0.064, std real: 0.073
					# real is zero: 9044
number of new elements 0. El in test: 120. in train: 120 n: 1000000
Using random_forest
----------------------  ---------------------------
task_events_machine_ID  job_events_job_name_logical
0.0880928463631         0.911907153637
----------------------  ---------------------------
			Fold 4 	MAE: 0.019031 		RMSE: 0.034144
					Worst prediction: 0.598, should be 0.156.
					Mean prediction: 0.092, mean real: 0.092
					Std prediction: 0.064, std real: 0.073
					# real is zero: 9195
number of new elements 0. El in test: 120. in train: 120 n: 1000000
Using random_forest
----------------------  ---------------------------
task_events_machine_ID  job_events_job_name_logical
0.0865651835389         0.913434816461
----------------------  ---------------------------
			Fold 5 	MAE: 0.019132 		RMSE: 0.034591
					Worst prediction: 0.598, should be 0.112.
					Mean prediction: 0.092, mean real: 0.092
					Std prediction: 0.064, std real: 0.073
					# real is zero: 8996
number of new elements 0. El in test: 120. in train: 120 n: 1000000
Using random_forest
----------------------  ---------------------------
task_events_machine_ID  job_events_job_name_logical
0.0859982979093         0.914001702091
----------------------  ---------------------------
			Fold 6 	MAE: 0.019140 		RMSE: 0.035479
					Worst prediction: 0.342, should be 0.008.
					Mean prediction: 0.092, mean real: 0.092
					Std prediction: 0.064, std real: 0.073
					# real is zero: 9090
number of new elements 0. El in test: 120. in train: 120 n: 1000000
Using random_forest
----------------------  ---------------------------
task_events_machine_ID  job_events_job_name_logical
0.0818206275663         0.918179372434
----------------------  ---------------------------
			Fold 7 	MAE: 0.019072 		RMSE: 0.035250
					Worst prediction: 0.599, should be 0.129.
					Mean prediction: 0.092, mean real: 0.092
					Std prediction: 0.064, std real: 0.073
					# real is zero: 9025
number of new elements 0. El in test: 120. in train: 120 n: 1000000
Using random_forest
----------------------  ---------------------------
task_events_machine_ID  job_events_job_name_logical
0.0888861203783         0.911113879622
----------------------  ---------------------------
			Fold 8 	MAE: 0.019020 		RMSE: 0.034992
					Worst prediction: 0.596, should be 0.185.
					Mean prediction: 0.092, mean real: 0.092
					Std prediction: 0.064, std real: 0.073
					# real is zero: 8968
number of new elements 0. El in test: 120. in train: 120 n: 1000000
Using random_forest
----------------------  ---------------------------
task_events_machine_ID  job_events_job_name_logical
0.0822423031718         0.917757696828
----------------------  ---------------------------
			Fold 9 	MAE: 0.019145 		RMSE: 0.034825
					Worst prediction: 0.597, should be 0.155.
					Mean prediction: 0.092, mean real: 0.092
					Std prediction: 0.065, std real: 0.074
					# real is zero: 8985
	Done (867.6 s).
Total error on 10 fold cross-validation: MAE: 0.019073		 RMSE: 0.034765
