	Retrieving X and t... 
		start_time (s) min-max: (600, 251100)
		end_time (s) min-max: (900, 251400)
		average durage (s): 299.7
	Done (12.8 s).
	Preprocessing...
		0/400000 killed tasks deleted
		202/400000 tasks with value higer than 1.000000 deleted
		65164/399798 cpu values increased from 0 to 0.015620
		65164/399798 ram values increased from 0 to 0.003109
		0/4797576 nan-elements in X
		4 columns deleted from X, containing task_usage info
	Done (7.8 s).
	Training random_forest... On 10 folds
Using random_forest
--------------------  ------------------------------------------  ------------------------------------  ----------------------------------------  ---------------------------  --------------------  -------------------  ---------------------------
task_events_priority  task_events_resource_request_for_CPU_cores  task_events_resource_request_for_RAM  task_events_different-machine_constraint  job_events_scheduling_class  job_events_user_name  job_events_job_name  job_events_job_name_logical
0.0256037755321       0.074036911169                              0.260519257327                        0.0156579008739                           0.00957780954664             0.167606677405        0.217493559534       0.229504108613
--------------------  ------------------------------------------  ------------------------------------  ----------------------------------------  ---------------------------  --------------------  -------------------  ---------------------------
			Fold 0 	MAE: 0.015693 		RMSE: 0.029788
					Worst prediction: 0.134, should be 0.030.
					Mean prediction: 0.082, mean real: 0.082
					Std prediction: 0.037, std real: 0.048
					# real is zero: 14
Using random_forest
--------------------  ------------------------------------------  ------------------------------------  ----------------------------------------  ---------------------------  --------------------  -------------------  ---------------------------
task_events_priority  task_events_resource_request_for_CPU_cores  task_events_resource_request_for_RAM  task_events_different-machine_constraint  job_events_scheduling_class  job_events_user_name  job_events_job_name  job_events_job_name_logical
0.0288598662945       0.0742182357258                             0.223991424481                        0.0214316170884                           0.0101587469422              0.199138418905        0.199771800701       0.242429889862
--------------------  ------------------------------------------  ------------------------------------  ----------------------------------------  ---------------------------  --------------------  -------------------  ---------------------------
			Fold 1 	MAE: 0.015757 		RMSE: 0.030117
					Worst prediction: 0.099, should be 0.007.
					Mean prediction: 0.082, mean real: 0.082
					Std prediction: 0.037, std real: 0.048
					# real is zero: 18
Using random_forest
--------------------  ------------------------------------------  ------------------------------------  ----------------------------------------  ---------------------------  --------------------  -------------------  ---------------------------
task_events_priority  task_events_resource_request_for_CPU_cores  task_events_resource_request_for_RAM  task_events_different-machine_constraint  job_events_scheduling_class  job_events_user_name  job_events_job_name  job_events_job_name_logical
0.0299770632305       0.0785323895295                             0.228686482951                        0.0177832363476                           0.00917622118837             0.183477451179        0.203086858169       0.249280297405
--------------------  ------------------------------------------  ------------------------------------  ----------------------------------------  ---------------------------  --------------------  -------------------  ---------------------------
			Fold 2 	MAE: 0.016078 		RMSE: 0.030327
					Worst prediction: 0.081, should be 0.000.
					Mean prediction: 0.082, mean real: 0.082
					Std prediction: 0.037, std real: 0.048
					# real is zero: 20
Using random_forest
--------------------  ------------------------------------------  ------------------------------------  ----------------------------------------  ---------------------------  --------------------  -------------------  ---------------------------
task_events_priority  task_events_resource_request_for_CPU_cores  task_events_resource_request_for_RAM  task_events_different-machine_constraint  job_events_scheduling_class  job_events_user_name  job_events_job_name  job_events_job_name_logical
0.0180991721332       0.06675023426                               0.225029136008                        0.0249202320936                           0.0114206099364              0.171642036324        0.210947468598       0.271191110647
--------------------  ------------------------------------------  ------------------------------------  ----------------------------------------  ---------------------------  --------------------  -------------------  ---------------------------
			Fold 3 	MAE: 0.015736 		RMSE: 0.029735
					Worst prediction: 0.134, should be 0.039.
					Mean prediction: 0.082, mean real: 0.081
					Std prediction: 0.037, std real: 0.048
					# real is zero: 26
Using random_forest
--------------------  ------------------------------------------  ------------------------------------  ----------------------------------------  ---------------------------  --------------------  -------------------  ---------------------------
task_events_priority  task_events_resource_request_for_CPU_cores  task_events_resource_request_for_RAM  task_events_different-machine_constraint  job_events_scheduling_class  job_events_user_name  job_events_job_name  job_events_job_name_logical
0.0270145436749       0.0561282276856                             0.22864970547                         0.0290239515677                           0.0137188131209              0.193221681505        0.231438703155       0.220804373821
--------------------  ------------------------------------------  ------------------------------------  ----------------------------------------  ---------------------------  --------------------  -------------------  ---------------------------
			Fold 4 	MAE: 0.015837 		RMSE: 0.030853
					Worst prediction: 0.099, should be 0.016.
					Mean prediction: 0.082, mean real: 0.082
					Std prediction: 0.038, std real: 0.049
					# real is zero: 14
Using random_forest
--------------------  ------------------------------------------  ------------------------------------  ----------------------------------------  ---------------------------  --------------------  -------------------  ---------------------------
task_events_priority  task_events_resource_request_for_CPU_cores  task_events_resource_request_for_RAM  task_events_different-machine_constraint  job_events_scheduling_class  job_events_user_name  job_events_job_name  job_events_job_name_logical
0.0252832824613       0.0665579528731                             0.250783856165                        0.0205660207244                           0.0145708428085              0.193003848559        0.195141936521       0.234092259887
--------------------  ------------------------------------------  ------------------------------------  ----------------------------------------  ---------------------------  --------------------  -------------------  ---------------------------
			Fold 5 	MAE: 0.015938 		RMSE: 0.031280
					Worst prediction: 0.081, should be 0.000.
					Mean prediction: 0.082, mean real: 0.082
					Std prediction: 0.037, std real: 0.049
					# real is zero: 19
Using random_forest
--------------------  ------------------------------------------  ------------------------------------  ----------------------------------------  ---------------------------  --------------------  -------------------  ---------------------------
task_events_priority  task_events_resource_request_for_CPU_cores  task_events_resource_request_for_RAM  task_events_different-machine_constraint  job_events_scheduling_class  job_events_user_name  job_events_job_name  job_events_job_name_logical
0.0226487124083       0.0680838253017                             0.244530219005                        0.0239341581313                           0.010088030424               0.208617319983        0.214309048508       0.207788686239
--------------------  ------------------------------------------  ------------------------------------  ----------------------------------------  ---------------------------  --------------------  -------------------  ---------------------------
			Fold 6 	MAE: 0.016144 		RMSE: 0.031630
					Worst prediction: 0.098, should be 0.009.
					Mean prediction: 0.082, mean real: 0.082
					Std prediction: 0.037, std real: 0.049
					# real is zero: 18
Using random_forest
--------------------  ------------------------------------------  ------------------------------------  ----------------------------------------  ---------------------------  --------------------  -------------------  ---------------------------
task_events_priority  task_events_resource_request_for_CPU_cores  task_events_resource_request_for_RAM  task_events_different-machine_constraint  job_events_scheduling_class  job_events_user_name  job_events_job_name  job_events_job_name_logical
0.025305941205        0.0693311141215                             0.239950843513                        0.0187266489588                           0.0115077856732              0.224252292215        0.190679180189       0.220246194126
--------------------  ------------------------------------------  ------------------------------------  ----------------------------------------  ---------------------------  --------------------  -------------------  ---------------------------
			Fold 7 	MAE: 0.015835 		RMSE: 0.030053
					Worst prediction: 0.099, should be 0.004.
					Mean prediction: 0.082, mean real: 0.082
					Std prediction: 0.038, std real: 0.048
					# real is zero: 17
Using random_forest
--------------------  ------------------------------------------  ------------------------------------  ----------------------------------------  ---------------------------  --------------------  -------------------  ---------------------------
task_events_priority  task_events_resource_request_for_CPU_cores  task_events_resource_request_for_RAM  task_events_different-machine_constraint  job_events_scheduling_class  job_events_user_name  job_events_job_name  job_events_job_name_logical
0.0269237922789       0.0741046828095                             0.231609358895                        0.0159145856626                           0.0108706414398              0.199896259872        0.201124119954       0.239556559088
--------------------  ------------------------------------------  ------------------------------------  ----------------------------------------  ---------------------------  --------------------  -------------------  ---------------------------
			Fold 8 	MAE: 0.015644 		RMSE: 0.028110
					Worst prediction: 0.117, should be 0.000.
					Mean prediction: 0.082, mean real: 0.082
					Std prediction: 0.037, std real: 0.047
					# real is zero: 14
Using random_forest
--------------------  ------------------------------------------  ------------------------------------  ----------------------------------------  ---------------------------  --------------------  -------------------  ---------------------------
task_events_priority  task_events_resource_request_for_CPU_cores  task_events_resource_request_for_RAM  task_events_different-machine_constraint  job_events_scheduling_class  job_events_user_name  job_events_job_name  job_events_job_name_logical
0.027580630819        0.0827671061695                             0.201909020766                        0.0228219924112                           0.0098190711103              0.211740134709        0.208986717386       0.234375326629
--------------------  ------------------------------------------  ------------------------------------  ----------------------------------------  ---------------------------  --------------------  -------------------  ---------------------------
			Fold 9 	MAE: 0.015966 		RMSE: 0.030584
					Worst prediction: 0.117, should be 0.000.
					Mean prediction: 0.082, mean real: 0.082
					Std prediction: 0.037, std real: 0.048
					# real is zero: 16
	Done (112.6 s).
Total error on 10 fold cross-validation: MAE: 0.015863		 RMSE: 0.030248
