	Retrieving X and t... 
		start_time (s) min-max: (600, 251145)
		end_time (s) min-max: (647, 251400)
		average durage (s): 298.5
	Done (38.4 s).
	Preprocessing...
		0/1000000 killed tasks deleted
		456/1000000 tasks with value higer than 1.000000 deleted
		66000/999544 cpu values increased from 0 to 0.000625
		66000/999544 ram values increased from 0 to 0.000933
		4 columns deleted from X, containing task_usage info
	Done (3.3 s).
	Training random_forest... On 10 folds
Using random_forest
--------------------  ------------------------------------------  ------------------------------------  ----------------------------------------  ---------------------------  --------------------  -------------------  ---------------------------  -------------------
task_events_priority  task_events_resource_request_for_CPU_cores  task_events_resource_request_for_RAM  task_events_different-machine_constraint  job_events_scheduling_class  job_events_user_name  job_events_job_name  job_events_job_name_logical  moving_average_n=10
0.0631691492565       0.0502719617003                             0.131967402841                        0.000407919677071                         0.0128290519501              0.0519902190749       0.078282090882       0.0395993909459              0.571482813672
--------------------  ------------------------------------------  ------------------------------------  ----------------------------------------  ---------------------------  --------------------  -------------------  ---------------------------  -------------------
			Fold 0 	MAE: 0.020052 		RMSE: 0.037337
					Worst prediction: 0.587, should be 0.094.
					Mean prediction: 0.092, mean real: 0.092
					Std prediction: 0.068, std real: 0.073
					# real is zero: 9000
Using random_forest
--------------------  ------------------------------------------  ------------------------------------  ----------------------------------------  ---------------------------  --------------------  -------------------  ---------------------------  -------------------
task_events_priority  task_events_resource_request_for_CPU_cores  task_events_resource_request_for_RAM  task_events_different-machine_constraint  job_events_scheduling_class  job_events_user_name  job_events_job_name  job_events_job_name_logical  moving_average_n=10
0.0739194337565       0.0406725595943                             0.160887620879                        0.000357852138377                         0.0040391899755              0.0444664087265       0.0574443548366      0.022608198135               0.595604381958
--------------------  ------------------------------------------  ------------------------------------  ----------------------------------------  ---------------------------  --------------------  -------------------  ---------------------------  -------------------
			Fold 1 	MAE: 0.019972 		RMSE: 0.036818
					Worst prediction: 0.620, should be 0.116.
					Mean prediction: 0.092, mean real: 0.092
					Std prediction: 0.068, std real: 0.073
					# real is zero: 9072
Using random_forest
--------------------  ------------------------------------------  ------------------------------------  ----------------------------------------  ---------------------------  --------------------  -------------------  ---------------------------  -------------------
task_events_priority  task_events_resource_request_for_CPU_cores  task_events_resource_request_for_RAM  task_events_different-machine_constraint  job_events_scheduling_class  job_events_user_name  job_events_job_name  job_events_job_name_logical  moving_average_n=10
0.0760639341191       0.0369301134415                             0.164546861326                        0.00126859908376                          0.00813577738099             0.0495393516879       0.0770915301912      0.0216913826297              0.564732450139
--------------------  ------------------------------------------  ------------------------------------  ----------------------------------------  ---------------------------  --------------------  -------------------  ---------------------------  -------------------
			Fold 2 	MAE: 0.020111 		RMSE: 0.037437
					Worst prediction: 0.634, should be 0.126.
					Mean prediction: 0.092, mean real: 0.092
					Std prediction: 0.068, std real: 0.073
					# real is zero: 8892
Using random_forest
--------------------  ------------------------------------------  ------------------------------------  ----------------------------------------  ---------------------------  --------------------  -------------------  ---------------------------  -------------------
task_events_priority  task_events_resource_request_for_CPU_cores  task_events_resource_request_for_RAM  task_events_different-machine_constraint  job_events_scheduling_class  job_events_user_name  job_events_job_name  job_events_job_name_logical  moving_average_n=10
0.0678588183767       0.0484263201589                             0.115935598306                        0.000836119300889                         0.0153273327929              0.0448781194471       0.0711474540784      0.0286764845203              0.606913753018
--------------------  ------------------------------------------  ------------------------------------  ----------------------------------------  ---------------------------  --------------------  -------------------  ---------------------------  -------------------
			Fold 3 	MAE: 0.019767 		RMSE: 0.036731
					Worst prediction: 0.666, should be 0.105.
					Mean prediction: 0.091, mean real: 0.092
					Std prediction: 0.068, std real: 0.073
					# real is zero: 9234
Using random_forest
--------------------  ------------------------------------------  ------------------------------------  ----------------------------------------  ---------------------------  --------------------  -------------------  ---------------------------  -------------------
task_events_priority  task_events_resource_request_for_CPU_cores  task_events_resource_request_for_RAM  task_events_different-machine_constraint  job_events_scheduling_class  job_events_user_name  job_events_job_name  job_events_job_name_logical  moving_average_n=10
0.0871056812356       0.0417682667312                             0.135594754239                        0.000570534649811                         0.00931380283437             0.0442619047468       0.0620951221582      0.0240527983499              0.595237135055
--------------------  ------------------------------------------  ------------------------------------  ----------------------------------------  ---------------------------  --------------------  -------------------  ---------------------------  -------------------
			Fold 4 	MAE: 0.019929 		RMSE: 0.036878
					Worst prediction: 0.604, should be 0.151.
					Mean prediction: 0.092, mean real: 0.092
					Std prediction: 0.068, std real: 0.074
					# real is zero: 9201
Using random_forest
--------------------  ------------------------------------------  ------------------------------------  ----------------------------------------  ---------------------------  --------------------  -------------------  ---------------------------  -------------------
task_events_priority  task_events_resource_request_for_CPU_cores  task_events_resource_request_for_RAM  task_events_different-machine_constraint  job_events_scheduling_class  job_events_user_name  job_events_job_name  job_events_job_name_logical  moving_average_n=10
0.0723541541467       0.0428871587561                             0.149414225023                        0.00108788488983                          0.013266097322               0.039536083539        0.0684479289345      0.0313826642769              0.581623803112
--------------------  ------------------------------------------  ------------------------------------  ----------------------------------------  ---------------------------  --------------------  -------------------  ---------------------------  -------------------
			Fold 5 	MAE: 0.019922 		RMSE: 0.036199
					Worst prediction: 0.630, should be 0.089.
					Mean prediction: 0.092, mean real: 0.092
					Std prediction: 0.068, std real: 0.073
					# real is zero: 9145
Using random_forest
--------------------  ------------------------------------------  ------------------------------------  ----------------------------------------  ---------------------------  --------------------  -------------------  ---------------------------  -------------------
task_events_priority  task_events_resource_request_for_CPU_cores  task_events_resource_request_for_RAM  task_events_different-machine_constraint  job_events_scheduling_class  job_events_user_name  job_events_job_name  job_events_job_name_logical  moving_average_n=10
0.0651733741947       0.0411706568323                             0.135899905846                        0.000611162035389                         0.00858838764837             0.0367763352637       0.0675362324869      0.0202003687554              0.624043576937
--------------------  ------------------------------------------  ------------------------------------  ----------------------------------------  ---------------------------  --------------------  -------------------  ---------------------------  -------------------
			Fold 6 	MAE: 0.019878 		RMSE: 0.036608
					Worst prediction: 0.546, should be 0.076.
					Mean prediction: 0.092, mean real: 0.092
					Std prediction: 0.068, std real: 0.073
					# real is zero: 9008
Using random_forest
--------------------  ------------------------------------------  ------------------------------------  ----------------------------------------  ---------------------------  --------------------  -------------------  ---------------------------  -------------------
task_events_priority  task_events_resource_request_for_CPU_cores  task_events_resource_request_for_RAM  task_events_different-machine_constraint  job_events_scheduling_class  job_events_user_name  job_events_job_name  job_events_job_name_logical  moving_average_n=10
0.0740109156547       0.0385417642586                             0.145433574191                        0.00102475650629                          0.00958057108609             0.0410563083898       0.0695730819868      0.0238580222473              0.596921005679
--------------------  ------------------------------------------  ------------------------------------  ----------------------------------------  ---------------------------  --------------------  -------------------  ---------------------------  -------------------
			Fold 7 	MAE: 0.019882 		RMSE: 0.036657
					Worst prediction: 0.709, should be 0.122.
					Mean prediction: 0.092, mean real: 0.092
					Std prediction: 0.068, std real: 0.073
					# real is zero: 8998
Using random_forest
--------------------  ------------------------------------------  ------------------------------------  ----------------------------------------  ---------------------------  --------------------  -------------------  ---------------------------  -------------------
task_events_priority  task_events_resource_request_for_CPU_cores  task_events_resource_request_for_RAM  task_events_different-machine_constraint  job_events_scheduling_class  job_events_user_name  job_events_job_name  job_events_job_name_logical  moving_average_n=10
0.0874337615029       0.0401036390285                             0.144459673412                        0.000367509737656                         0.0119036701478              0.0464088835799       0.0684258319985      0.0266695467996              0.574227483794
--------------------  ------------------------------------------  ------------------------------------  ----------------------------------------  ---------------------------  --------------------  -------------------  ---------------------------  -------------------
			Fold 8 	MAE: 0.019920 		RMSE: 0.036579
					Worst prediction: 0.558, should be 0.071.
					Mean prediction: 0.092, mean real: 0.092
					Std prediction: 0.068, std real: 0.073
					# real is zero: 8995
Using random_forest
--------------------  ------------------------------------------  ------------------------------------  ----------------------------------------  ---------------------------  --------------------  -------------------  ---------------------------  -------------------
task_events_priority  task_events_resource_request_for_CPU_cores  task_events_resource_request_for_RAM  task_events_different-machine_constraint  job_events_scheduling_class  job_events_user_name  job_events_job_name  job_events_job_name_logical  moving_average_n=10
0.054857680145        0.0369483869906                             0.15000153366                         0.000912346434441                         0.00911210738234             0.0473429937232       0.0594230336474      0.0236426910109              0.617759227006
--------------------  ------------------------------------------  ------------------------------------  ----------------------------------------  ---------------------------  --------------------  -------------------  ---------------------------  -------------------
			Fold 9 	MAE: 0.019947 		RMSE: 0.036672
					Worst prediction: 0.643, should be 0.063.
					Mean prediction: 0.092, mean real: 0.092
					Std prediction: 0.068, std real: 0.073
					# real is zero: 9051
	Done (3121.3 s).
Total error on 10 fold cross-validation: MAE: 0.019938		 RMSE: 0.036792
