	Retrieving X and t... 	Done (1.0 s).
	Preprocessing...
		0/200000 tasks with value higer than 1.000000 deleted
		0 columns deleted from X, containing task_usage info
	Done (0.1 s).
	Training baseline_average_overJobid... On 10 folds
Using baseline_average_overJobid
			Fold 0 	MAE: 0.000342 		RMSE: 0.001180
					Worst prediction: 0.079, should be 0.004.
					Mean prediction: 0.039, mean real: 0.039
					Std prediction: 0.038, std real: 0.038
					# real is zero: 0
Using baseline_average_overJobid
			Fold 1 	MAE: 0.000335 		RMSE: 0.000915
					Worst prediction: 0.078, should be 0.004.
					Mean prediction: 0.039, mean real: 0.039
					Std prediction: 0.038, std real: 0.038
					# real is zero: 1
Using baseline_average_overJobid
			Fold 2 	MAE: 0.000347 		RMSE: 0.001429
					Worst prediction: 0.119, should be 0.004.
					Mean prediction: 0.039, mean real: 0.039
					Std prediction: 0.038, std real: 0.038
					# real is zero: 1
Using baseline_average_overJobid
			Fold 3 	MAE: 0.000330 		RMSE: 0.000717
					Worst prediction: 0.078, should be 0.007.
					Mean prediction: 0.039, mean real: 0.039
					Std prediction: 0.038, std real: 0.038
					# real is zero: 0
Using baseline_average_overJobid
			Fold 4 	MAE: 0.000345 		RMSE: 0.001326
					Worst prediction: 0.119, should be 0.005.
					Mean prediction: 0.039, mean real: 0.039
					Std prediction: 0.038, std real: 0.038
					# real is zero: 2
Using baseline_average_overJobid
			Fold 5 	MAE: 0.000336 		RMSE: 0.000932
					Worst prediction: 0.087, should be 0.010.
					Mean prediction: 0.039, mean real: 0.039
					Std prediction: 0.038, std real: 0.038
					# real is zero: 2
Using baseline_average_overJobid
			Fold 6 	MAE: 0.000332 		RMSE: 0.000636
					Worst prediction: 0.081, should be 0.032.
					Mean prediction: 0.039, mean real: 0.039
					Std prediction: 0.038, std real: 0.038
					# real is zero: 1
Using baseline_average_overJobid
			Fold 7 	MAE: 0.000348 		RMSE: 0.001275
					Worst prediction: 0.087, should be 0.006.
					Mean prediction: 0.039, mean real: 0.039
					Std prediction: 0.038, std real: 0.038
					# real is zero: 2
Using baseline_average_overJobid
			Fold 8 	MAE: 0.000348 		RMSE: 0.001324
					Worst prediction: 0.087, should be 0.008.
					Mean prediction: 0.039, mean real: 0.039
					Std prediction: 0.038, std real: 0.038
					# real is zero: 0
Using baseline_average_overJobid
			Fold 9 	MAE: 0.000356 		RMSE: 0.001548
					Worst prediction: 0.119, should be 0.008.
					Mean prediction: 0.039, mean real: 0.039
					Std prediction: 0.038, std real: 0.038
					# real is zero: 3
	Done (14.3 s).
Total error on 10 fold cross-validation: MAE: 0.000342		 RMSE: 0.001128
