	Retrieving X and t... 
		start_time (s) min-max: (600, 251100)
		end_time (s) min-max: (900, 251400)
		average durage (s): 299.7
	Done (13.9 s).
	Preprocessing...
		0/400000 killed tasks deleted
		202/400000 tasks with value higer than 1.000000 deleted
		65164/399798 cpu values increased from 0 to 0.015620
		65164/399798 ram values increased from 0 to 0.003109
		4 columns deleted from X, containing task_usage info
	Done (1.3 s).
	Training random_forest... On 10 folds
Using random_forest
--------------------  ------------------------------------------  ------------------------------------  ----------------------------------------  ---------------------------  --------------------  -------------------  ---------------------------  -------------------
task_events_priority  task_events_resource_request_for_CPU_cores  task_events_resource_request_for_RAM  task_events_different-machine_constraint  job_events_scheduling_class  job_events_user_name  job_events_job_name  job_events_job_name_logical  moving_average_n=10
0.0066870143509       0.0205608426914                             0.106449718646                        0.00473295824478                          0.00153933980333             0.0933495109855       0.0364512530839      0.0685862282593              0.661643133935
--------------------  ------------------------------------------  ------------------------------------  ----------------------------------------  ---------------------------  --------------------  -------------------  ---------------------------  -------------------
			Fold 0 	MAE: 0.016974 		RMSE: 0.032057
					Worst prediction: 0.689, should be 0.089.
					Mean prediction: 0.081, mean real: 0.081
					Std prediction: 0.042, std real: 0.047
					# real is zero: 20
Using random_forest
--------------------  ------------------------------------------  ------------------------------------  ----------------------------------------  ---------------------------  --------------------  -------------------  ---------------------------  -------------------
task_events_priority  task_events_resource_request_for_CPU_cores  task_events_resource_request_for_RAM  task_events_different-machine_constraint  job_events_scheduling_class  job_events_user_name  job_events_job_name  job_events_job_name_logical  moving_average_n=10
0.00958867611784      0.0162320877098                             0.116312897808                        0.00411420498174                          0.00183854464488             0.0826156848952       0.0495651313586      0.0645530330786              0.655179739406
--------------------  ------------------------------------------  ------------------------------------  ----------------------------------------  ---------------------------  --------------------  -------------------  ---------------------------  -------------------
			Fold 1 	MAE: 0.016827 		RMSE: 0.032328
					Worst prediction: 0.546, should be 0.122.
					Mean prediction: 0.082, mean real: 0.082
					Std prediction: 0.041, std real: 0.048
					# real is zero: 14
Using random_forest
--------------------  ------------------------------------------  ------------------------------------  ----------------------------------------  ---------------------------  --------------------  -------------------  ---------------------------  -------------------
task_events_priority  task_events_resource_request_for_CPU_cores  task_events_resource_request_for_RAM  task_events_different-machine_constraint  job_events_scheduling_class  job_events_user_name  job_events_job_name  job_events_job_name_logical  moving_average_n=10
0.00737551223992      0.0194231233109                             0.131446433193                        0.0041039116466                           0.00226895669709             0.0855553455431       0.0549734632964      0.06752243492                0.627330819153
--------------------  ------------------------------------------  ------------------------------------  ----------------------------------------  ---------------------------  --------------------  -------------------  ---------------------------  -------------------
			Fold 2 	MAE: 0.017016 		RMSE: 0.033415
					Worst prediction: 0.635, should be 0.101.
					Mean prediction: 0.082, mean real: 0.082
					Std prediction: 0.042, std real: 0.048
					# real is zero: 19
Using random_forest
--------------------  ------------------------------------------  ------------------------------------  ----------------------------------------  ---------------------------  --------------------  -------------------  ---------------------------  -------------------
task_events_priority  task_events_resource_request_for_CPU_cores  task_events_resource_request_for_RAM  task_events_different-machine_constraint  job_events_scheduling_class  job_events_user_name  job_events_job_name  job_events_job_name_logical  moving_average_n=10
0.00576137252585      0.0188286147526                             0.137971104973                        0.00336815033967                          0.00138767480346             0.114334713222        0.0596170816228      0.0815587158375              0.577172571924
--------------------  ------------------------------------------  ------------------------------------  ----------------------------------------  ---------------------------  --------------------  -------------------  ---------------------------  -------------------
			Fold 3 	MAE: 0.017100 		RMSE: 0.034314
					Worst prediction: 0.657, should be 0.128.
					Mean prediction: 0.082, mean real: 0.082
					Std prediction: 0.042, std real: 0.049
					# real is zero: 18
Using random_forest
--------------------  ------------------------------------------  ------------------------------------  ----------------------------------------  ---------------------------  --------------------  -------------------  ---------------------------  -------------------
task_events_priority  task_events_resource_request_for_CPU_cores  task_events_resource_request_for_RAM  task_events_different-machine_constraint  job_events_scheduling_class  job_events_user_name  job_events_job_name  job_events_job_name_logical  moving_average_n=10
0.00587207657174      0.0311474553836                             0.105882931783                        0.00129707933032                          0.00197668748959             0.0963544841374       0.0474043939316      0.0781199953275              0.631944896045
--------------------  ------------------------------------------  ------------------------------------  ----------------------------------------  ---------------------------  --------------------  -------------------  ---------------------------  -------------------
			Fold 4 	MAE: 0.016928 		RMSE: 0.033410
					Worst prediction: 0.632, should be 0.116.
					Mean prediction: 0.082, mean real: 0.082
					Std prediction: 0.041, std real: 0.048
					# real is zero: 20
Using random_forest
--------------------  ------------------------------------------  ------------------------------------  ----------------------------------------  ---------------------------  --------------------  -------------------  ---------------------------  -------------------
task_events_priority  task_events_resource_request_for_CPU_cores  task_events_resource_request_for_RAM  task_events_different-machine_constraint  job_events_scheduling_class  job_events_user_name  job_events_job_name  job_events_job_name_logical  moving_average_n=10
0.00729048324128      0.0180614540017                             0.132053530997                        0.00379160411931                          0.00138895312773             0.117258393615        0.0540463334686      0.0530791369121              0.613030110517
--------------------  ------------------------------------------  ------------------------------------  ----------------------------------------  ---------------------------  --------------------  -------------------  ---------------------------  -------------------
			Fold 5 	MAE: 0.016945 		RMSE: 0.033324
					Worst prediction: 0.628, should be 0.086.
					Mean prediction: 0.082, mean real: 0.082
					Std prediction: 0.042, std real: 0.048
					# real is zero: 20
Using random_forest
--------------------  ------------------------------------------  ------------------------------------  ----------------------------------------  ---------------------------  --------------------  -------------------  ---------------------------  -------------------
task_events_priority  task_events_resource_request_for_CPU_cores  task_events_resource_request_for_RAM  task_events_different-machine_constraint  job_events_scheduling_class  job_events_user_name  job_events_job_name  job_events_job_name_logical  moving_average_n=10
0.00533790542041      0.020365482783                              0.126783718234                        0.00467762592279                          0.00198247584501             0.0725622103456       0.0662198515418      0.0705765160378              0.63149421387
--------------------  ------------------------------------------  ------------------------------------  ----------------------------------------  ---------------------------  --------------------  -------------------  ---------------------------  -------------------
			Fold 6 	MAE: 0.016876 		RMSE: 0.032128
					Worst prediction: 0.575, should be 0.141.
					Mean prediction: 0.082, mean real: 0.082
					Std prediction: 0.042, std real: 0.047
					# real is zero: 14
Using random_forest
--------------------  ------------------------------------------  ------------------------------------  ----------------------------------------  ---------------------------  --------------------  -------------------  ---------------------------  -------------------
task_events_priority  task_events_resource_request_for_CPU_cores  task_events_resource_request_for_RAM  task_events_different-machine_constraint  job_events_scheduling_class  job_events_user_name  job_events_job_name  job_events_job_name_logical  moving_average_n=10
0.00458987631087      0.0167171983113                             0.125238431346                        0.00362951175291                          0.00245534629678             0.0773438478601       0.0500173432409      0.0844281184806              0.6355803264
--------------------  ------------------------------------------  ------------------------------------  ----------------------------------------  ---------------------------  --------------------  -------------------  ---------------------------  -------------------
			Fold 7 	MAE: 0.016887 		RMSE: 0.032605
					Worst prediction: 0.636, should be 0.122.
					Mean prediction: 0.082, mean real: 0.081
					Std prediction: 0.042, std real: 0.048
					# real is zero: 13
Using random_forest
--------------------  ------------------------------------------  ------------------------------------  ----------------------------------------  ---------------------------  --------------------  -------------------  ---------------------------  -------------------
task_events_priority  task_events_resource_request_for_CPU_cores  task_events_resource_request_for_RAM  task_events_different-machine_constraint  job_events_scheduling_class  job_events_user_name  job_events_job_name  job_events_job_name_logical  moving_average_n=10
0.00589509244048      0.0178266485138                             0.13176281458                         0.00428871190694                          0.00211165824944             0.0696645333666       0.0465686662815      0.0871364680482              0.634745406613
--------------------  ------------------------------------------  ------------------------------------  ----------------------------------------  ---------------------------  --------------------  -------------------  ---------------------------  -------------------
			Fold 8 	MAE: 0.017093 		RMSE: 0.033764
					Worst prediction: 0.652, should be 0.126.
					Mean prediction: 0.082, mean real: 0.082
					Std prediction: 0.041, std real: 0.049
					# real is zero: 20
Using random_forest
--------------------  ------------------------------------------  ------------------------------------  ----------------------------------------  ---------------------------  --------------------  -------------------  ---------------------------  -------------------
task_events_priority  task_events_resource_request_for_CPU_cores  task_events_resource_request_for_RAM  task_events_different-machine_constraint  job_events_scheduling_class  job_events_user_name  job_events_job_name  job_events_job_name_logical  moving_average_n=10
0.00667028292193      0.0190881860408                             0.12134400113                         0.00363996123297                          0.0019868310643              0.0949196672652       0.0500685111356      0.0735696869711              0.628712872239
--------------------  ------------------------------------------  ------------------------------------  ----------------------------------------  ---------------------------  --------------------  -------------------  ---------------------------  -------------------
			Fold 9 	MAE: 0.016929 		RMSE: 0.032751
					Worst prediction: 0.548, should be 0.107.
					Mean prediction: 0.082, mean real: 0.082
					Std prediction: 0.041, std real: 0.048
					# real is zero: 18
	Done (1299.9 s).
Total error on 10 fold cross-validation: MAE: 0.016957		 RMSE: 0.033010
