	Retrieving X and t... 	Done (0.7 s).
	Preprocessing...
		147/200000 tasks with value higer than 1.000000 deleted
		57646/199853 cpu values increased from 0 to 0.031250
		0 columns deleted from X, containing task_usage info
	Done (0.1 s).
	Training baseline_users_limit... On 10 folds
Using baseline_users_limit
			Fold 0 	MAE: 0.052563 		RMSE: 0.065996
					Worst prediction: 0.188, should be 0.001.
					Mean prediction: 0.058, mean real: 0.087
					Std prediction: 0.029, std real: 0.052
					# real is zero: 2
Using baseline_users_limit
			Fold 1 	MAE: 0.052703 		RMSE: 0.066759
					Worst prediction: 0.188, should be 0.001.
					Mean prediction: 0.058, mean real: 0.086
					Std prediction: 0.029, std real: 0.053
					# real is zero: 2
Using baseline_users_limit
			Fold 2 	MAE: 0.052832 		RMSE: 0.067521
					Worst prediction: 0.188, should be 0.001.
					Mean prediction: 0.058, mean real: 0.086
					Std prediction: 0.029, std real: 0.054
					# real is zero: 5
Using baseline_users_limit
			Fold 3 	MAE: 0.052103 		RMSE: 0.064139
					Worst prediction: 0.188, should be 0.001.
					Mean prediction: 0.058, mean real: 0.086
					Std prediction: 0.029, std real: 0.050
					# real is zero: 2
Using baseline_users_limit
			Fold 4 	MAE: 0.052986 		RMSE: 0.067510
					Worst prediction: 0.188, should be 0.001.
					Mean prediction: 0.058, mean real: 0.087
					Std prediction: 0.029, std real: 0.054
					# real is zero: 3
Using baseline_users_limit
			Fold 5 	MAE: 0.052645 		RMSE: 0.066793
					Worst prediction: 0.188, should be 0.001.
					Mean prediction: 0.058, mean real: 0.086
					Std prediction: 0.029, std real: 0.053
					# real is zero: 5
Using baseline_users_limit
			Fold 6 	MAE: 0.053069 		RMSE: 0.067488
					Worst prediction: 0.188, should be 0.000.
					Mean prediction: 0.058, mean real: 0.087
					Std prediction: 0.029, std real: 0.054
					# real is zero: 0
Using baseline_users_limit
			Fold 7 	MAE: 0.052462 		RMSE: 0.066285
					Worst prediction: 0.188, should be 0.000.
					Mean prediction: 0.058, mean real: 0.086
					Std prediction: 0.029, std real: 0.053
					# real is zero: 1
Using baseline_users_limit
			Fold 8 	MAE: 0.052335 		RMSE: 0.065098
					Worst prediction: 0.188, should be 0.001.
					Mean prediction: 0.058, mean real: 0.087
					Std prediction: 0.029, std real: 0.051
					# real is zero: 0
Using baseline_users_limit
			Fold 9 	MAE: 0.052456 		RMSE: 0.065792
					Worst prediction: 0.188, should be 0.001.
					Mean prediction: 0.058, mean real: 0.086
					Std prediction: 0.029, std real: 0.053
					# real is zero: 1
	Done (16.6 s).
Total error on 10 fold cross-validation: MAE: 0.052615		 RMSE: 0.066338
