	Retrieving X and t... 
		start_time (s) min-max: (600, 251100)
		end_time (s) min-max: (900, 251400)
		average durage (s): 299.9
	Done (6.4 s).
	Preprocessing...
		0/200000 killed tasks deleted
		147/200000 tasks with value higer than 1.000000 deleted
		57646/199853 cpu values increased from 0 to 0.031250
		57646/199853 ram values increased from 0 to 0.003109
		4 columns deleted from X, containing task_usage info
	Done (0.6 s).
	Training random_forest... On 10 folds
Using random_forest
--------------------  ------------------------------------------  ------------------------------------  ----------------------------------------  ---------------------------  --------------------  -------------------  ---------------------------
task_events_priority  task_events_resource_request_for_CPU_cores  task_events_resource_request_for_RAM  task_events_different-machine_constraint  job_events_scheduling_class  job_events_user_name  job_events_job_name  job_events_job_name_logical
0.00373947221779      0.0791937324454                             0.210042592748                        0.0282898338828                           0.00698735894542             0.227848678698        0.234942636889       0.208955694174
--------------------  ------------------------------------------  ------------------------------------  ----------------------------------------  ---------------------------  --------------------  -------------------  ---------------------------
			Fold 0 	MAE: 0.014897 		RMSE: 0.032682
					Worst prediction: 0.134, should be 0.030.
					Mean prediction: 0.087, mean real: 0.087
					Std prediction: 0.042, std real: 0.054
					# real is zero: 3
Using random_forest
--------------------  ------------------------------------------  ------------------------------------  ----------------------------------------  ---------------------------  --------------------  -------------------  ---------------------------
task_events_priority  task_events_resource_request_for_CPU_cores  task_events_resource_request_for_RAM  task_events_different-machine_constraint  job_events_scheduling_class  job_events_user_name  job_events_job_name  job_events_job_name_logical
0.00448241476078      0.0891071829606                             0.225193450902                        0.0281174797082                           0.00426485548221             0.220295213817        0.232993886711       0.195545515658
--------------------  ------------------------------------------  ------------------------------------  ----------------------------------------  ---------------------------  --------------------  -------------------  ---------------------------
			Fold 1 	MAE: 0.014890 		RMSE: 0.031995
					Worst prediction: 0.099, should be 0.025.
					Mean prediction: 0.086, mean real: 0.086
					Std prediction: 0.043, std real: 0.053
					# real is zero: 2
Using random_forest
--------------------  ------------------------------------------  ------------------------------------  ----------------------------------------  ---------------------------  --------------------  -------------------  ---------------------------
task_events_priority  task_events_resource_request_for_CPU_cores  task_events_resource_request_for_RAM  task_events_different-machine_constraint  job_events_scheduling_class  job_events_user_name  job_events_job_name  job_events_job_name_logical
0.0046066474293       0.0843385218289                             0.215633729485                        0.0206925668618                           0.00515005131329             0.2493853376          0.204730156714       0.215462988767
--------------------  ------------------------------------------  ------------------------------------  ----------------------------------------  ---------------------------  --------------------  -------------------  ---------------------------
			Fold 2 	MAE: 0.014750 		RMSE: 0.031735
					Worst prediction: 0.081, should be 0.011.
					Mean prediction: 0.086, mean real: 0.086
					Std prediction: 0.043, std real: 0.053
					# real is zero: 1
Using random_forest
--------------------  ------------------------------------------  ------------------------------------  ----------------------------------------  ---------------------------  --------------------  -------------------  ---------------------------
task_events_priority  task_events_resource_request_for_CPU_cores  task_events_resource_request_for_RAM  task_events_different-machine_constraint  job_events_scheduling_class  job_events_user_name  job_events_job_name  job_events_job_name_logical
0.00485159088424      0.0730901408819                             0.247027820101                        0.0221106480731                           0.00697573821116             0.182301305879        0.255223955141       0.208418800828
--------------------  ------------------------------------------  ------------------------------------  ----------------------------------------  ---------------------------  --------------------  -------------------  ---------------------------
			Fold 3 	MAE: 0.014388 		RMSE: 0.028009
					Worst prediction: 0.134, should be 0.039.
					Mean prediction: 0.086, mean real: 0.086
					Std prediction: 0.043, std real: 0.051
					# real is zero: 6
Using random_forest
--------------------  ------------------------------------------  ------------------------------------  ----------------------------------------  ---------------------------  --------------------  -------------------  ---------------------------
task_events_priority  task_events_resource_request_for_CPU_cores  task_events_resource_request_for_RAM  task_events_different-machine_constraint  job_events_scheduling_class  job_events_user_name  job_events_job_name  job_events_job_name_logical
0.00487607273855      0.0707965232893                             0.19174077085                         0.0398620000802                           0.00567936936108             0.236110571744        0.252382485659       0.198552206278
--------------------  ------------------------------------------  ------------------------------------  ----------------------------------------  ---------------------------  --------------------  -------------------  ---------------------------
			Fold 4 	MAE: 0.014290 		RMSE: 0.027244
					Worst prediction: 0.118, should be 0.000.
					Mean prediction: 0.086, mean real: 0.086
					Std prediction: 0.043, std real: 0.051
					# real is zero: 3
Using random_forest
--------------------  ------------------------------------------  ------------------------------------  ----------------------------------------  ---------------------------  --------------------  -------------------  ---------------------------
task_events_priority  task_events_resource_request_for_CPU_cores  task_events_resource_request_for_RAM  task_events_different-machine_constraint  job_events_scheduling_class  job_events_user_name  job_events_job_name  job_events_job_name_logical
0.00528737888083      0.0975788473167                             0.198542950814                        0.0347747586771                           0.00538184741094             0.192723357836        0.227564357178       0.238146501886
--------------------  ------------------------------------------  ------------------------------------  ----------------------------------------  ---------------------------  --------------------  -------------------  ---------------------------
			Fold 5 	MAE: 0.014571 		RMSE: 0.030096
					Worst prediction: 0.081, should be 0.011.
					Mean prediction: 0.087, mean real: 0.086
					Std prediction: 0.042, std real: 0.052
					# real is zero: 1
Using random_forest
--------------------  ------------------------------------------  ------------------------------------  ----------------------------------------  ---------------------------  --------------------  -------------------  ---------------------------
task_events_priority  task_events_resource_request_for_CPU_cores  task_events_resource_request_for_RAM  task_events_different-machine_constraint  job_events_scheduling_class  job_events_user_name  job_events_job_name  job_events_job_name_logical
0.00386867593         0.0729016545744                             0.224163080753                        0.0344510874257                           0.00693722055606             0.206376407986        0.217721432227       0.233580440548
--------------------  ------------------------------------------  ------------------------------------  ----------------------------------------  ---------------------------  --------------------  -------------------  ---------------------------
			Fold 6 	MAE: 0.014844 		RMSE: 0.032080
					Worst prediction: 0.099, should be 0.005.
					Mean prediction: 0.086, mean real: 0.087
					Std prediction: 0.042, std real: 0.053
					# real is zero: 1
Using random_forest
--------------------  ------------------------------------------  ------------------------------------  ----------------------------------------  ---------------------------  --------------------  -------------------  ---------------------------
task_events_priority  task_events_resource_request_for_CPU_cores  task_events_resource_request_for_RAM  task_events_different-machine_constraint  job_events_scheduling_class  job_events_user_name  job_events_job_name  job_events_job_name_logical
0.00594315404905      0.0872902580921                             0.251367066021                        0.0308579075649                           0.00663799262185             0.206184047835        0.224926123266       0.18679345055
--------------------  ------------------------------------------  ------------------------------------  ----------------------------------------  ---------------------------  --------------------  -------------------  ---------------------------
			Fold 7 	MAE: 0.014525 		RMSE: 0.029954
					Worst prediction: 0.099, should be 0.004.
					Mean prediction: 0.087, mean real: 0.087
					Std prediction: 0.043, std real: 0.052
					# real is zero: 1
Using random_forest
--------------------  ------------------------------------------  ------------------------------------  ----------------------------------------  ---------------------------  --------------------  -------------------  ---------------------------
task_events_priority  task_events_resource_request_for_CPU_cores  task_events_resource_request_for_RAM  task_events_different-machine_constraint  job_events_scheduling_class  job_events_user_name  job_events_job_name  job_events_job_name_logical
0.00466602553386      0.113591798453                              0.212932843567                        0.0172782199258                           0.00700311694871             0.19110108832         0.231729847805       0.221697059447
--------------------  ------------------------------------------  ------------------------------------  ----------------------------------------  ---------------------------  --------------------  -------------------  ---------------------------
			Fold 8 	MAE: 0.014869 		RMSE: 0.032808
					Worst prediction: 0.118, should be 0.000.
					Mean prediction: 0.086, mean real: 0.086
					Std prediction: 0.043, std real: 0.054
					# real is zero: 2
Using random_forest
--------------------  ------------------------------------------  ------------------------------------  ----------------------------------------  ---------------------------  --------------------  -------------------  ---------------------------
task_events_priority  task_events_resource_request_for_CPU_cores  task_events_resource_request_for_RAM  task_events_different-machine_constraint  job_events_scheduling_class  job_events_user_name  job_events_job_name  job_events_job_name_logical
0.00424236144228      0.0874871198139                             0.230610740135                        0.032171630651                            0.0051529001402              0.239938790943        0.186954115876       0.213442340999
--------------------  ------------------------------------------  ------------------------------------  ----------------------------------------  ---------------------------  --------------------  -------------------  ---------------------------
			Fold 9 	MAE: 0.014905 		RMSE: 0.034801
					Worst prediction: 0.081, should be 0.012.
					Mean prediction: 0.086, mean real: 0.086
					Std prediction: 0.043, std real: 0.055
					# real is zero: 1
	Done (56.3 s).
Total error on 10 fold cross-validation: MAE: 0.014693		 RMSE: 0.031140
