	Retrieving X and t... 	Done (3.1 s).
	Preprocessing...
		202/400000 tasks with value higer than 1.000000 deleted
		0 columns deleted from X, containing task_usage info
	Done (0.2 s).
	Training random_forest... On 10 folds
number of new elements 0. El in test: 53. in train: 53 n: 400000
Using random_forest
----------------------  ---------------------------
task_events_machine_ID  job_events_job_name_logical
0.0512405611934         0.948759438807
----------------------  ---------------------------
			Fold 0 	MAE: 0.015289 		RMSE: 0.030717
					Worst prediction: 0.104, should be 0.007.
					Mean prediction: 0.082, mean real: 0.082
					Std prediction: 0.038, std real: 0.049
					# real is zero: 18
number of new elements 0. El in test: 53. in train: 53 n: 400000
Using random_forest
----------------------  ---------------------------
task_events_machine_ID  job_events_job_name_logical
0.0495051535795         0.950494846421
----------------------  ---------------------------
			Fold 1 	MAE: 0.015365 		RMSE: 0.030234
					Worst prediction: 0.134, should be 0.039.
					Mean prediction: 0.081, mean real: 0.082
					Std prediction: 0.038, std real: 0.049
					# real is zero: 19
number of new elements 0. El in test: 53. in train: 53 n: 400000
Using random_forest
----------------------  ---------------------------
task_events_machine_ID  job_events_job_name_logical
0.048833507383          0.951166492617
----------------------  ---------------------------
			Fold 2 	MAE: 0.014952 		RMSE: 0.028834
					Worst prediction: 0.115, should be 0.000.
					Mean prediction: 0.082, mean real: 0.082
					Std prediction: 0.038, std real: 0.048
					# real is zero: 20
number of new elements 0. El in test: 53. in train: 53 n: 400000
Using random_forest
----------------------  ---------------------------
task_events_machine_ID  job_events_job_name_logical
0.0452584513639         0.954741548636
----------------------  ---------------------------
			Fold 3 	MAE: 0.015324 		RMSE: 0.030255
					Worst prediction: 0.105, should be 0.004.
					Mean prediction: 0.082, mean real: 0.082
					Std prediction: 0.038, std real: 0.048
					# real is zero: 16
number of new elements 0. El in test: 53. in train: 53 n: 400000
Using random_forest
----------------------  ---------------------------
task_events_machine_ID  job_events_job_name_logical
0.0484428780075         0.951557121993
----------------------  ---------------------------
			Fold 4 	MAE: 0.015232 		RMSE: 0.030814
					Worst prediction: 0.134, should be 0.030.
					Mean prediction: 0.082, mean real: 0.082
					Std prediction: 0.038, std real: 0.049
					# real is zero: 13
number of new elements 0. El in test: 53. in train: 53 n: 400000
Using random_forest
----------------------  ---------------------------
task_events_machine_ID  job_events_job_name_logical
0.0506724667253         0.949327533275
----------------------  ---------------------------
			Fold 5 	MAE: 0.015188 		RMSE: 0.029005
					Worst prediction: 0.091, should be 0.000.
					Mean prediction: 0.082, mean real: 0.082
					Std prediction: 0.038, std real: 0.048
					# real is zero: 19
number of new elements 0. El in test: 53. in train: 53 n: 400000
Using random_forest
----------------------  ---------------------------
task_events_machine_ID  job_events_job_name_logical
0.0463212058279         0.953678794172
----------------------  ---------------------------
			Fold 6 	MAE: 0.015086 		RMSE: 0.028394
					Worst prediction: 0.084, should be 0.000.
					Mean prediction: 0.082, mean real: 0.082
					Std prediction: 0.038, std real: 0.047
					# real is zero: 22
number of new elements 0. El in test: 53. in train: 53 n: 400000
Using random_forest
----------------------  ---------------------------
task_events_machine_ID  job_events_job_name_logical
0.0455545230846         0.954445476915
----------------------  ---------------------------
			Fold 7 	MAE: 0.015145 		RMSE: 0.028563
					Worst prediction: 0.085, should be 0.000.
					Mean prediction: 0.082, mean real: 0.082
					Std prediction: 0.038, std real: 0.047
					# real is zero: 10
number of new elements 0. El in test: 53. in train: 53 n: 400000
Using random_forest
----------------------  ---------------------------
task_events_machine_ID  job_events_job_name_logical
0.0490737244506         0.950926275549
----------------------  ---------------------------
			Fold 8 	MAE: 0.015313 		RMSE: 0.030720
					Worst prediction: 0.103, should be 0.009.
					Mean prediction: 0.082, mean real: 0.082
					Std prediction: 0.038, std real: 0.049
					# real is zero: 21
number of new elements 0. El in test: 53. in train: 53 n: 400000
Using random_forest
----------------------  ---------------------------
task_events_machine_ID  job_events_job_name_logical
0.0504891632694         0.949510836731
----------------------  ---------------------------
			Fold 9 	MAE: 0.015253 		RMSE: 0.029182
					Worst prediction: 0.104, should be 0.005.
					Mean prediction: 0.082, mean real: 0.081
					Std prediction: 0.038, std real: 0.048
					# real is zero: 18
	Done (273.2 s).
Total error on 10 fold cross-validation: MAE: 0.015215		 RMSE: 0.029672
