	Retrieving X and t... 	Done (5.6 s).
	Preprocessing...
		456/1000000 tasks with value higer than 1.000000 deleted
		0 columns deleted from X, containing task_usage info
	Done (0.4 s).
	Training random_forest... On 10 folds
number of new elements 0. El in test: 120. in train: 120 n: 1000000
Using random_forest
---------------------------
job_events_job_name_logical
1.0
---------------------------
			Fold 0 	MAE: 0.021001 		RMSE: 0.037663
					Worst prediction: 0.595, should be 0.112.
					Mean prediction: 0.092, mean real: 0.092
					Std prediction: 0.063, std real: 0.074
					# real is zero: 9022
number of new elements 0. El in test: 120. in train: 120 n: 1000000
Using random_forest
---------------------------
job_events_job_name_logical
1.0
---------------------------
			Fold 1 	MAE: 0.020847 		RMSE: 0.037337
					Worst prediction: 0.599, should be 0.087.
					Mean prediction: 0.092, mean real: 0.092
					Std prediction: 0.063, std real: 0.073
					# real is zero: 9080
number of new elements 0. El in test: 120. in train: 120 n: 1000000
Using random_forest
---------------------------
job_events_job_name_logical
1.0
---------------------------
			Fold 2 	MAE: 0.020780 		RMSE: 0.037276
					Worst prediction: 0.598, should be 0.155.
					Mean prediction: 0.092, mean real: 0.092
					Std prediction: 0.063, std real: 0.073
					# real is zero: 8955
number of new elements 0. El in test: 120. in train: 120 n: 1000000
Using random_forest
---------------------------
job_events_job_name_logical
1.0
---------------------------
			Fold 3 	MAE: 0.020932 		RMSE: 0.038099
					Worst prediction: 0.599, should be 0.159.
					Mean prediction: 0.092, mean real: 0.092
					Std prediction: 0.063, std real: 0.073
					# real is zero: 9131
number of new elements 0. El in test: 120. in train: 120 n: 1000000
Using random_forest
---------------------------
job_events_job_name_logical
1.0
---------------------------
			Fold 4 	MAE: 0.020891 		RMSE: 0.037060
					Worst prediction: 0.600, should be 0.082.
					Mean prediction: 0.092, mean real: 0.092
					Std prediction: 0.063, std real: 0.073
					# real is zero: 9125
number of new elements 0. El in test: 120. in train: 120 n: 1000000
Using random_forest
---------------------------
job_events_job_name_logical
1.0
---------------------------
			Fold 5 	MAE: 0.020868 		RMSE: 0.037269
					Worst prediction: 0.598, should be 0.105.
					Mean prediction: 0.092, mean real: 0.092
					Std prediction: 0.063, std real: 0.073
					# real is zero: 9251
number of new elements 0. El in test: 120. in train: 120 n: 1000000
Using random_forest
---------------------------
job_events_job_name_logical
1.0
---------------------------
			Fold 6 	MAE: 0.020864 		RMSE: 0.037112
					Worst prediction: 0.596, should be 0.105.
					Mean prediction: 0.092, mean real: 0.092
					Std prediction: 0.063, std real: 0.073
					# real is zero: 8908
number of new elements 0. El in test: 120. in train: 120 n: 1000000
Using random_forest
---------------------------
job_events_job_name_logical
1.0
---------------------------
			Fold 7 	MAE: 0.021010 		RMSE: 0.037790
					Worst prediction: 0.598, should be 0.122.
					Mean prediction: 0.092, mean real: 0.092
					Std prediction: 0.062, std real: 0.073
					# real is zero: 9012
number of new elements 0. El in test: 120. in train: 120 n: 1000000
Using random_forest
---------------------------
job_events_job_name_logical
1.0
---------------------------
			Fold 8 	MAE: 0.020692 		RMSE: 0.036369
					Worst prediction: 0.340, should be 0.047.
					Mean prediction: 0.092, mean real: 0.092
					Std prediction: 0.062, std real: 0.072
					# real is zero: 9028
number of new elements 0. El in test: 120. in train: 120 n: 1000000
Using random_forest
---------------------------
job_events_job_name_logical
1.0
---------------------------
			Fold 9 	MAE: 0.020923 		RMSE: 0.038324
					Worst prediction: 0.597, should be 0.156.
					Mean prediction: 0.092, mean real: 0.092
					Std prediction: 0.063, std real: 0.074
					# real is zero: 9084
	Done (299.0 s).
Total error on 10 fold cross-validation: MAE: 0.020881		 RMSE: 0.037430
