	Retrieving X and t... 
		start_time (s) min-max: (600, 251145)
		end_time (s) min-max: (891, 251400)
		average durage (s): 298.5
	Done (10.2 s).
	Preprocessing...
		0/800000 killed tasks deleted
		405/800000 tasks with value higer than 1.000000 deleted
		Daily representation used
		1 columns deleted from X, containing task_usage info
	Done (1.0 s).
	Training random_forest... On 10 folds
Using random_forest
----------------------  ------------------
task_events_machine_ID  task_events_job_ID
0.0835871706425         0.916412829358
----------------------  ------------------
			Fold 0 	MAE: 0.018551 		RMSE: 0.033358
					Worst prediction: 0.599, should be 0.112.
					Mean prediction: 0.092, mean real: 0.092
					Std prediction: 0.061, std real: 0.069
					# real is zero: 1362
Using random_forest
----------------------  ------------------
task_events_machine_ID  task_events_job_ID
0.088154852686          0.911845147314
----------------------  ------------------
			Fold 1 	MAE: 0.018506 		RMSE: 0.033956
					Worst prediction: 0.599, should be 0.156.
					Mean prediction: 0.093, mean real: 0.093
					Std prediction: 0.061, std real: 0.069
					# real is zero: 1365
Using random_forest
----------------------  ------------------
task_events_machine_ID  task_events_job_ID
0.0856497346244         0.914350265376
----------------------  ------------------
			Fold 2 	MAE: 0.018475 		RMSE: 0.033628
					Worst prediction: 0.597, should be 0.240.
					Mean prediction: 0.093, mean real: 0.093
					Std prediction: 0.060, std real: 0.069
					# real is zero: 1369
Using random_forest
----------------------  ------------------
task_events_machine_ID  task_events_job_ID
0.0878578174961         0.912142182504
----------------------  ------------------
			Fold 3 	MAE: 0.018600 		RMSE: 0.034384
					Worst prediction: 0.597, should be 0.105.
					Mean prediction: 0.093, mean real: 0.093
					Std prediction: 0.060, std real: 0.070
					# real is zero: 1331
Using random_forest
----------------------  ------------------
task_events_machine_ID  task_events_job_ID
0.0858911170214         0.914108882979
----------------------  ------------------
			Fold 4 	MAE: 0.018507 		RMSE: 0.033894
					Worst prediction: 0.597, should be 0.159.
					Mean prediction: 0.093, mean real: 0.093
					Std prediction: 0.060, std real: 0.069
					# real is zero: 1341
Using random_forest
----------------------  ------------------
task_events_machine_ID  task_events_job_ID
0.0872604434391         0.912739556561
----------------------  ------------------
			Fold 5 	MAE: 0.018608 		RMSE: 0.034093
					Worst prediction: 0.599, should be 0.082.
					Mean prediction: 0.093, mean real: 0.093
					Std prediction: 0.061, std real: 0.069
					# real is zero: 1294
Using random_forest
----------------------  ------------------
task_events_machine_ID  task_events_job_ID
0.0907825862585         0.909217413741
----------------------  ------------------
			Fold 6 	MAE: 0.018605 		RMSE: 0.034405
					Worst prediction: 0.599, should be 0.105.
					Mean prediction: 0.093, mean real: 0.093
					Std prediction: 0.060, std real: 0.069
					# real is zero: 1273
Using random_forest
----------------------  ------------------
task_events_machine_ID  task_events_job_ID
0.0797279720168         0.920272027983
----------------------  ------------------
			Fold 7 	MAE: 0.018398 		RMSE: 0.032986
					Worst prediction: 0.596, should be 0.172.
					Mean prediction: 0.093, mean real: 0.093
					Std prediction: 0.061, std real: 0.069
					# real is zero: 1352
Using random_forest
----------------------  ------------------
task_events_machine_ID  task_events_job_ID
0.0856713473701         0.91432865263
----------------------  ------------------
			Fold 8 	MAE: 0.018655 		RMSE: 0.034985
					Worst prediction: 0.598, should be 0.144.
					Mean prediction: 0.093, mean real: 0.093
					Std prediction: 0.061, std real: 0.070
					# real is zero: 1316
Using random_forest
----------------------  ------------------
task_events_machine_ID  task_events_job_ID
0.0879797521072         0.912020247893
----------------------  ------------------
			Fold 9 	MAE: 0.018489 		RMSE: 0.034336
					Worst prediction: 0.596, should be 0.129.
					Mean prediction: 0.093, mean real: 0.093
					Std prediction: 0.060, std real: 0.070
					# real is zero: 1328
	Done (745.6 s).
Total error on 10 fold cross-validation: MAE: 0.018539		 RMSE: 0.034002
