	Retrieving X and t... 
		start_time (s) min-max: (600, 251145)
		end_time (s) min-max: (891, 251400)
		average durage (s): 298.5
	Done (9.5 s).
	Preprocessing...
		0/800000 killed tasks deleted
		405/800000 tasks with value higer than 1.000000 deleted
		1 columns deleted from X, containing task_usage info
	Done (1.0 s).
	Training random_forest... On 10 folds
number of new elements 0. El in test: 114. in train: 114 n: 800000
Using random_forest
----------------------  ---------------------------
task_events_machine_ID  job_events_job_name_logical
0.0977658047214         0.902234195279
----------------------  ---------------------------
			Fold 0 	MAE: 0.018500 		RMSE: 0.034058
					Worst prediction: 0.598, should be 0.159.
					Mean prediction: 0.093, mean real: 0.093
					Std prediction: 0.061, std real: 0.070
					# real is zero: 1274
number of new elements 0. El in test: 114. in train: 114 n: 800000
Using random_forest
----------------------  ---------------------------
task_events_machine_ID  job_events_job_name_logical
0.0975914434189         0.902408556581
----------------------  ---------------------------
			Fold 1 	MAE: 0.018491 		RMSE: 0.033888
					Worst prediction: 0.599, should be 0.221.
					Mean prediction: 0.093, mean real: 0.093
					Std prediction: 0.060, std real: 0.069
					# real is zero: 1357
number of new elements 0. El in test: 114. in train: 114 n: 800000
Using random_forest
----------------------  ---------------------------
task_events_machine_ID  job_events_job_name_logical
0.089879032501          0.910120967499
----------------------  ---------------------------
			Fold 2 	MAE: 0.018707 		RMSE: 0.034323
					Worst prediction: 0.600, should be 0.087.
					Mean prediction: 0.093, mean real: 0.093
					Std prediction: 0.061, std real: 0.070
					# real is zero: 1309
number of new elements 0. El in test: 114. in train: 114 n: 800000
Using random_forest
----------------------  ---------------------------
task_events_machine_ID  job_events_job_name_logical
0.0993500500028         0.900649949997
----------------------  ---------------------------
			Fold 3 	MAE: 0.018484 		RMSE: 0.033467
					Worst prediction: 0.596, should be 0.105.
					Mean prediction: 0.093, mean real: 0.093
					Std prediction: 0.061, std real: 0.069
					# real is zero: 1329
number of new elements 0. El in test: 114. in train: 114 n: 800000
Using random_forest
----------------------  ---------------------------
task_events_machine_ID  job_events_job_name_logical
0.0942809814119         0.905719018588
----------------------  ---------------------------
			Fold 4 	MAE: 0.018460 		RMSE: 0.033599
					Worst prediction: 0.597, should be 0.237.
					Mean prediction: 0.093, mean real: 0.093
					Std prediction: 0.061, std real: 0.069
					# real is zero: 1384
number of new elements 0. El in test: 114. in train: 114 n: 800000
Using random_forest
----------------------  ---------------------------
task_events_machine_ID  job_events_job_name_logical
0.0970108294963         0.902989170504
----------------------  ---------------------------
			Fold 5 	MAE: 0.018558 		RMSE: 0.033787
					Worst prediction: 0.598, should be 0.082.
					Mean prediction: 0.093, mean real: 0.093
					Std prediction: 0.060, std real: 0.069
					# real is zero: 1340
number of new elements 0. El in test: 114. in train: 114 n: 800000
Using random_forest
----------------------  ---------------------------
task_events_machine_ID  job_events_job_name_logical
0.0986495598023         0.901350440198
----------------------  ---------------------------
			Fold 6 	MAE: 0.018549 		RMSE: 0.033598
					Worst prediction: 0.599, should be 0.112.
					Mean prediction: 0.093, mean real: 0.093
					Std prediction: 0.060, std real: 0.069
					# real is zero: 1358
number of new elements 0. El in test: 114. in train: 114 n: 800000
Using random_forest
----------------------  ---------------------------
task_events_machine_ID  job_events_job_name_logical
0.0988468339666         0.901153166033
----------------------  ---------------------------
			Fold 7 	MAE: 0.018516 		RMSE: 0.034273
					Worst prediction: 0.342, should be 0.047.
					Mean prediction: 0.093, mean real: 0.093
					Std prediction: 0.060, std real: 0.070
					# real is zero: 1323
number of new elements 0. El in test: 114. in train: 114 n: 800000
Using random_forest
----------------------  ---------------------------
task_events_machine_ID  job_events_job_name_logical
0.0959201856064         0.904079814394
----------------------  ---------------------------
			Fold 8 	MAE: 0.018647 		RMSE: 0.034852
					Worst prediction: 0.598, should be 0.144.
					Mean prediction: 0.093, mean real: 0.093
					Std prediction: 0.061, std real: 0.070
					# real is zero: 1323
number of new elements 0. El in test: 114. in train: 114 n: 800000
Using random_forest
----------------------  ---------------------------
task_events_machine_ID  job_events_job_name_logical
0.106841168975          0.893158831025
----------------------  ---------------------------
			Fold 9 	MAE: 0.018485 		RMSE: 0.034219
					Worst prediction: 0.600, should be 0.122.
					Mean prediction: 0.093, mean real: 0.093
					Std prediction: 0.061, std real: 0.070
					# real is zero: 1334
	Done (714.4 s).
Total error on 10 fold cross-validation: MAE: 0.018540		 RMSE: 0.034006
