	Retrieving X and t... 
		start_time (s) min-max: (600, 251100)
		end_time (s) min-max: (891, 251400)
		average durage (s): 299.6
	Done (22.2 s).
	Preprocessing...
		0/600000 killed tasks deleted
		310/600000 tasks with value higer than 1.000000 deleted
		65164/599690 cpu values increased from 0 to 0.000625
		65164/599690 ram values increased from 0 to 0.003109
		4 columns deleted from X, containing task_usage info
	Done (1.6 s).
	Training adaboost... On 10 folds
Using adaboost
			Fold 0 	MAE: 0.062959 		RMSE: 0.080077
					Worst prediction: 0.571, should be 0.105.
					Mean prediction: 0.147, mean real: 0.090
					Std prediction: 0.075, std real: 0.058
					# real is zero: 274
Using adaboost
			Fold 1 	MAE: 0.064063 		RMSE: 0.080103
					Worst prediction: 0.222, should be 0.002.
					Mean prediction: 0.149, mean real: 0.089
					Std prediction: 0.072, std real: 0.057
					# real is zero: 292
Using adaboost
			Fold 2 	MAE: 0.064547 		RMSE: 0.081618
					Worst prediction: 0.576, should be 0.082.
					Mean prediction: 0.149, mean real: 0.089
					Std prediction: 0.075, std real: 0.058
					# real is zero: 272
Using adaboost
			Fold 3 	MAE: 0.063941 		RMSE: 0.080911
					Worst prediction: 0.576, should be 0.105.
					Mean prediction: 0.149, mean real: 0.090
					Std prediction: 0.074, std real: 0.058
					# real is zero: 250
Using adaboost
			Fold 4 	MAE: 0.063963 		RMSE: 0.081497
					Worst prediction: 0.580, should be 0.156.
					Mean prediction: 0.148, mean real: 0.089
					Std prediction: 0.076, std real: 0.057
					# real is zero: 251
Using adaboost
			Fold 5 	MAE: 0.065212 		RMSE: 0.081949
					Worst prediction: 0.574, should be 0.129.
					Mean prediction: 0.149, mean real: 0.090
					Std prediction: 0.073, std real: 0.058
					# real is zero: 277
Using adaboost
			Fold 6 	MAE: 0.033133 		RMSE: 0.045283
					Worst prediction: 0.555, should be 0.379.
					Mean prediction: 0.109, mean real: 0.089
					Std prediction: 0.051, std real: 0.057
					# real is zero: 293
Using adaboost
			Fold 7 	MAE: 0.112545 		RMSE: 0.129520
					Worst prediction: 0.567, should be 0.122.
					Mean prediction: 0.199, mean real: 0.089
					Std prediction: 0.094, std real: 0.058
					# real is zero: 274
Using adaboost
			Fold 8 	MAE: 0.062279 		RMSE: 0.077878
					Worst prediction: 0.570, should be 0.185.
					Mean prediction: 0.146, mean real: 0.089
					Std prediction: 0.071, std real: 0.058
					# real is zero: 284
Using adaboost
			Fold 9 	MAE: 0.062065 		RMSE: 0.077909
					Worst prediction: 0.238, should be 0.055.
					Mean prediction: 0.146, mean real: 0.090
					Std prediction: 0.071, std real: 0.058
					# real is zero: 293
	Done (359.3 s).
Total error on 10 fold cross-validation: MAE: 0.065471		 RMSE: 0.081675
