	Retrieving X and t... 
		start_time (s) min-max: (600, 251145)
		end_time (s) min-max: (647, 251400)
		average durage (s): 298.5
	Done (13.1 s).
	Preprocessing...
		0/1000000 killed tasks deleted
		456/1000000 tasks with value higer than 1.000000 deleted
		Daily representation used
		1 columns deleted from X, containing task_usage info
	Done (1.2 s).
	Training random_forest... On 10 folds
number of new elements 0. El in test: 120. in train: 120 n: 1000000
Using random_forest
----------------------  ---------------------------
task_events_machine_ID  job_events_job_name_logical
0.0831046355918         0.916895364408
----------------------  ---------------------------
			Fold 0 	MAE: 0.019015 		RMSE: 0.034296
					Worst prediction: 0.598, should be 0.155.
					Mean prediction: 0.092, mean real: 0.092
					Std prediction: 0.064, std real: 0.073
					# real is zero: 8991
number of new elements 0. El in test: 120. in train: 120 n: 1000000
Using random_forest
----------------------  ---------------------------
task_events_machine_ID  job_events_job_name_logical
0.0840083217397         0.91599167826
----------------------  ---------------------------
			Fold 1 	MAE: 0.019078 		RMSE: 0.035523
					Worst prediction: 0.599, should be 0.237.
					Mean prediction: 0.092, mean real: 0.092
					Std prediction: 0.064, std real: 0.073
					# real is zero: 9112
number of new elements 0. El in test: 120. in train: 120 n: 1000000
Using random_forest
----------------------  ---------------------------
task_events_machine_ID  job_events_job_name_logical
0.087563348536          0.912436651464
----------------------  ---------------------------
			Fold 2 	MAE: 0.019075 		RMSE: 0.034711
					Worst prediction: 0.596, should be 0.112.
					Mean prediction: 0.092, mean real: 0.092
					Std prediction: 0.064, std real: 0.073
					# real is zero: 9025
number of new elements 0. El in test: 120. in train: 120 n: 1000000
Using random_forest
----------------------  ---------------------------
task_events_machine_ID  job_events_job_name_logical
0.0833954576281         0.916604542372
----------------------  ---------------------------
			Fold 3 	MAE: 0.019098 		RMSE: 0.034484
					Worst prediction: 0.597, should be 0.122.
					Mean prediction: 0.092, mean real: 0.092
					Std prediction: 0.064, std real: 0.073
					# real is zero: 9046
number of new elements 0. El in test: 120. in train: 120 n: 1000000
Using random_forest
----------------------  ---------------------------
task_events_machine_ID  job_events_job_name_logical
0.0865883868046         0.913411613195
----------------------  ---------------------------
			Fold 4 	MAE: 0.019245 		RMSE: 0.035436
					Worst prediction: 0.598, should be 0.171.
					Mean prediction: 0.092, mean real: 0.092
					Std prediction: 0.064, std real: 0.073
					# real is zero: 8977
number of new elements 0. El in test: 120. in train: 120 n: 1000000
Using random_forest
----------------------  ---------------------------
task_events_machine_ID  job_events_job_name_logical
0.0867089113334         0.913291088667
----------------------  ---------------------------
			Fold 5 	MAE: 0.019014 		RMSE: 0.034746
					Worst prediction: 0.598, should be 0.105.
					Mean prediction: 0.092, mean real: 0.092
					Std prediction: 0.065, std real: 0.074
					# real is zero: 9049
number of new elements 0. El in test: 120. in train: 120 n: 1000000
Using random_forest
----------------------  ---------------------------
task_events_machine_ID  job_events_job_name_logical
0.0898933761623         0.910106623838
----------------------  ---------------------------
			Fold 6 	MAE: 0.019121 		RMSE: 0.034278
					Worst prediction: 0.599, should be 0.082.
					Mean prediction: 0.092, mean real: 0.092
					Std prediction: 0.064, std real: 0.073
					# real is zero: 8983
number of new elements 0. El in test: 120. in train: 120 n: 1000000
Using random_forest
----------------------  ---------------------------
task_events_machine_ID  job_events_job_name_logical
0.0838639822852         0.916136017715
----------------------  ---------------------------
			Fold 7 	MAE: 0.018921 		RMSE: 0.034447
					Worst prediction: 0.600, should be 0.129.
					Mean prediction: 0.092, mean real: 0.092
					Std prediction: 0.064, std real: 0.073
					# real is zero: 9244
number of new elements 0. El in test: 120. in train: 120 n: 1000000
Using random_forest
----------------------  ---------------------------
task_events_machine_ID  job_events_job_name_logical
0.0885936479036         0.911406352096
----------------------  ---------------------------
			Fold 8 	MAE: 0.019078 		RMSE: 0.034783
					Worst prediction: 0.596, should be 0.156.
					Mean prediction: 0.092, mean real: 0.092
					Std prediction: 0.064, std real: 0.073
					# real is zero: 9000
number of new elements 0. El in test: 120. in train: 120 n: 1000000
Using random_forest
----------------------  ---------------------------
task_events_machine_ID  job_events_job_name_logical
0.0822191105618         0.917780889438
----------------------  ---------------------------
			Fold 9 	MAE: 0.019095 		RMSE: 0.034945
					Worst prediction: 0.342, should be 0.062.
					Mean prediction: 0.092, mean real: 0.092
					Std prediction: 0.065, std real: 0.073
					# real is zero: 9169
	Done (873.9 s).
Total error on 10 fold cross-validation: MAE: 0.019074		 RMSE: 0.034765
