	Retrieving X and t... 
		start_time (s) min-max: (600, 251100)
		end_time (s) min-max: (900, 251400)
		average durage (s): 299.7
	Done (13.5 s).
	Preprocessing...
		0/400000 killed tasks deleted
		202/400000 tasks with value higer than 1.000000 deleted
		65164/399798 cpu values increased from 0 to 0.015620
		65164/399798 ram values increased from 0 to 0.003109
		4 columns deleted from X, containing task_usage info
	Done (2.0 s).
	Training random_forest... On 10 folds
Using random_forest
--------------------  ------------------------------------------  ------------------------------------  ----------------------------------------  ---------------------------  --------------------  -------------------  ---------------------------  ---------------------
task_events_priority  task_events_resource_request_for_CPU_cores  task_events_resource_request_for_RAM  task_events_different-machine_constraint  job_events_scheduling_class  job_events_user_name  job_events_job_name  job_events_job_name_logical  moving_average_n=1000
0.00687897058438      0.0179598238068                             0.0931280520347                       0.0050362075014                           0.00324704028758             0.0986475075267       0.0512840100849      0.0879778671965              0.635840520977
--------------------  ------------------------------------------  ------------------------------------  ----------------------------------------  ---------------------------  --------------------  -------------------  ---------------------------  ---------------------
			Fold 0 	MAE: 0.019021 		RMSE: 0.036250
					Worst prediction: 0.739, should be 0.083.
					Mean prediction: 0.082, mean real: 0.082
					Std prediction: 0.043, std real: 0.049
					# real is zero: 20
Using random_forest
--------------------  ------------------------------------------  ------------------------------------  ----------------------------------------  ---------------------------  --------------------  -------------------  ---------------------------  ---------------------
task_events_priority  task_events_resource_request_for_CPU_cores  task_events_resource_request_for_RAM  task_events_different-machine_constraint  job_events_scheduling_class  job_events_user_name  job_events_job_name  job_events_job_name_logical  moving_average_n=1000
0.00638011300483      0.0182707496852                             0.121367235996                        0.00396664220468                          0.00333515965098             0.0754665856328       0.040285888598       0.0818996585596              0.649027966668
--------------------  ------------------------------------------  ------------------------------------  ----------------------------------------  ---------------------------  --------------------  -------------------  ---------------------------  ---------------------
			Fold 1 	MAE: 0.019002 		RMSE: 0.036869
					Worst prediction: 0.679, should be 0.080.
					Mean prediction: 0.082, mean real: 0.082
					Std prediction: 0.042, std real: 0.049
					# real is zero: 16
Using random_forest
--------------------  ------------------------------------------  ------------------------------------  ----------------------------------------  ---------------------------  --------------------  -------------------  ---------------------------  ---------------------
task_events_priority  task_events_resource_request_for_CPU_cores  task_events_resource_request_for_RAM  task_events_different-machine_constraint  job_events_scheduling_class  job_events_user_name  job_events_job_name  job_events_job_name_logical  moving_average_n=1000
0.0108796725213       0.0161991726906                             0.112567566224                        0.00505193513716                          0.00282853453945             0.0925581346364       0.041655193661       0.0866771342056              0.631582656384
--------------------  ------------------------------------------  ------------------------------------  ----------------------------------------  ---------------------------  --------------------  -------------------  ---------------------------  ---------------------
			Fold 2 	MAE: 0.019118 		RMSE: 0.036212
					Worst prediction: 0.656, should be 0.123.
					Mean prediction: 0.082, mean real: 0.082
					Std prediction: 0.043, std real: 0.048
					# real is zero: 20
Using random_forest
--------------------  ------------------------------------------  ------------------------------------  ----------------------------------------  ---------------------------  --------------------  -------------------  ---------------------------  ---------------------
task_events_priority  task_events_resource_request_for_CPU_cores  task_events_resource_request_for_RAM  task_events_different-machine_constraint  job_events_scheduling_class  job_events_user_name  job_events_job_name  job_events_job_name_logical  moving_average_n=1000
0.0120007755834       0.0214828213663                             0.105637392565                        0.00347053268148                          0.00284249792532             0.0993000728634       0.0431889882521      0.0743409225841              0.637735996179
--------------------  ------------------------------------------  ------------------------------------  ----------------------------------------  ---------------------------  --------------------  -------------------  ---------------------------  ---------------------
			Fold 3 	MAE: 0.018879 		RMSE: 0.034168
					Worst prediction: 0.596, should be 0.104.
					Mean prediction: 0.082, mean real: 0.082
					Std prediction: 0.042, std real: 0.048
					# real is zero: 12
Using random_forest
--------------------  ------------------------------------------  ------------------------------------  ----------------------------------------  ---------------------------  --------------------  -------------------  ---------------------------  ---------------------
task_events_priority  task_events_resource_request_for_CPU_cores  task_events_resource_request_for_RAM  task_events_different-machine_constraint  job_events_scheduling_class  job_events_user_name  job_events_job_name  job_events_job_name_logical  moving_average_n=1000
0.00733525702582      0.0172740559754                             0.127338431452                        0.00426197065767                          0.00298044568864             0.076123430345        0.0532315395166      0.0827967275278              0.628658141811
--------------------  ------------------------------------------  ------------------------------------  ----------------------------------------  ---------------------------  --------------------  -------------------  ---------------------------  ---------------------
			Fold 4 	MAE: 0.018710 		RMSE: 0.034907
					Worst prediction: 0.632, should be 0.097.
					Mean prediction: 0.082, mean real: 0.081
					Std prediction: 0.042, std real: 0.048
					# real is zero: 20
Using random_forest
--------------------  ------------------------------------------  ------------------------------------  ----------------------------------------  ---------------------------  --------------------  -------------------  ---------------------------  ---------------------
task_events_priority  task_events_resource_request_for_CPU_cores  task_events_resource_request_for_RAM  task_events_different-machine_constraint  job_events_scheduling_class  job_events_user_name  job_events_job_name  job_events_job_name_logical  moving_average_n=1000
0.00990674040664      0.00959524365058                            0.106256971606                        0.00320882250039                          0.00242118124474             0.0918917541568       0.0512168562288      0.0875917873736              0.637910642833
--------------------  ------------------------------------------  ------------------------------------  ----------------------------------------  ---------------------------  --------------------  -------------------  ---------------------------  ---------------------
			Fold 5 	MAE: 0.018591 		RMSE: 0.034045
					Worst prediction: 0.559, should be 0.048.
					Mean prediction: 0.082, mean real: 0.082
					Std prediction: 0.042, std real: 0.047
					# real is zero: 13
Using random_forest
--------------------  ------------------------------------------  ------------------------------------  ----------------------------------------  ---------------------------  --------------------  -------------------  ---------------------------  ---------------------
task_events_priority  task_events_resource_request_for_CPU_cores  task_events_resource_request_for_RAM  task_events_different-machine_constraint  job_events_scheduling_class  job_events_user_name  job_events_job_name  job_events_job_name_logical  moving_average_n=1000
0.00797596355585      0.0140113213215                             0.115912977342                        0.00540920068107                          0.00307068153161             0.0930203433446       0.0564584590926      0.081753351032               0.622387702099
--------------------  ------------------------------------------  ------------------------------------  ----------------------------------------  ---------------------------  --------------------  -------------------  ---------------------------  ---------------------
			Fold 6 	MAE: 0.018814 		RMSE: 0.036182
					Worst prediction: 0.629, should be 0.056.
					Mean prediction: 0.082, mean real: 0.082
					Std prediction: 0.042, std real: 0.049
					# real is zero: 12
Using random_forest
--------------------  ------------------------------------------  ------------------------------------  ----------------------------------------  ---------------------------  --------------------  -------------------  ---------------------------  ---------------------
task_events_priority  task_events_resource_request_for_CPU_cores  task_events_resource_request_for_RAM  task_events_different-machine_constraint  job_events_scheduling_class  job_events_user_name  job_events_job_name  job_events_job_name_logical  moving_average_n=1000
0.00775906597006      0.0178119949868                             0.124447095297                        0.00329741825901                          0.00327636052179             0.0947587141014       0.0434440580234      0.0879429748962              0.617262317945
--------------------  ------------------------------------------  ------------------------------------  ----------------------------------------  ---------------------------  --------------------  -------------------  ---------------------------  ---------------------
			Fold 7 	MAE: 0.018908 		RMSE: 0.035108
					Worst prediction: 0.669, should be 0.116.
					Mean prediction: 0.082, mean real: 0.082
					Std prediction: 0.042, std real: 0.048
					# real is zero: 20
Using random_forest
--------------------  ------------------------------------------  ------------------------------------  ----------------------------------------  ---------------------------  --------------------  -------------------  ---------------------------  ---------------------
task_events_priority  task_events_resource_request_for_CPU_cores  task_events_resource_request_for_RAM  task_events_different-machine_constraint  job_events_scheduling_class  job_events_user_name  job_events_job_name  job_events_job_name_logical  moving_average_n=1000
0.00698548124932      0.0127578100464                             0.0971378619396                       0.00463521652243                          0.00260984713219             0.089568923886        0.0595833287019      0.0726278120063              0.654093718516
--------------------  ------------------------------------------  ------------------------------------  ----------------------------------------  ---------------------------  --------------------  -------------------  ---------------------------  ---------------------
			Fold 8 	MAE: 0.018762 		RMSE: 0.034290
					Worst prediction: 0.591, should be 0.103.
					Mean prediction: 0.082, mean real: 0.082
					Std prediction: 0.042, std real: 0.047
					# real is zero: 15
Using random_forest
--------------------  ------------------------------------------  ------------------------------------  ----------------------------------------  ---------------------------  --------------------  -------------------  ---------------------------  ---------------------
task_events_priority  task_events_resource_request_for_CPU_cores  task_events_resource_request_for_RAM  task_events_different-machine_constraint  job_events_scheduling_class  job_events_user_name  job_events_job_name  job_events_job_name_logical  moving_average_n=1000
0.00932255379337      0.0240209921835                             0.12284541236                         0.00291937113531                          0.00285499576585             0.0904038294294       0.0493927027236      0.0748073004231              0.623432842186
--------------------  ------------------------------------------  ------------------------------------  ----------------------------------------  ---------------------------  --------------------  -------------------  ---------------------------  ---------------------
			Fold 9 	MAE: 0.018906 		RMSE: 0.036029
					Worst prediction: 0.681, should be 0.115.
					Mean prediction: 0.082, mean real: 0.082
					Std prediction: 0.042, std real: 0.049
					# real is zero: 28
	Done (1534.5 s).
Total error on 10 fold cross-validation: MAE: 0.018871		 RMSE: 0.035406
