	Retrieving X and t... 
		start_time (s) min-max: (600, 251145)
		end_time (s) min-max: (647, 251400)
		average durage (s): 298.5
	Done (38.6 s).
	Preprocessing...
		0/1000000 killed tasks deleted
		456/1000000 tasks with value higer than 1.000000 deleted
		66000/999544 cpu values increased from 0 to 0.000625
		66000/999544 ram values increased from 0 to 0.000933
		4 columns deleted from X, containing task_usage info
	Done (3.5 s).
	Training random_forest... On 10 folds
Using random_forest
--------------------  ------------------------------------------  ------------------------------------  ----------------------------------------  ---------------------------  --------------------  -------------------  ---------------------------  --------------------
task_events_priority  task_events_resource_request_for_CPU_cores  task_events_resource_request_for_RAM  task_events_different-machine_constraint  job_events_scheduling_class  job_events_user_name  job_events_job_name  job_events_job_name_logical  moving_average_n=100
0.088736222227        0.0492431480818                             0.133595725535                        0.00051475412477                          0.00659333908849             0.0344505632634       0.0725419731419      0.0261556920671              0.588168582471
--------------------  ------------------------------------------  ------------------------------------  ----------------------------------------  ---------------------------  --------------------  -------------------  ---------------------------  --------------------
			Fold 0 	MAE: 0.022575 		RMSE: 0.040273
					Worst prediction: 0.710, should be 0.122.
					Mean prediction: 0.092, mean real: 0.091
					Std prediction: 0.068, std real: 0.073
					# real is zero: 9162
Using random_forest
--------------------  ------------------------------------------  ------------------------------------  ----------------------------------------  ---------------------------  --------------------  -------------------  ---------------------------  --------------------
task_events_priority  task_events_resource_request_for_CPU_cores  task_events_resource_request_for_RAM  task_events_different-machine_constraint  job_events_scheduling_class  job_events_user_name  job_events_job_name  job_events_job_name_logical  moving_average_n=100
0.0830900704537       0.0397152881961                             0.12035864504                         0.000792331002377                         0.00934100109254             0.0428572052872       0.0618428076527      0.0255167340414              0.616485917234
--------------------  ------------------------------------------  ------------------------------------  ----------------------------------------  ---------------------------  --------------------  -------------------  ---------------------------  --------------------
			Fold 1 	MAE: 0.022473 		RMSE: 0.040898
					Worst prediction: 0.631, should be 0.056.
					Mean prediction: 0.092, mean real: 0.092
					Std prediction: 0.068, std real: 0.074
					# real is zero: 9029
Using random_forest
--------------------  ------------------------------------------  ------------------------------------  ----------------------------------------  ---------------------------  --------------------  -------------------  ---------------------------  --------------------
task_events_priority  task_events_resource_request_for_CPU_cores  task_events_resource_request_for_RAM  task_events_different-machine_constraint  job_events_scheduling_class  job_events_user_name  job_events_job_name  job_events_job_name_logical  moving_average_n=100
0.0706009965609       0.0406640974551                             0.151480102953                        0.00122561870983                          0.0110850654043              0.0484006072632       0.070938409941       0.0257595592254              0.579845542487
--------------------  ------------------------------------------  ------------------------------------  ----------------------------------------  ---------------------------  --------------------  -------------------  ---------------------------  --------------------
			Fold 2 	MAE: 0.022529 		RMSE: 0.040723
					Worst prediction: 0.691, should be 0.118.
					Mean prediction: 0.092, mean real: 0.092
					Std prediction: 0.069, std real: 0.073
					# real is zero: 8895
Using random_forest
--------------------  ------------------------------------------  ------------------------------------  ----------------------------------------  ---------------------------  --------------------  -------------------  ---------------------------  --------------------
task_events_priority  task_events_resource_request_for_CPU_cores  task_events_resource_request_for_RAM  task_events_different-machine_constraint  job_events_scheduling_class  job_events_user_name  job_events_job_name  job_events_job_name_logical  moving_average_n=100
0.0571067961797       0.0362691203226                             0.130164594518                        0.000414519583867                         0.0103657140312              0.0388731525556       0.0651472173845      0.02392421536                0.637734670064
--------------------  ------------------------------------------  ------------------------------------  ----------------------------------------  ---------------------------  --------------------  -------------------  ---------------------------  --------------------
			Fold 3 	MAE: 0.022510 		RMSE: 0.040394
					Worst prediction: 0.743, should be 0.181.
					Mean prediction: 0.092, mean real: 0.092
					Std prediction: 0.068, std real: 0.073
					# real is zero: 9138
Using random_forest
--------------------  ------------------------------------------  ------------------------------------  ----------------------------------------  ---------------------------  --------------------  -------------------  ---------------------------  --------------------
task_events_priority  task_events_resource_request_for_CPU_cores  task_events_resource_request_for_RAM  task_events_different-machine_constraint  job_events_scheduling_class  job_events_user_name  job_events_job_name  job_events_job_name_logical  moving_average_n=100
0.0747208560992       0.0354468665017                             0.147582367561                        0.000803208889276                         0.00971404268695             0.047567075143        0.0519442922717      0.0235418064493              0.608679484398
--------------------  ------------------------------------------  ------------------------------------  ----------------------------------------  ---------------------------  --------------------  -------------------  ---------------------------  --------------------
			Fold 4 	MAE: 0.022754 		RMSE: 0.041041
					Worst prediction: 0.604, should be 0.038.
					Mean prediction: 0.092, mean real: 0.092
					Std prediction: 0.069, std real: 0.073
					# real is zero: 9179
Using random_forest
--------------------  ------------------------------------------  ------------------------------------  ----------------------------------------  ---------------------------  --------------------  -------------------  ---------------------------  --------------------
task_events_priority  task_events_resource_request_for_CPU_cores  task_events_resource_request_for_RAM  task_events_different-machine_constraint  job_events_scheduling_class  job_events_user_name  job_events_job_name  job_events_job_name_logical  moving_average_n=100
0.0746742061185       0.0397122263841                             0.129973269138                        0.001031070228                            0.0140408846133              0.0450414948443       0.0617687927183      0.0274196322398              0.606338423716
--------------------  ------------------------------------------  ------------------------------------  ----------------------------------------  ---------------------------  --------------------  -------------------  ---------------------------  --------------------
			Fold 5 	MAE: 0.022520 		RMSE: 0.040704
					Worst prediction: 0.637, should be 0.102.
					Mean prediction: 0.092, mean real: 0.092
					Std prediction: 0.068, std real: 0.073
					# real is zero: 9175
Using random_forest
--------------------  ------------------------------------------  ------------------------------------  ----------------------------------------  ---------------------------  --------------------  -------------------  ---------------------------  --------------------
task_events_priority  task_events_resource_request_for_CPU_cores  task_events_resource_request_for_RAM  task_events_different-machine_constraint  job_events_scheduling_class  job_events_user_name  job_events_job_name  job_events_job_name_logical  moving_average_n=100
0.096299576878        0.0397883696221                             0.137073833102                        0.000530620334365                         0.00699111656662             0.0360815991951       0.0623655381965      0.0234079432883              0.597461402817
--------------------  ------------------------------------------  ------------------------------------  ----------------------------------------  ---------------------------  --------------------  -------------------  ---------------------------  --------------------
			Fold 6 	MAE: 0.022701 		RMSE: 0.041116
					Worst prediction: 0.734, should be 0.142.
					Mean prediction: 0.092, mean real: 0.092
					Std prediction: 0.069, std real: 0.074
					# real is zero: 9105
Using random_forest
--------------------  ------------------------------------------  ------------------------------------  ----------------------------------------  ---------------------------  --------------------  -------------------  ---------------------------  --------------------
task_events_priority  task_events_resource_request_for_CPU_cores  task_events_resource_request_for_RAM  task_events_different-machine_constraint  job_events_scheduling_class  job_events_user_name  job_events_job_name  job_events_job_name_logical  moving_average_n=100
0.068205088077        0.0408150051577                             0.120387870964                        0.000756705502236                         0.0110346465091              0.0390198340092       0.0656972496309      0.0247531156191              0.62933048453
--------------------  ------------------------------------------  ------------------------------------  ----------------------------------------  ---------------------------  --------------------  -------------------  ---------------------------  --------------------
			Fold 7 	MAE: 0.022623 		RMSE: 0.040619
					Worst prediction: 0.634, should be 0.079.
					Mean prediction: 0.092, mean real: 0.092
					Std prediction: 0.069, std real: 0.073
					# real is zero: 9071
Using random_forest
--------------------  ------------------------------------------  ------------------------------------  ----------------------------------------  ---------------------------  --------------------  -------------------  ---------------------------  --------------------
task_events_priority  task_events_resource_request_for_CPU_cores  task_events_resource_request_for_RAM  task_events_different-machine_constraint  job_events_scheduling_class  job_events_user_name  job_events_job_name  job_events_job_name_logical  moving_average_n=100
0.0824398778555       0.040646341599                              0.127186020955                        0.000481804869781                         0.00620353368745             0.045349511831        0.0633669615381      0.0248325973377              0.609493350327
--------------------  ------------------------------------------  ------------------------------------  ----------------------------------------  ---------------------------  --------------------  -------------------  ---------------------------  --------------------
			Fold 8 	MAE: 0.022663 		RMSE: 0.040863
					Worst prediction: 0.612, should be 0.130.
					Mean prediction: 0.092, mean real: 0.092
					Std prediction: 0.068, std real: 0.073
					# real is zero: 8912
Using random_forest
--------------------  ------------------------------------------  ------------------------------------  ----------------------------------------  ---------------------------  --------------------  -------------------  ---------------------------  --------------------
task_events_priority  task_events_resource_request_for_CPU_cores  task_events_resource_request_for_RAM  task_events_different-machine_constraint  job_events_scheduling_class  job_events_user_name  job_events_job_name  job_events_job_name_logical  moving_average_n=100
0.0827023514537       0.027615379497                              0.11681959898                         0.000497555832175                         0.00830490961491             0.0367928161469       0.0554145623326      0.0264231273786              0.645429698764
--------------------  ------------------------------------------  ------------------------------------  ----------------------------------------  ---------------------------  --------------------  -------------------  ---------------------------  --------------------
			Fold 9 	MAE: 0.022526 		RMSE: 0.040749
					Worst prediction: 0.683, should be 0.101.
					Mean prediction: 0.092, mean real: 0.092
					Std prediction: 0.068, std real: 0.073
					# real is zero: 8930
	Done (3744.5 s).
Total error on 10 fold cross-validation: MAE: 0.022588		 RMSE: 0.040738
