	Retrieving X and t... 	Done (0.4 s).
	Preprocessing...
		0/100000 tasks with value higer than 1.000000 deleted
		57675/100000 ram values increased from 0 to 0.003109
		0 columns deleted from X, containing task_usage info
	Done (0.1 s).
	Training baseline_users_limit... On 10 folds
Using baseline_users_limit
			Fold 0 	MAE: 0.056745 		RMSE: 0.067375
					Worst prediction: 0.098, should be 0.008.
					Mean prediction: 0.037, mean real: 0.069
					Std prediction: 0.044, std real: 0.032
					# real is zero: 2
Using baseline_users_limit
			Fold 1 	MAE: 0.056988 		RMSE: 0.067560
					Worst prediction: 0.098, should be 0.008.
					Mean prediction: 0.036, mean real: 0.069
					Std prediction: 0.044, std real: 0.032
					# real is zero: 1
Using baseline_users_limit
			Fold 2 	MAE: 0.057478 		RMSE: 0.067949
					Worst prediction: 0.098, should be 0.008.
					Mean prediction: 0.036, mean real: 0.069
					Std prediction: 0.043, std real: 0.032
					# real is zero: 0
Using baseline_users_limit
			Fold 3 	MAE: 0.056469 		RMSE: 0.067237
					Worst prediction: 0.098, should be 0.008.
					Mean prediction: 0.037, mean real: 0.069
					Std prediction: 0.044, std real: 0.032
					# real is zero: 1
Using baseline_users_limit
			Fold 4 	MAE: 0.057024 		RMSE: 0.067692
					Worst prediction: 0.095, should be 0.001.
					Mean prediction: 0.038, mean real: 0.069
					Std prediction: 0.044, std real: 0.032
					# real is zero: 1
Using baseline_users_limit
			Fold 5 	MAE: 0.056776 		RMSE: 0.067508
					Worst prediction: 0.098, should be 0.008.
					Mean prediction: 0.037, mean real: 0.069
					Std prediction: 0.044, std real: 0.033
					# real is zero: 1
Using baseline_users_limit
			Fold 6 	MAE: 0.057197 		RMSE: 0.067749
					Worst prediction: 0.098, should be 0.008.
					Mean prediction: 0.037, mean real: 0.069
					Std prediction: 0.044, std real: 0.032
					# real is zero: 1
Using baseline_users_limit
			Fold 7 	MAE: 0.056810 		RMSE: 0.067428
					Worst prediction: 0.098, should be 0.008.
					Mean prediction: 0.037, mean real: 0.069
					Std prediction: 0.044, std real: 0.032
					# real is zero: 1
Using baseline_users_limit
			Fold 8 	MAE: 0.056438 		RMSE: 0.067181
					Worst prediction: 0.098, should be 0.008.
					Mean prediction: 0.037, mean real: 0.069
					Std prediction: 0.044, std real: 0.032
					# real is zero: 3
Using baseline_users_limit
			Fold 9 	MAE: 0.056828 		RMSE: 0.067585
					Worst prediction: 0.098, should be 0.002.
					Mean prediction: 0.037, mean real: 0.069
					Std prediction: 0.044, std real: 0.033
					# real is zero: 1
	Done (11.5 s).
Total error on 10 fold cross-validation: MAE: 0.056875		 RMSE: 0.067526
