	Retrieving X and t... 
		start_time (s) min-max: (600, 251100)
		end_time (s) min-max: (900, 251400)
		average durage (s): 299.8
	Done (3.3 s).
	Preprocessing...
		0/100000 killed tasks deleted
		41/100000 tasks with value higer than 1.000000 deleted
		57646/99959 cpu values increased from 0 to 0.031250
		57646/99959 ram values increased from 0 to 0.003109
		4 columns deleted from X, containing task_usage info
	Done (0.3 s).
	Training random_forest... On 10 folds
Using random_forest
--------------------  ------------------------------------------  ------------------------------------  ----------------------------------------  ---------------------------  --------------------  -------------------  ---------------------------  --------------------
task_events_priority  task_events_resource_request_for_CPU_cores  task_events_resource_request_for_RAM  task_events_different-machine_constraint  job_events_scheduling_class  job_events_user_name  job_events_job_name  job_events_job_name_logical  moving_average_n=100
0.00129033600888      0.0137048770077                             0.0283520669626                       0.0026819471105                           0.00332344881264             0.0617010644132       0.076730028071       0.086306690503               0.72590954111
--------------------  ------------------------------------------  ------------------------------------  ----------------------------------------  ---------------------------  --------------------  -------------------  ---------------------------  --------------------
			Fold 0 	MAE: 0.017006 		RMSE: 0.034847
					Worst prediction: 0.654, should be 0.108.
					Mean prediction: 0.056, mean real: 0.056
					Std prediction: 0.046, std real: 0.050
					# real is zero: 4
Using random_forest
--------------------  ------------------------------------------  ------------------------------------  ----------------------------------------  ---------------------------  --------------------  -------------------  ---------------------------  --------------------
task_events_priority  task_events_resource_request_for_CPU_cores  task_events_resource_request_for_RAM  task_events_different-machine_constraint  job_events_scheduling_class  job_events_user_name  job_events_job_name  job_events_job_name_logical  moving_average_n=100
0.0027164484347       0.0158764731161                             0.0297829093783                       0.00404444431937                          0.00324026768355             0.0553652597392       0.0977986173579      0.0577378234172              0.733437756554
--------------------  ------------------------------------------  ------------------------------------  ----------------------------------------  ---------------------------  --------------------  -------------------  ---------------------------  --------------------
			Fold 1 	MAE: 0.016413 		RMSE: 0.030487
					Worst prediction: 0.580, should be 0.062.
					Mean prediction: 0.055, mean real: 0.055
					Std prediction: 0.045, std real: 0.048
					# real is zero: 1
Using random_forest
--------------------  ------------------------------------------  ------------------------------------  ----------------------------------------  ---------------------------  --------------------  -------------------  ---------------------------  --------------------
task_events_priority  task_events_resource_request_for_CPU_cores  task_events_resource_request_for_RAM  task_events_different-machine_constraint  job_events_scheduling_class  job_events_user_name  job_events_job_name  job_events_job_name_logical  moving_average_n=100
0.0017979180211       0.014090247631                              0.0335536588819                       0.00419321269277                          0.00489163911281             0.0693081103635       0.0885691990462      0.0868333441211              0.69676267013
--------------------  ------------------------------------------  ------------------------------------  ----------------------------------------  ---------------------------  --------------------  -------------------  ---------------------------  --------------------
			Fold 2 	MAE: 0.016578 		RMSE: 0.032451
					Worst prediction: 0.607, should be 0.155.
					Mean prediction: 0.055, mean real: 0.055
					Std prediction: 0.044, std real: 0.049
					# real is zero: 3
Using random_forest
--------------------  ------------------------------------------  ------------------------------------  ----------------------------------------  ---------------------------  --------------------  -------------------  ---------------------------  --------------------
task_events_priority  task_events_resource_request_for_CPU_cores  task_events_resource_request_for_RAM  task_events_different-machine_constraint  job_events_scheduling_class  job_events_user_name  job_events_job_name  job_events_job_name_logical  moving_average_n=100
0.00256098763623      0.0141498644132                             0.0337607353824                       0.00401550499614                          0.00153389487041             0.0648201302321       0.0894883530871      0.0886952346164              0.700975294766
--------------------  ------------------------------------------  ------------------------------------  ----------------------------------------  ---------------------------  --------------------  -------------------  ---------------------------  --------------------
			Fold 3 	MAE: 0.016396 		RMSE: 0.032626
					Worst prediction: 0.511, should be 0.078.
					Mean prediction: 0.055, mean real: 0.055
					Std prediction: 0.045, std real: 0.050
					# real is zero: 3
Using random_forest
--------------------  ------------------------------------------  ------------------------------------  ----------------------------------------  ---------------------------  --------------------  -------------------  ---------------------------  --------------------
task_events_priority  task_events_resource_request_for_CPU_cores  task_events_resource_request_for_RAM  task_events_different-machine_constraint  job_events_scheduling_class  job_events_user_name  job_events_job_name  job_events_job_name_logical  moving_average_n=100
0.00173345947086      0.0169597376962                             0.0304985752936                       0.00321487718861                          0.00567120886698             0.0563872312811       0.0819189667729      0.0889005042772              0.714715439153
--------------------  ------------------------------------------  ------------------------------------  ----------------------------------------  ---------------------------  --------------------  -------------------  ---------------------------  --------------------
			Fold 4 	MAE: 0.016464 		RMSE: 0.032727
					Worst prediction: 0.522, should be 0.077.
					Mean prediction: 0.055, mean real: 0.055
					Std prediction: 0.044, std real: 0.050
					# real is zero: 1
Using random_forest
--------------------  ------------------------------------------  ------------------------------------  ----------------------------------------  ---------------------------  --------------------  -------------------  ---------------------------  --------------------
task_events_priority  task_events_resource_request_for_CPU_cores  task_events_resource_request_for_RAM  task_events_different-machine_constraint  job_events_scheduling_class  job_events_user_name  job_events_job_name  job_events_job_name_logical  moving_average_n=100
0.00291952530138      0.0124209179759                             0.0397600525195                       0.001557334172                            0.00519800807173             0.0606918328012       0.0939991021413      0.070426078739               0.713027148278
--------------------  ------------------------------------------  ------------------------------------  ----------------------------------------  ---------------------------  --------------------  -------------------  ---------------------------  --------------------
			Fold 5 	MAE: 0.016623 		RMSE: 0.032770
					Worst prediction: 0.711, should be 0.138.
					Mean prediction: 0.055, mean real: 0.055
					Std prediction: 0.047, std real: 0.048
					# real is zero: 1
Using random_forest
--------------------  ------------------------------------------  ------------------------------------  ----------------------------------------  ---------------------------  --------------------  -------------------  ---------------------------  --------------------
task_events_priority  task_events_resource_request_for_CPU_cores  task_events_resource_request_for_RAM  task_events_different-machine_constraint  job_events_scheduling_class  job_events_user_name  job_events_job_name  job_events_job_name_logical  moving_average_n=100
0.00197960973002      0.0124334626595                             0.0291578098461                       0.00310261576386                          0.00316155253492             0.0679203583407       0.072454551867       0.0675097009641              0.742280338294
--------------------  ------------------------------------------  ------------------------------------  ----------------------------------------  ---------------------------  --------------------  -------------------  ---------------------------  --------------------
			Fold 6 	MAE: 0.016247 		RMSE: 0.029897
					Worst prediction: 0.577, should be 0.073.
					Mean prediction: 0.055, mean real: 0.054
					Std prediction: 0.046, std real: 0.046
					# real is zero: 0
Using random_forest
--------------------  ------------------------------------------  ------------------------------------  ----------------------------------------  ---------------------------  --------------------  -------------------  ---------------------------  --------------------
task_events_priority  task_events_resource_request_for_CPU_cores  task_events_resource_request_for_RAM  task_events_different-machine_constraint  job_events_scheduling_class  job_events_user_name  job_events_job_name  job_events_job_name_logical  moving_average_n=100
0.0024417293565       0.00969854978486                            0.0343468594393                       0.00189926434269                          0.00521325660665             0.0694145155748       0.0609986397463      0.0943158075378              0.721671377611
--------------------  ------------------------------------------  ------------------------------------  ----------------------------------------  ---------------------------  --------------------  -------------------  ---------------------------  --------------------
			Fold 7 	MAE: 0.016778 		RMSE: 0.033480
					Worst prediction: 0.531, should be 0.031.
					Mean prediction: 0.056, mean real: 0.055
					Std prediction: 0.046, std real: 0.049
					# real is zero: 2
Using random_forest
--------------------  ------------------------------------------  ------------------------------------  ----------------------------------------  ---------------------------  --------------------  -------------------  ---------------------------  --------------------
task_events_priority  task_events_resource_request_for_CPU_cores  task_events_resource_request_for_RAM  task_events_different-machine_constraint  job_events_scheduling_class  job_events_user_name  job_events_job_name  job_events_job_name_logical  moving_average_n=100
0.00457557860653      0.0116403566406                             0.0348546447996                       0.00486294397305                          0.00569609326102             0.0574626604913       0.0739625735822      0.0856821839788              0.721262964667
--------------------  ------------------------------------------  ------------------------------------  ----------------------------------------  ---------------------------  --------------------  -------------------  ---------------------------  --------------------
			Fold 8 	MAE: 0.016345 		RMSE: 0.032245
					Worst prediction: 0.616, should be 0.126.
					Mean prediction: 0.054, mean real: 0.055
					Std prediction: 0.044, std real: 0.050
					# real is zero: 1
Using random_forest
--------------------  ------------------------------------------  ------------------------------------  ----------------------------------------  ---------------------------  --------------------  -------------------  ---------------------------  --------------------
task_events_priority  task_events_resource_request_for_CPU_cores  task_events_resource_request_for_RAM  task_events_different-machine_constraint  job_events_scheduling_class  job_events_user_name  job_events_job_name  job_events_job_name_logical  moving_average_n=100
0.00196501787932      0.0117728802384                             0.0337015909071                       0.00206549450247                          0.00269707270008             0.0760686958087       0.0757291927484      0.0889208439671              0.707079211249
--------------------  ------------------------------------------  ------------------------------------  ----------------------------------------  ---------------------------  --------------------  -------------------  ---------------------------  --------------------
			Fold 9 	MAE: 0.016392 		RMSE: 0.033921
					Worst prediction: 0.694, should be 0.093.
					Mean prediction: 0.055, mean real: 0.055
					Std prediction: 0.046, std real: 0.050
					# real is zero: 3
	Done (264.1 s).
Total error on 10 fold cross-validation: MAE: 0.016524		 RMSE: 0.032545
