	Retrieving X and t... 
		start_time (s) min-max: (600, 251145)
		end_time (s) min-max: (647, 251400)
		average durage (s): 298.5
	Done (39.4 s).
	Preprocessing...
		0/1000000 killed tasks deleted
		456/1000000 tasks with value higer than 1.000000 deleted
		66000/999544 cpu values increased from 0 to 0.000625
		66000/999544 ram values increased from 0 to 0.000933
		4 columns deleted from X, containing task_usage info
	Done (2.5 s).
	Training random_forest... On 10 folds
Using random_forest
--------------------  ------------------------------------------  ------------------------------------  ----------------------------------------  ---------------------------  --------------------  -------------------  ---------------------------
task_events_priority  task_events_resource_request_for_CPU_cores  task_events_resource_request_for_RAM  task_events_different-machine_constraint  job_events_scheduling_class  job_events_user_name  job_events_job_name  job_events_job_name_logical
0.146108140183        0.123308018137                              0.273450937508                        0.0069394959991                           0.0380386409042              0.139280656851        0.172257205808       0.100616904609
--------------------  ------------------------------------------  ------------------------------------  ----------------------------------------  ---------------------------  --------------------  -------------------  ---------------------------
			Fold 0 	MAE: 0.020264 		RMSE: 0.036709
					Worst prediction: 0.599, should be 0.122.
					Mean prediction: 0.092, mean real: 0.092
					Std prediction: 0.063, std real: 0.073
					# real is zero: 9200
Using random_forest
--------------------  ------------------------------------------  ------------------------------------  ----------------------------------------  ---------------------------  --------------------  -------------------  ---------------------------
task_events_priority  task_events_resource_request_for_CPU_cores  task_events_resource_request_for_RAM  task_events_different-machine_constraint  job_events_scheduling_class  job_events_user_name  job_events_job_name  job_events_job_name_logical
0.139701726088        0.123667993739                              0.278432480692                        0.00679224323442                          0.0357908509013              0.13753167938         0.179451248425       0.0986317775406
--------------------  ------------------------------------------  ------------------------------------  ----------------------------------------  ---------------------------  --------------------  -------------------  ---------------------------
			Fold 1 	MAE: 0.020398 		RMSE: 0.036675
					Worst prediction: 0.596, should be 0.188.
					Mean prediction: 0.092, mean real: 0.092
					Std prediction: 0.064, std real: 0.073
					# real is zero: 8995
Using random_forest
--------------------  ------------------------------------------  ------------------------------------  ----------------------------------------  ---------------------------  --------------------  -------------------  ---------------------------
task_events_priority  task_events_resource_request_for_CPU_cores  task_events_resource_request_for_RAM  task_events_different-machine_constraint  job_events_scheduling_class  job_events_user_name  job_events_job_name  job_events_job_name_logical
0.143443766354        0.135267216729                              0.266193609535                        0.00572183562225                          0.0355744449411              0.127373108723        0.170116211969       0.116309806126
--------------------  ------------------------------------------  ------------------------------------  ----------------------------------------  ---------------------------  --------------------  -------------------  ---------------------------
			Fold 2 	MAE: 0.020476 		RMSE: 0.037495
					Worst prediction: 0.600, should be 0.129.
					Mean prediction: 0.092, mean real: 0.092
					Std prediction: 0.063, std real: 0.074
					# real is zero: 8987
Using random_forest
--------------------  ------------------------------------------  ------------------------------------  ----------------------------------------  ---------------------------  --------------------  -------------------  ---------------------------
task_events_priority  task_events_resource_request_for_CPU_cores  task_events_resource_request_for_RAM  task_events_different-machine_constraint  job_events_scheduling_class  job_events_user_name  job_events_job_name  job_events_job_name_logical
0.144063799329        0.138625747396                              0.267872080585                        0.00575938714655                          0.0456976107701              0.143277281676        0.15435401876        0.100350074337
--------------------  ------------------------------------------  ------------------------------------  ----------------------------------------  ---------------------------  --------------------  -------------------  ---------------------------
			Fold 3 	MAE: 0.020337 		RMSE: 0.036405
					Worst prediction: 0.596, should be 0.082.
					Mean prediction: 0.092, mean real: 0.092
					Std prediction: 0.063, std real: 0.073
					# real is zero: 8876
Using random_forest
--------------------  ------------------------------------------  ------------------------------------  ----------------------------------------  ---------------------------  --------------------  -------------------  ---------------------------
task_events_priority  task_events_resource_request_for_CPU_cores  task_events_resource_request_for_RAM  task_events_different-machine_constraint  job_events_scheduling_class  job_events_user_name  job_events_job_name  job_events_job_name_logical
0.145277667367        0.123883954579                              0.298026247506                        0.00658224640853                          0.0313456277224              0.139814625159        0.144187823575       0.110881807683
--------------------  ------------------------------------------  ------------------------------------  ----------------------------------------  ---------------------------  --------------------  -------------------  ---------------------------
			Fold 4 	MAE: 0.020228 		RMSE: 0.035840
					Worst prediction: 0.598, should be 0.105.
					Mean prediction: 0.092, mean real: 0.092
					Std prediction: 0.063, std real: 0.073
					# real is zero: 8986
Using random_forest
--------------------  ------------------------------------------  ------------------------------------  ----------------------------------------  ---------------------------  --------------------  -------------------  ---------------------------
task_events_priority  task_events_resource_request_for_CPU_cores  task_events_resource_request_for_RAM  task_events_different-machine_constraint  job_events_scheduling_class  job_events_user_name  job_events_job_name  job_events_job_name_logical
0.139407721357        0.132719280582                              0.266653325456                        0.00871950195951                          0.0348254353515              0.141764002755        0.16656557206        0.109345160479
--------------------  ------------------------------------------  ------------------------------------  ----------------------------------------  ---------------------------  --------------------  -------------------  ---------------------------
			Fold 5 	MAE: 0.020212 		RMSE: 0.035993
					Worst prediction: 0.598, should be 0.156.
					Mean prediction: 0.092, mean real: 0.092
					Std prediction: 0.063, std real: 0.073
					# real is zero: 9046
Using random_forest
--------------------  ------------------------------------------  ------------------------------------  ----------------------------------------  ---------------------------  --------------------  -------------------  ---------------------------
task_events_priority  task_events_resource_request_for_CPU_cores  task_events_resource_request_for_RAM  task_events_different-machine_constraint  job_events_scheduling_class  job_events_user_name  job_events_job_name  job_events_job_name_logical
0.129023306622        0.125489074585                              0.280711095075                        0.0077907021433                           0.0382891709807              0.135891945706        0.168664455629       0.11414024926
--------------------  ------------------------------------------  ------------------------------------  ----------------------------------------  ---------------------------  --------------------  -------------------  ---------------------------
			Fold 6 	MAE: 0.020427 		RMSE: 0.036934
					Worst prediction: 0.600, should be 0.144.
					Mean prediction: 0.092, mean real: 0.092
					Std prediction: 0.063, std real: 0.073
					# real is zero: 9056
Using random_forest
--------------------  ------------------------------------------  ------------------------------------  ----------------------------------------  ---------------------------  --------------------  -------------------  ---------------------------
task_events_priority  task_events_resource_request_for_CPU_cores  task_events_resource_request_for_RAM  task_events_different-machine_constraint  job_events_scheduling_class  job_events_user_name  job_events_job_name  job_events_job_name_logical
0.133694844531        0.142669124803                              0.277268512255                        0.00770157738083                          0.0403138455147              0.139488368344        0.156287301486       0.102576425685
--------------------  ------------------------------------------  ------------------------------------  ----------------------------------------  ---------------------------  --------------------  -------------------  ---------------------------
			Fold 7 	MAE: 0.020193 		RMSE: 0.035961
					Worst prediction: 0.598, should be 0.105.
					Mean prediction: 0.091, mean real: 0.091
					Std prediction: 0.063, std real: 0.073
					# real is zero: 9148
Using random_forest
--------------------  ------------------------------------------  ------------------------------------  ----------------------------------------  ---------------------------  --------------------  -------------------  ---------------------------
task_events_priority  task_events_resource_request_for_CPU_cores  task_events_resource_request_for_RAM  task_events_different-machine_constraint  job_events_scheduling_class  job_events_user_name  job_events_job_name  job_events_job_name_logical
0.131740780099        0.129049983165                              0.273302792872                        0.00485737004709                          0.0428170602783              0.13520351573         0.171550468678       0.11147802913
--------------------  ------------------------------------------  ------------------------------------  ----------------------------------------  ---------------------------  --------------------  -------------------  ---------------------------
			Fold 8 	MAE: 0.020295 		RMSE: 0.036313
					Worst prediction: 0.597, should be 0.087.
					Mean prediction: 0.092, mean real: 0.092
					Std prediction: 0.063, std real: 0.073
					# real is zero: 9183
Using random_forest
--------------------  ------------------------------------------  ------------------------------------  ----------------------------------------  ---------------------------  --------------------  -------------------  ---------------------------
task_events_priority  task_events_resource_request_for_CPU_cores  task_events_resource_request_for_RAM  task_events_different-machine_constraint  job_events_scheduling_class  job_events_user_name  job_events_job_name  job_events_job_name_logical
0.137338409841        0.123390077303                              0.25644548813                         0.00701513362101                          0.0395454042788              0.143726145985        0.177116934594       0.115422406247
--------------------  ------------------------------------------  ------------------------------------  ----------------------------------------  ---------------------------  --------------------  -------------------  ---------------------------
			Fold 9 	MAE: 0.020392 		RMSE: 0.037089
					Worst prediction: 0.596, should be 0.250.
					Mean prediction: 0.092, mean real: 0.092
					Std prediction: 0.064, std real: 0.074
					# real is zero: 9119
	Done (339.6 s).
Total error on 10 fold cross-validation: MAE: 0.020322		 RMSE: 0.036541
