	Retrieving X and t... 
		start_time (s) min-max: (600, 251145)
		end_time (s) min-max: (647, 251400)
		average durage (s): 298.5
	Done (8.5 s).
	Preprocessing...
		0/1000000 killed tasks deleted
		456/1000000 tasks with value higer than 1.000000 deleted
		1 columns deleted from X, containing task_usage info
	Done (1.2 s).
	Training random_forest... On 10 folds
Using random_forest
----------------------  ------------------
task_events_machine_ID  task_events_job_ID
0.0738356465232         0.926164353477
----------------------  ------------------
			Fold 0 	MAE: 0.018860 		RMSE: 0.033630
					Worst prediction: 0.597, should be 0.312.
					Mean prediction: 0.092, mean real: 0.092
					Std prediction: 0.064, std real: 0.072
					# real is zero: 8942
Using random_forest
----------------------  ------------------
task_events_machine_ID  task_events_job_ID
0.074696076562          0.925303923438
----------------------  ------------------
			Fold 1 	MAE: 0.019077 		RMSE: 0.034874
					Worst prediction: 0.595, should be 0.171.
					Mean prediction: 0.092, mean real: 0.092
					Std prediction: 0.064, std real: 0.073
					# real is zero: 9171
Using random_forest
----------------------  ------------------
task_events_machine_ID  task_events_job_ID
0.0754532149275         0.924546785073
----------------------  ------------------
			Fold 2 	MAE: 0.019004 		RMSE: 0.034785
					Worst prediction: 0.598, should be 0.159.
					Mean prediction: 0.092, mean real: 0.092
					Std prediction: 0.064, std real: 0.073
					# real is zero: 9071
Using random_forest
----------------------  ------------------
task_events_machine_ID  task_events_job_ID
0.0701010800321         0.929898919968
----------------------  ------------------
			Fold 3 	MAE: 0.019080 		RMSE: 0.034583
					Worst prediction: 0.600, should be 0.082.
					Mean prediction: 0.092, mean real: 0.092
					Std prediction: 0.064, std real: 0.073
					# real is zero: 9047
Using random_forest
----------------------  ------------------
task_events_machine_ID  task_events_job_ID
0.0754678556734         0.924532144327
----------------------  ------------------
			Fold 4 	MAE: 0.019084 		RMSE: 0.034899
					Worst prediction: 0.601, should be 0.105.
					Mean prediction: 0.092, mean real: 0.092
					Std prediction: 0.065, std real: 0.073
					# real is zero: 9148
Using random_forest
----------------------  ------------------
task_events_machine_ID  task_events_job_ID
0.0702231930013         0.929776806999
----------------------  ------------------
			Fold 5 	MAE: 0.018956 		RMSE: 0.034216
					Worst prediction: 0.597, should be 0.112.
					Mean prediction: 0.091, mean real: 0.091
					Std prediction: 0.064, std real: 0.073
					# real is zero: 9117
Using random_forest
----------------------  ------------------
task_events_machine_ID  task_events_job_ID
0.07494164439           0.92505835561
----------------------  ------------------
			Fold 6 	MAE: 0.019147 		RMSE: 0.034851
					Worst prediction: 0.599, should be 0.087.
					Mean prediction: 0.092, mean real: 0.092
					Std prediction: 0.064, std real: 0.073
					# real is zero: 9123
Using random_forest
----------------------  ------------------
task_events_machine_ID  task_events_job_ID
0.0788185249253         0.921181475075
----------------------  ------------------
			Fold 7 	MAE: 0.019127 		RMSE: 0.034795
					Worst prediction: 0.598, should be 0.105.
					Mean prediction: 0.092, mean real: 0.092
					Std prediction: 0.065, std real: 0.073
					# real is zero: 8901
Using random_forest
----------------------  ------------------
task_events_machine_ID  task_events_job_ID
0.0758015713957         0.924198428604
----------------------  ------------------
			Fold 8 	MAE: 0.019145 		RMSE: 0.034881
					Worst prediction: 0.597, should be 0.172.
					Mean prediction: 0.092, mean real: 0.092
					Std prediction: 0.064, std real: 0.073
					# real is zero: 8987
Using random_forest
----------------------  ------------------
task_events_machine_ID  task_events_job_ID
0.0793610605902         0.92063893941
----------------------  ------------------
			Fold 9 	MAE: 0.019257 		RMSE: 0.036119
					Worst prediction: 0.599, should be 0.188.
					Mean prediction: 0.092, mean real: 0.092
					Std prediction: 0.064, std real: 0.074
					# real is zero: 9089
	Done (877.3 s).
Total error on 10 fold cross-validation: MAE: 0.019074		 RMSE: 0.034763
