	Retrieving X and t... 	Done (3.6 s).
	Preprocessing...
		456/1000000 tasks with value higer than 1.000000 deleted
		66000/999544 cpu values increased from 0 to 0.000625
		0 columns deleted from X, containing task_usage info
	Done (0.5 s).
	Training baseline_users_limit... On 10 folds
Using baseline_users_limit
			Fold 0 	MAE: 0.059459 		RMSE: 0.083495
					Worst prediction: 0.222, should be 0.000.
					Mean prediction: 0.069, mean real: 0.092
					Std prediction: 0.051, std real: 0.073
					# real is zero: 9191
Using baseline_users_limit
			Fold 1 	MAE: 0.059478 		RMSE: 0.083520
					Worst prediction: 0.222, should be 0.000.
					Mean prediction: 0.069, mean real: 0.092
					Std prediction: 0.051, std real: 0.073
					# real is zero: 9046
Using baseline_users_limit
			Fold 2 	MAE: 0.059337 		RMSE: 0.083351
					Worst prediction: 0.222, should be 0.000.
					Mean prediction: 0.069, mean real: 0.092
					Std prediction: 0.051, std real: 0.073
					# real is zero: 8891
Using baseline_users_limit
			Fold 3 	MAE: 0.059598 		RMSE: 0.083326
					Worst prediction: 0.222, should be 0.000.
					Mean prediction: 0.069, mean real: 0.092
					Std prediction: 0.051, std real: 0.073
					# real is zero: 9171
Using baseline_users_limit
			Fold 4 	MAE: 0.059598 		RMSE: 0.083649
					Worst prediction: 0.222, should be 0.000.
					Mean prediction: 0.069, mean real: 0.092
					Std prediction: 0.051, std real: 0.073
					# real is zero: 9114
Using baseline_users_limit
			Fold 5 	MAE: 0.059459 		RMSE: 0.083448
					Worst prediction: 0.222, should be 0.000.
					Mean prediction: 0.069, mean real: 0.092
					Std prediction: 0.051, std real: 0.073
					# real is zero: 9144
Using baseline_users_limit
			Fold 6 	MAE: 0.059333 		RMSE: 0.083607
					Worst prediction: 0.222, should be 0.000.
					Mean prediction: 0.069, mean real: 0.092
					Std prediction: 0.051, std real: 0.073
					# real is zero: 9027
Using baseline_users_limit
			Fold 7 	MAE: 0.059524 		RMSE: 0.083349
					Worst prediction: 0.222, should be 0.000.
					Mean prediction: 0.069, mean real: 0.092
					Std prediction: 0.051, std real: 0.073
					# real is zero: 8907
Using baseline_users_limit
			Fold 8 	MAE: 0.059620 		RMSE: 0.083439
					Worst prediction: 0.222, should be 0.000.
					Mean prediction: 0.069, mean real: 0.092
					Std prediction: 0.052, std real: 0.073
					# real is zero: 9158
Using baseline_users_limit
			Fold 9 	MAE: 0.059378 		RMSE: 0.083482
					Worst prediction: 0.222, should be 0.000.
					Mean prediction: 0.069, mean real: 0.092
					Std prediction: 0.051, std real: 0.073
					# real is zero: 8947
	Done (22.6 s).
Total error on 10 fold cross-validation: MAE: 0.059479		 RMSE: 0.083467
