	Retrieving X and t... 	Done (1.3 s).
	Preprocessing...
		0/400000 tasks with value higer than 1.000000 deleted
		65199/400000 ram values increased from 0 to 0.003109
		0 columns deleted from X, containing task_usage info
	Done (0.2 s).
	Training baseline_users_limit... On 10 folds
Using baseline_users_limit
			Fold 0 	MAE: 0.047459 		RMSE: 0.061855
					Worst prediction: 0.098, should be 0.007.
					Mean prediction: 0.054, mean real: 0.030
					Std prediction: 0.039, std real: 0.029
					# real is zero: 19
Using baseline_users_limit
			Fold 1 	MAE: 0.048002 		RMSE: 0.062247
					Worst prediction: 0.098, should be 0.003.
					Mean prediction: 0.054, mean real: 0.030
					Std prediction: 0.039, std real: 0.029
					# real is zero: 18
Using baseline_users_limit
			Fold 2 	MAE: 0.047778 		RMSE: 0.062087
					Worst prediction: 0.098, should be 0.002.
					Mean prediction: 0.054, mean real: 0.030
					Std prediction: 0.039, std real: 0.029
					# real is zero: 13
Using baseline_users_limit
			Fold 3 	MAE: 0.047940 		RMSE: 0.062268
					Worst prediction: 0.098, should be 0.007.
					Mean prediction: 0.054, mean real: 0.030
					Std prediction: 0.039, std real: 0.030
					# real is zero: 11
Using baseline_users_limit
			Fold 4 	MAE: 0.047983 		RMSE: 0.062256
					Worst prediction: 0.098, should be 0.007.
					Mean prediction: 0.054, mean real: 0.030
					Std prediction: 0.039, std real: 0.030
					# real is zero: 21
Using baseline_users_limit
			Fold 5 	MAE: 0.048236 		RMSE: 0.062434
					Worst prediction: 0.095, should be 0.001.
					Mean prediction: 0.055, mean real: 0.030
					Std prediction: 0.039, std real: 0.029
					# real is zero: 25
Using baseline_users_limit
			Fold 6 	MAE: 0.047727 		RMSE: 0.062036
					Worst prediction: 0.098, should be 0.007.
					Mean prediction: 0.054, mean real: 0.030
					Std prediction: 0.039, std real: 0.030
					# real is zero: 16
Using baseline_users_limit
			Fold 7 	MAE: 0.047842 		RMSE: 0.062157
					Worst prediction: 0.098, should be 0.007.
					Mean prediction: 0.054, mean real: 0.030
					Std prediction: 0.039, std real: 0.029
					# real is zero: 15
Using baseline_users_limit
			Fold 8 	MAE: 0.048031 		RMSE: 0.062295
					Worst prediction: 0.098, should be 0.002.
					Mean prediction: 0.054, mean real: 0.030
					Std prediction: 0.039, std real: 0.030
					# real is zero: 13
Using baseline_users_limit
			Fold 9 	MAE: 0.047651 		RMSE: 0.062025
					Worst prediction: 0.098, should be 0.002.
					Mean prediction: 0.054, mean real: 0.030
					Std prediction: 0.039, std real: 0.029
					# real is zero: 18
	Done (15.7 s).
Total error on 10 fold cross-validation: MAE: 0.047865		 RMSE: 0.062166
