	Retrieving X and t... 
		start_time (s) min-max: (600, 251100)
		end_time (s) min-max: (900, 251400)
		average durage (s): 299.9
	Done (6.4 s).
	Preprocessing...
		0/200000 killed tasks deleted
		21/200000 tasks with zero prediction value deleted
		147/199979 tasks with value higer than 1.000000 deleted
		57646/199832 cpu values increased from 0 to 0.031250
		57646/199832 ram values increased from 0 to 0.003109
		4 columns deleted from X, containing task_usage info
	Done (0.9 s).
	Training random_forest... On 10 folds
Using random_forest
--------------------  ------------------------------------------  ------------------------------------  ----------------------------------------  ---------------------------  --------------------  -------------------  ---------------------------
task_events_priority  task_events_resource_request_for_CPU_cores  task_events_resource_request_for_RAM  task_events_different-machine_constraint  job_events_scheduling_class  job_events_user_name  job_events_job_name  job_events_job_name_logical
0.00473483958431      0.0779607330005                             0.21103217901                         0.0221059242992                           0.00642283336511             0.264256580211        0.233854941202       0.179631969328
--------------------  ------------------------------------------  ------------------------------------  ----------------------------------------  ---------------------------  --------------------  -------------------  ---------------------------
			Fold 0 	MAE: 0.014668 		RMSE: 0.030031
					Worst prediction: 0.099, should be 0.009.
					Mean prediction: 0.086, mean real: 0.086
					Std prediction: 0.043, std real: 0.052
					# real is zero: 0
Using random_forest
--------------------  ------------------------------------------  ------------------------------------  ----------------------------------------  ---------------------------  --------------------  -------------------  ---------------------------
task_events_priority  task_events_resource_request_for_CPU_cores  task_events_resource_request_for_RAM  task_events_different-machine_constraint  job_events_scheduling_class  job_events_user_name  job_events_job_name  job_events_job_name_logical
0.00437752829898      0.104697880927                              0.172257433797                        0.036799200556                            0.00393966492225             0.2540370865          0.22468912199        0.199202083011
--------------------  ------------------------------------------  ------------------------------------  ----------------------------------------  ---------------------------  --------------------  -------------------  ---------------------------
			Fold 1 	MAE: 0.014647 		RMSE: 0.029704
					Worst prediction: 0.099, should be 0.005.
					Mean prediction: 0.087, mean real: 0.087
					Std prediction: 0.042, std real: 0.052
					# real is zero: 0
Using random_forest
--------------------  ------------------------------------------  ------------------------------------  ----------------------------------------  ---------------------------  --------------------  -------------------  ---------------------------
task_events_priority  task_events_resource_request_for_CPU_cores  task_events_resource_request_for_RAM  task_events_different-machine_constraint  job_events_scheduling_class  job_events_user_name  job_events_job_name  job_events_job_name_logical
0.00468875689291      0.12129407256                               0.199665412725                        0.0234256350423                           0.00461714853018             0.238771924906        0.210981912297       0.196555137047
--------------------  ------------------------------------------  ------------------------------------  ----------------------------------------  ---------------------------  --------------------  -------------------  ---------------------------
			Fold 2 	MAE: 0.014369 		RMSE: 0.028647
					Worst prediction: 0.133, should be 0.030.
					Mean prediction: 0.087, mean real: 0.086
					Std prediction: 0.042, std real: 0.051
					# real is zero: 0
Using random_forest
--------------------  ------------------------------------------  ------------------------------------  ----------------------------------------  ---------------------------  --------------------  -------------------  ---------------------------
task_events_priority  task_events_resource_request_for_CPU_cores  task_events_resource_request_for_RAM  task_events_different-machine_constraint  job_events_scheduling_class  job_events_user_name  job_events_job_name  job_events_job_name_logical
0.00392277663309      0.0945525927866                             0.222801062066                        0.0243579751435                           0.00669996631804             0.203904099798        0.255887418372       0.187874108883
--------------------  ------------------------------------------  ------------------------------------  ----------------------------------------  ---------------------------  --------------------  -------------------  ---------------------------
			Fold 3 	MAE: 0.015007 		RMSE: 0.035239
					Worst prediction: 0.134, should be 0.039.
					Mean prediction: 0.086, mean real: 0.086
					Std prediction: 0.043, std real: 0.056
					# real is zero: 0
Using random_forest
--------------------  ------------------------------------------  ------------------------------------  ----------------------------------------  ---------------------------  --------------------  -------------------  ---------------------------
task_events_priority  task_events_resource_request_for_CPU_cores  task_events_resource_request_for_RAM  task_events_different-machine_constraint  job_events_scheduling_class  job_events_user_name  job_events_job_name  job_events_job_name_logical
0.0052916755265       0.0706623725723                             0.187169865592                        0.0371969265013                           0.00494210002763             0.247365937615        0.258119638877       0.189251483289
--------------------  ------------------------------------------  ------------------------------------  ----------------------------------------  ---------------------------  --------------------  -------------------  ---------------------------
			Fold 4 	MAE: 0.014598 		RMSE: 0.029892
					Worst prediction: 0.099, should be 0.007.
					Mean prediction: 0.086, mean real: 0.086
					Std prediction: 0.043, std real: 0.052
					# real is zero: 0
Using random_forest
--------------------  ------------------------------------------  ------------------------------------  ----------------------------------------  ---------------------------  --------------------  -------------------  ---------------------------
task_events_priority  task_events_resource_request_for_CPU_cores  task_events_resource_request_for_RAM  task_events_different-machine_constraint  job_events_scheduling_class  job_events_user_name  job_events_job_name  job_events_job_name_logical
0.00575219700224      0.107101702488                              0.167052293121                        0.03796932362                             0.00624857051502             0.188850641727        0.277413922008       0.209611349518
--------------------  ------------------------------------------  ------------------------------------  ----------------------------------------  ---------------------------  --------------------  -------------------  ---------------------------
			Fold 5 	MAE: 0.014774 		RMSE: 0.032777
					Worst prediction: 0.098, should be 0.016.
					Mean prediction: 0.086, mean real: 0.086
					Std prediction: 0.043, std real: 0.054
					# real is zero: 0
Using random_forest
--------------------  ------------------------------------------  ------------------------------------  ----------------------------------------  ---------------------------  --------------------  -------------------  ---------------------------
task_events_priority  task_events_resource_request_for_CPU_cores  task_events_resource_request_for_RAM  task_events_different-machine_constraint  job_events_scheduling_class  job_events_user_name  job_events_job_name  job_events_job_name_logical
0.00435162305598      0.102723111467                              0.181059316635                        0.0229627777806                           0.00508388412112             0.244586983874        0.242336668365       0.196895634701
--------------------  ------------------------------------------  ------------------------------------  ----------------------------------------  ---------------------------  --------------------  -------------------  ---------------------------
			Fold 6 	MAE: 0.014819 		RMSE: 0.031160
					Worst prediction: 0.118, should be 0.044.
					Mean prediction: 0.086, mean real: 0.086
					Std prediction: 0.043, std real: 0.053
					# real is zero: 0
Using random_forest
--------------------  ------------------------------------------  ------------------------------------  ----------------------------------------  ---------------------------  --------------------  -------------------  ---------------------------
task_events_priority  task_events_resource_request_for_CPU_cores  task_events_resource_request_for_RAM  task_events_different-machine_constraint  job_events_scheduling_class  job_events_user_name  job_events_job_name  job_events_job_name_logical
0.00571874183624      0.0735497059727                             0.227410507376                        0.023550374721                            0.00466875224426             0.22504582564         0.246133182745       0.193922909464
--------------------  ------------------------------------------  ------------------------------------  ----------------------------------------  ---------------------------  --------------------  -------------------  ---------------------------
			Fold 7 	MAE: 0.014823 		RMSE: 0.030787
					Worst prediction: 0.099, should be 0.025.
					Mean prediction: 0.086, mean real: 0.086
					Std prediction: 0.043, std real: 0.053
					# real is zero: 0
Using random_forest
--------------------  ------------------------------------------  ------------------------------------  ----------------------------------------  ---------------------------  --------------------  -------------------  ---------------------------
task_events_priority  task_events_resource_request_for_CPU_cores  task_events_resource_request_for_RAM  task_events_different-machine_constraint  job_events_scheduling_class  job_events_user_name  job_events_job_name  job_events_job_name_logical
0.00743451021899      0.0959594084322                             0.199160509751                        0.0256282262121                           0.00418473948725             0.243459670742        0.229060241591       0.195112693565
--------------------  ------------------------------------------  ------------------------------------  ----------------------------------------  ---------------------------  --------------------  -------------------  ---------------------------
			Fold 8 	MAE: 0.014744 		RMSE: 0.033926
					Worst prediction: 0.099, should be 0.004.
					Mean prediction: 0.086, mean real: 0.087
					Std prediction: 0.042, std real: 0.054
					# real is zero: 0
Using random_forest
--------------------  ------------------------------------------  ------------------------------------  ----------------------------------------  ---------------------------  --------------------  -------------------  ---------------------------
task_events_priority  task_events_resource_request_for_CPU_cores  task_events_resource_request_for_RAM  task_events_different-machine_constraint  job_events_scheduling_class  job_events_user_name  job_events_job_name  job_events_job_name_logical
0.00472775876137      0.0855176545664                             0.145314514662                        0.0303547157782                           0.00424867979652             0.243821095946        0.283357907072       0.202657673417
--------------------  ------------------------------------------  ------------------------------------  ----------------------------------------  ---------------------------  --------------------  -------------------  ---------------------------
			Fold 9 	MAE: 0.014458 		RMSE: 0.029312
					Worst prediction: 0.081, should be 0.011.
					Mean prediction: 0.087, mean real: 0.087
					Std prediction: 0.042, std real: 0.051
					# real is zero: 0
	Done (56.4 s).
Total error on 10 fold cross-validation: MAE: 0.014691		 RMSE: 0.031147
