	Retrieving X and t... 	Done (8.6 s).
	Preprocessing...
		456/1000000 tasks with value higer than 1.000000 deleted
		0 columns deleted from X, containing task_usage info
	Done (0.4 s).
	Training random_forest... On 10 folds
number of new elements 0. El in test: 120. in train: 120 n: 1000000
Using random_forest
----------------------  ---------------------------
task_events_machine_ID  job_events_job_name_logical
0.0915592863133         0.908440713687
----------------------  ---------------------------
			Fold 0 	MAE: 0.019167 		RMSE: 0.034991
					Worst prediction: 0.597, should be 0.188.
					Mean prediction: 0.092, mean real: 0.092
					Std prediction: 0.064, std real: 0.073
					# real is zero: 9009
number of new elements 0. El in test: 120. in train: 120 n: 1000000
Using random_forest
----------------------  ---------------------------
task_events_machine_ID  job_events_job_name_logical
0.0852377051159         0.914762294884
----------------------  ---------------------------
			Fold 1 	MAE: 0.019067 		RMSE: 0.034471
					Worst prediction: 0.597, should be 0.144.
					Mean prediction: 0.092, mean real: 0.092
					Std prediction: 0.064, std real: 0.073
					# real is zero: 9127
number of new elements 0. El in test: 120. in train: 120 n: 1000000
Using random_forest
----------------------  ---------------------------
task_events_machine_ID  job_events_job_name_logical
0.0808453299887         0.919154670011
----------------------  ---------------------------
			Fold 2 	MAE: 0.018996 		RMSE: 0.034568
					Worst prediction: 0.599, should be 0.082.
					Mean prediction: 0.092, mean real: 0.092
					Std prediction: 0.064, std real: 0.073
					# real is zero: 9091
number of new elements 0. El in test: 120. in train: 120 n: 1000000
Using random_forest
----------------------  ---------------------------
task_events_machine_ID  job_events_job_name_logical
0.0851858923245         0.914814107675
----------------------  ---------------------------
			Fold 3 	MAE: 0.018970 		RMSE: 0.034338
					Worst prediction: 0.597, should be 0.129.
					Mean prediction: 0.091, mean real: 0.091
					Std prediction: 0.065, std real: 0.073
					# real is zero: 9189
number of new elements 0. El in test: 120. in train: 120 n: 1000000
Using random_forest
----------------------  ---------------------------
task_events_machine_ID  job_events_job_name_logical
0.0864277993088         0.913572200691
----------------------  ---------------------------
			Fold 4 	MAE: 0.019090 		RMSE: 0.035251
					Worst prediction: 0.598, should be 0.087.
					Mean prediction: 0.092, mean real: 0.092
					Std prediction: 0.065, std real: 0.074
					# real is zero: 9147
number of new elements 0. El in test: 120. in train: 120 n: 1000000
Using random_forest
----------------------  ---------------------------
task_events_machine_ID  job_events_job_name_logical
0.0832123814508         0.916787618549
----------------------  ---------------------------
			Fold 5 	MAE: 0.019154 		RMSE: 0.035098
					Worst prediction: 0.600, should be 0.156.
					Mean prediction: 0.092, mean real: 0.092
					Std prediction: 0.064, std real: 0.073
					# real is zero: 9058
number of new elements 0. El in test: 120. in train: 120 n: 1000000
Using random_forest
----------------------  ---------------------------
task_events_machine_ID  job_events_job_name_logical
0.0881389581371         0.911861041863
----------------------  ---------------------------
			Fold 6 	MAE: 0.019207 		RMSE: 0.035375
					Worst prediction: 0.601, should be 0.105.
					Mean prediction: 0.092, mean real: 0.092
					Std prediction: 0.065, std real: 0.073
					# real is zero: 8814
number of new elements 0. El in test: 120. in train: 120 n: 1000000
Using random_forest
----------------------  ---------------------------
task_events_machine_ID  job_events_job_name_logical
0.0805103147958         0.919489685204
----------------------  ---------------------------
			Fold 7 	MAE: 0.019013 		RMSE: 0.034334
					Worst prediction: 0.596, should be 0.171.
					Mean prediction: 0.092, mean real: 0.092
					Std prediction: 0.064, std real: 0.073
					# real is zero: 9141
number of new elements 0. El in test: 120. in train: 120 n: 1000000
Using random_forest
----------------------  ---------------------------
task_events_machine_ID  job_events_job_name_logical
0.0866256474601         0.91337435254
----------------------  ---------------------------
			Fold 8 	MAE: 0.019050 		RMSE: 0.034673
					Worst prediction: 0.597, should be 0.112.
					Mean prediction: 0.092, mean real: 0.092
					Std prediction: 0.064, std real: 0.073
					# real is zero: 9090
number of new elements 0. El in test: 120. in train: 120 n: 1000000
Using random_forest
----------------------  ---------------------------
task_events_machine_ID  job_events_job_name_logical
0.0857765444543         0.914223455546
----------------------  ---------------------------
			Fold 9 	MAE: 0.019019 		RMSE: 0.034550
					Worst prediction: 0.206, should be 0.000.
					Mean prediction: 0.092, mean real: 0.092
					Std prediction: 0.064, std real: 0.073
					# real is zero: 8930
	Done (845.8 s).
Total error on 10 fold cross-validation: MAE: 0.019073		 RMSE: 0.034765
