	Retrieving X and t... 	Done (0.7 s).
	Preprocessing...
		0/200000 tasks with value higer than 1.000000 deleted
		57675/200000 ram values increased from 0 to 0.003109
		0 columns deleted from X, containing task_usage info
	Done (0.1 s).
	Training baseline_users_limit... On 10 folds
Using baseline_users_limit
			Fold 0 	MAE: 0.072643 		RMSE: 0.078783
					Worst prediction: 0.098, should be 0.007.
					Mean prediction: 0.067, mean real: 0.040
					Std prediction: 0.043, std real: 0.038
					# real is zero: 1
Using baseline_users_limit
			Fold 1 	MAE: 0.072550 		RMSE: 0.078716
					Worst prediction: 0.098, should be 0.007.
					Mean prediction: 0.068, mean real: 0.039
					Std prediction: 0.043, std real: 0.038
					# real is zero: 0
Using baseline_users_limit
			Fold 2 	MAE: 0.072730 		RMSE: 0.078820
					Worst prediction: 0.098, should be 0.007.
					Mean prediction: 0.067, mean real: 0.039
					Std prediction: 0.044, std real: 0.038
					# real is zero: 1
Using baseline_users_limit
			Fold 3 	MAE: 0.073454 		RMSE: 0.079312
					Worst prediction: 0.098, should be 0.002.
					Mean prediction: 0.068, mean real: 0.039
					Std prediction: 0.043, std real: 0.038
					# real is zero: 0
Using baseline_users_limit
			Fold 4 	MAE: 0.073153 		RMSE: 0.079058
					Worst prediction: 0.098, should be 0.002.
					Mean prediction: 0.067, mean real: 0.039
					Std prediction: 0.043, std real: 0.038
					# real is zero: 2
Using baseline_users_limit
			Fold 5 	MAE: 0.072623 		RMSE: 0.078737
					Worst prediction: 0.098, should be 0.007.
					Mean prediction: 0.067, mean real: 0.039
					Std prediction: 0.043, std real: 0.038
					# real is zero: 1
Using baseline_users_limit
			Fold 6 	MAE: 0.072697 		RMSE: 0.078749
					Worst prediction: 0.098, should be 0.002.
					Mean prediction: 0.068, mean real: 0.039
					Std prediction: 0.043, std real: 0.038
					# real is zero: 0
Using baseline_users_limit
			Fold 7 	MAE: 0.072797 		RMSE: 0.078821
					Worst prediction: 0.095, should be 0.001.
					Mean prediction: 0.068, mean real: 0.039
					Std prediction: 0.043, std real: 0.038
					# real is zero: 1
Using baseline_users_limit
			Fold 8 	MAE: 0.073095 		RMSE: 0.079036
					Worst prediction: 0.098, should be 0.007.
					Mean prediction: 0.067, mean real: 0.039
					Std prediction: 0.044, std real: 0.038
					# real is zero: 3
Using baseline_users_limit
			Fold 9 	MAE: 0.072569 		RMSE: 0.078740
					Worst prediction: 0.098, should be 0.007.
					Mean prediction: 0.067, mean real: 0.039
					Std prediction: 0.043, std real: 0.038
					# real is zero: 3
	Done (12.0 s).
Total error on 10 fold cross-validation: MAE: 0.072831		 RMSE: 0.078877
