	Retrieving X and t... 
		start_time (s) min-max: (600, 251145)
		end_time (s) min-max: (647, 251400)
		average durage (s): 298.5
	Done (8.8 s).
	Preprocessing...
		0/1000000 killed tasks deleted
		456/1000000 tasks with value higer than 1.000000 deleted
		Daily representation used
		1 columns deleted from X, containing task_usage info
	Done (1.2 s).
	Training random_forest... On 10 folds
Using random_forest
----------------------  ------------------
task_events_machine_ID  task_events_job_ID
0.0755223025751         0.924477697425
----------------------  ------------------
			Fold 0 	MAE: 0.019098 		RMSE: 0.035315
					Worst prediction: 0.599, should be 0.105.
					Mean prediction: 0.092, mean real: 0.092
					Std prediction: 0.064, std real: 0.073
					# real is zero: 8939
Using random_forest
----------------------  ------------------
task_events_machine_ID  task_events_job_ID
0.0705980036143         0.929401996386
----------------------  ------------------
			Fold 1 	MAE: 0.019123 		RMSE: 0.034849
					Worst prediction: 0.598, should be 0.156.
					Mean prediction: 0.092, mean real: 0.092
					Std prediction: 0.065, std real: 0.074
					# real is zero: 9017
Using random_forest
----------------------  ------------------
task_events_machine_ID  task_events_job_ID
0.0743000558473         0.925699944153
----------------------  ------------------
			Fold 2 	MAE: 0.019018 		RMSE: 0.034543
					Worst prediction: 0.600, should be 0.087.
					Mean prediction: 0.092, mean real: 0.092
					Std prediction: 0.064, std real: 0.073
					# real is zero: 9176
Using random_forest
----------------------  ------------------
task_events_machine_ID  task_events_job_ID
0.0706212103403         0.92937878966
----------------------  ------------------
			Fold 3 	MAE: 0.019133 		RMSE: 0.034358
					Worst prediction: 0.599, should be 0.082.
					Mean prediction: 0.092, mean real: 0.092
					Std prediction: 0.065, std real: 0.073
					# real is zero: 8963
Using random_forest
----------------------  ------------------
task_events_machine_ID  task_events_job_ID
0.075594766861          0.924405233139
----------------------  ------------------
			Fold 4 	MAE: 0.019083 		RMSE: 0.034478
					Worst prediction: 0.596, should be 0.240.
					Mean prediction: 0.092, mean real: 0.092
					Std prediction: 0.064, std real: 0.073
					# real is zero: 9132
Using random_forest
----------------------  ------------------
task_events_machine_ID  task_events_job_ID
0.0733729154557         0.926627084544
----------------------  ------------------
			Fold 5 	MAE: 0.019090 		RMSE: 0.034734
					Worst prediction: 0.597, should be 0.156.
					Mean prediction: 0.092, mean real: 0.092
					Std prediction: 0.065, std real: 0.073
					# real is zero: 9152
Using random_forest
----------------------  ------------------
task_events_machine_ID  task_events_job_ID
0.0756996099938         0.924300390006
----------------------  ------------------
			Fold 6 	MAE: 0.019030 		RMSE: 0.034837
					Worst prediction: 0.599, should be 0.159.
					Mean prediction: 0.091, mean real: 0.092
					Std prediction: 0.064, std real: 0.073
					# real is zero: 9214
Using random_forest
----------------------  ------------------
task_events_machine_ID  task_events_job_ID
0.0793716721326         0.920628327867
----------------------  ------------------
			Fold 7 	MAE: 0.018938 		RMSE: 0.034596
					Worst prediction: 0.598, should be 0.188.
					Mean prediction: 0.092, mean real: 0.092
					Std prediction: 0.064, std real: 0.073
					# real is zero: 8998
Using random_forest
----------------------  ------------------
task_events_machine_ID  task_events_job_ID
0.0692023188365         0.930797681164
----------------------  ------------------
			Fold 8 	MAE: 0.019069 		RMSE: 0.034506
					Worst prediction: 0.597, should be 0.185.
					Mean prediction: 0.092, mean real: 0.092
					Std prediction: 0.065, std real: 0.073
					# real is zero: 9157
Using random_forest
----------------------  ------------------
task_events_machine_ID  task_events_job_ID
0.0708418643146         0.929158135685
----------------------  ------------------
			Fold 9 	MAE: 0.019160 		RMSE: 0.035454
					Worst prediction: 0.597, should be 0.129.
					Mean prediction: 0.092, mean real: 0.092
					Std prediction: 0.064, std real: 0.074
					# real is zero: 8848
	Done (881.3 s).
Total error on 10 fold cross-validation: MAE: 0.019074		 RMSE: 0.034767
