	Retrieving X and t... 
		start_time (s) min-max: (600, 251100)
		end_time (s) min-max: (900, 251400)
		average durage (s): 299.7
	Done (13.2 s).
	Preprocessing...
		0/400000 killed tasks deleted
		202/400000 tasks with value higer than 1.000000 deleted
		65164/399798 cpu values increased from 0 to 0.015620
		65164/399798 ram values increased from 0 to 0.003109
		4 columns deleted from X, containing task_usage info
	Done (1.1 s).
	Training random_forest... On 10 folds
Using random_forest
--------------------  ------------------------------------------  ------------------------------------  ----------------------------------------  ---------------------------  --------------------  -------------------  ---------------------------
task_events_priority  task_events_resource_request_for_CPU_cores  task_events_resource_request_for_RAM  task_events_different-machine_constraint  job_events_scheduling_class  job_events_user_name  job_events_job_name  job_events_job_name_logical
0.0231430305799       0.0888467148159                             0.235229967651                        0.0166122925062                           0.00973385212319             0.181723741286        0.212155212011       0.232555189027
--------------------  ------------------------------------------  ------------------------------------  ----------------------------------------  ---------------------------  --------------------  -------------------  ---------------------------
			Fold 0 	MAE: 0.015889 		RMSE: 0.030940
					Worst prediction: 0.081, should be 0.000.
					Mean prediction: 0.082, mean real: 0.082
					Std prediction: 0.037, std real: 0.048
					# real is zero: 15
Using random_forest
--------------------  ------------------------------------------  ------------------------------------  ----------------------------------------  ---------------------------  --------------------  -------------------  ---------------------------
task_events_priority  task_events_resource_request_for_CPU_cores  task_events_resource_request_for_RAM  task_events_different-machine_constraint  job_events_scheduling_class  job_events_user_name  job_events_job_name  job_events_job_name_logical
0.0300260612638       0.0648194805981                             0.192836057881                        0.0176060094829                           0.0105429945752              0.221633680999        0.219986139347       0.242549575853
--------------------  ------------------------------------------  ------------------------------------  ----------------------------------------  ---------------------------  --------------------  -------------------  ---------------------------
			Fold 1 	MAE: 0.016057 		RMSE: 0.031964
					Worst prediction: 0.117, should be 0.000.
					Mean prediction: 0.082, mean real: 0.082
					Std prediction: 0.037, std real: 0.049
					# real is zero: 20
Using random_forest
--------------------  ------------------------------------------  ------------------------------------  ----------------------------------------  ---------------------------  --------------------  -------------------  ---------------------------
task_events_priority  task_events_resource_request_for_CPU_cores  task_events_resource_request_for_RAM  task_events_different-machine_constraint  job_events_scheduling_class  job_events_user_name  job_events_job_name  job_events_job_name_logical
0.0190354004392       0.0798265976601                             0.250371137591                        0.0208812918902                           0.00831249017136             0.163486909201        0.206035260498       0.252050912549
--------------------  ------------------------------------------  ------------------------------------  ----------------------------------------  ---------------------------  --------------------  -------------------  ---------------------------
			Fold 2 	MAE: 0.015844 		RMSE: 0.030492
					Worst prediction: 0.099, should be 0.005.
					Mean prediction: 0.082, mean real: 0.082
					Std prediction: 0.037, std real: 0.048
					# real is zero: 14
Using random_forest
--------------------  ------------------------------------------  ------------------------------------  ----------------------------------------  ---------------------------  --------------------  -------------------  ---------------------------
task_events_priority  task_events_resource_request_for_CPU_cores  task_events_resource_request_for_RAM  task_events_different-machine_constraint  job_events_scheduling_class  job_events_user_name  job_events_job_name  job_events_job_name_logical
0.0200160539221       0.0965034073104                             0.222982266217                        0.0143682925518                           0.0106100901163              0.167193860684        0.217976145654       0.250349883545
--------------------  ------------------------------------------  ------------------------------------  ----------------------------------------  ---------------------------  --------------------  -------------------  ---------------------------
			Fold 3 	MAE: 0.015687 		RMSE: 0.029146
					Worst prediction: 0.081, should be 0.000.
					Mean prediction: 0.082, mean real: 0.082
					Std prediction: 0.037, std real: 0.047
					# real is zero: 23
Using random_forest
--------------------  ------------------------------------------  ------------------------------------  ----------------------------------------  ---------------------------  --------------------  -------------------  ---------------------------
task_events_priority  task_events_resource_request_for_CPU_cores  task_events_resource_request_for_RAM  task_events_different-machine_constraint  job_events_scheduling_class  job_events_user_name  job_events_job_name  job_events_job_name_logical
0.0291346821317       0.068793024895                              0.235635245173                        0.0186734222257                           0.0118340231912              0.191257403114        0.204942235472       0.239729963797
--------------------  ------------------------------------------  ------------------------------------  ----------------------------------------  ---------------------------  --------------------  -------------------  ---------------------------
			Fold 4 	MAE: 0.015960 		RMSE: 0.030390
					Worst prediction: 0.099, should be 0.016.
					Mean prediction: 0.082, mean real: 0.082
					Std prediction: 0.038, std real: 0.048
					# real is zero: 15
Using random_forest
--------------------  ------------------------------------------  ------------------------------------  ----------------------------------------  ---------------------------  --------------------  -------------------  ---------------------------
task_events_priority  task_events_resource_request_for_CPU_cores  task_events_resource_request_for_RAM  task_events_different-machine_constraint  job_events_scheduling_class  job_events_user_name  job_events_job_name  job_events_job_name_logical
0.0222538344743       0.063333666723                              0.24417230858                         0.0234481375631                           0.0145109452972              0.194177349504        0.215717457517       0.222386300342
--------------------  ------------------------------------------  ------------------------------------  ----------------------------------------  ---------------------------  --------------------  -------------------  ---------------------------
			Fold 5 	MAE: 0.015883 		RMSE: 0.029337
					Worst prediction: 0.099, should be 0.004.
					Mean prediction: 0.082, mean real: 0.082
					Std prediction: 0.037, std real: 0.047
					# real is zero: 20
Using random_forest
--------------------  ------------------------------------------  ------------------------------------  ----------------------------------------  ---------------------------  --------------------  -------------------  ---------------------------
task_events_priority  task_events_resource_request_for_CPU_cores  task_events_resource_request_for_RAM  task_events_different-machine_constraint  job_events_scheduling_class  job_events_user_name  job_events_job_name  job_events_job_name_logical
0.0264418046639       0.0709868962806                             0.214670315198                        0.0167901690511                           0.0100928752777              0.237776609807        0.197625904685       0.225615425036
--------------------  ------------------------------------------  ------------------------------------  ----------------------------------------  ---------------------------  --------------------  -------------------  ---------------------------
			Fold 6 	MAE: 0.015960 		RMSE: 0.031391
					Worst prediction: 0.117, should be 0.000.
					Mean prediction: 0.082, mean real: 0.082
					Std prediction: 0.037, std real: 0.049
					# real is zero: 17
Using random_forest
--------------------  ------------------------------------------  ------------------------------------  ----------------------------------------  ---------------------------  --------------------  -------------------  ---------------------------
task_events_priority  task_events_resource_request_for_CPU_cores  task_events_resource_request_for_RAM  task_events_different-machine_constraint  job_events_scheduling_class  job_events_user_name  job_events_job_name  job_events_job_name_logical
0.0171322332046       0.0815621663995                             0.184267640162                        0.0187392640619                           0.010386229661               0.231696634694        0.20773126459        0.248484567228
--------------------  ------------------------------------------  ------------------------------------  ----------------------------------------  ---------------------------  --------------------  -------------------  ---------------------------
			Fold 7 	MAE: 0.015768 		RMSE: 0.029222
					Worst prediction: 0.134, should be 0.039.
					Mean prediction: 0.082, mean real: 0.082
					Std prediction: 0.037, std real: 0.047
					# real is zero: 14
Using random_forest
--------------------  ------------------------------------------  ------------------------------------  ----------------------------------------  ---------------------------  --------------------  -------------------  ---------------------------
task_events_priority  task_events_resource_request_for_CPU_cores  task_events_resource_request_for_RAM  task_events_different-machine_constraint  job_events_scheduling_class  job_events_user_name  job_events_job_name  job_events_job_name_logical
0.0305559072168       0.0703061740679                             0.216061326145                        0.0143325643347                           0.00948938972744             0.220694754311        0.209927128793       0.228632755404
--------------------  ------------------------------------------  ------------------------------------  ----------------------------------------  ---------------------------  --------------------  -------------------  ---------------------------
			Fold 8 	MAE: 0.015775 		RMSE: 0.030403
					Worst prediction: 0.081, should be 0.000.
					Mean prediction: 0.082, mean real: 0.082
					Std prediction: 0.037, std real: 0.048
					# real is zero: 16
Using random_forest
--------------------  ------------------------------------------  ------------------------------------  ----------------------------------------  ---------------------------  --------------------  -------------------  ---------------------------
task_events_priority  task_events_resource_request_for_CPU_cores  task_events_resource_request_for_RAM  task_events_different-machine_constraint  job_events_scheduling_class  job_events_user_name  job_events_job_name  job_events_job_name_logical
0.027429791654        0.0883067054167                             0.237598071336                        0.0125901013631                           0.00874267943742             0.210381260179        0.190043149336       0.224908241278
--------------------  ------------------------------------------  ------------------------------------  ----------------------------------------  ---------------------------  --------------------  -------------------  ---------------------------
			Fold 9 	MAE: 0.015802 		RMSE: 0.029177
					Worst prediction: 0.099, should be 0.007.
					Mean prediction: 0.082, mean real: 0.081
					Std prediction: 0.037, std real: 0.047
					# real is zero: 22
	Done (109.8 s).
Total error on 10 fold cross-validation: MAE: 0.015862		 RMSE: 0.030246
