	Retrieving X and t... 	Done (3.3 s).
	Preprocessing...
		310/600000 tasks with value higer than 1.000000 deleted
		0 columns deleted from X, containing task_usage info
	Done (0.2 s).
	Training baseline_average_overJobid... On 10 folds
Using baseline_average_overJobid
			Fold 0 	MAE: 0.017761 		RMSE: 0.032449
					Worst prediction: 0.597, should be 0.087.
					Mean prediction: 0.089, mean real: 0.089
					Std prediction: 0.048, std real: 0.058
					# real is zero: 259
Using baseline_average_overJobid
			Fold 1 	MAE: 0.017710 		RMSE: 0.031660
					Worst prediction: 0.599, should be 0.082.
					Mean prediction: 0.090, mean real: 0.090
					Std prediction: 0.049, std real: 0.058
					# real is zero: 271
Using baseline_average_overJobid
			Fold 2 	MAE: 0.017735 		RMSE: 0.031211
					Worst prediction: 0.599, should be 0.129.
					Mean prediction: 0.090, mean real: 0.090
					Std prediction: 0.049, std real: 0.058
					# real is zero: 276
Using baseline_average_overJobid
			Fold 3 	MAE: 0.017722 		RMSE: 0.032073
					Worst prediction: 0.598, should be 0.105.
					Mean prediction: 0.089, mean real: 0.089
					Std prediction: 0.048, std real: 0.058
					# real is zero: 283
Using baseline_average_overJobid
			Fold 4 	MAE: 0.017642 		RMSE: 0.031262
					Worst prediction: 0.598, should be 0.221.
					Mean prediction: 0.090, mean real: 0.089
					Std prediction: 0.049, std real: 0.058
					# real is zero: 302
Using baseline_average_overJobid
			Fold 5 	MAE: 0.017574 		RMSE: 0.031518
					Worst prediction: 0.598, should be 0.112.
					Mean prediction: 0.089, mean real: 0.089
					Std prediction: 0.048, std real: 0.058
					# real is zero: 287
Using baseline_average_overJobid
			Fold 6 	MAE: 0.017939 		RMSE: 0.033832
					Worst prediction: 0.598, should be 0.105.
					Mean prediction: 0.089, mean real: 0.090
					Std prediction: 0.048, std real: 0.059
					# real is zero: 299
Using baseline_average_overJobid
			Fold 7 	MAE: 0.017831 		RMSE: 0.031466
					Worst prediction: 0.596, should be 0.122.
					Mean prediction: 0.090, mean real: 0.090
					Std prediction: 0.049, std real: 0.058
					# real is zero: 270
Using baseline_average_overJobid
			Fold 8 	MAE: 0.017738 		RMSE: 0.032483
					Worst prediction: 0.599, should be 0.155.
					Mean prediction: 0.089, mean real: 0.089
					Std prediction: 0.048, std real: 0.058
					# real is zero: 267
Using baseline_average_overJobid
			Fold 9 	MAE: 0.017455 		RMSE: 0.029881
					Worst prediction: 0.596, should be 0.171.
					Mean prediction: 0.089, mean real: 0.089
					Std prediction: 0.049, std real: 0.057
					# real is zero: 246
	Done (28.1 s).
Total error on 10 fold cross-validation: MAE: 0.017711		 RMSE: 0.031783
