MAE avgs                                            100000     200000     400000     600000     800000    1000000
-----------------------------------------------  ---------  ---------  ---------  ---------  ---------  ---------
compareAlgs_shuffled_random_forest               0.0142186  0.0146921  0.0158627  0.0176843  0.0198567  0.0203222
compareAlgs_shuffled_baseline_users_limit        0.0500664  0.0526154  0.0428264  0.0398373  0.0468372  0.0594786
compareAlgs_shuffled_adaboost                    0.0272127  0.0397816  0.0401166  0.0654707  0.18907    0.182263
compareAlgs_shuffled_baseline_average_overJobid  0.0142183  0.014693   0.0158616  0.0177107  0.0203298  0.020881

MAE stds                                              100000       200000       400000       600000       800000      1000000
-----------------------------------------------  -----------  -----------  -----------  -----------  -----------  -----------
compareAlgs_shuffled_random_forest               0.000371534  0.000170165  5.08649e-05  6.67869e-05  7.77268e-05  9.34495e-05
compareAlgs_shuffled_baseline_users_limit        0.000445387  0.000281272  0.00015466   0.000149559  0.000193403  0.000101327
compareAlgs_shuffled_adaboost                    0.000796717  0.00073974   0.0177719    0.0181587    0.0326869    0.0629021
compareAlgs_shuffled_baseline_average_overJobid  0.000139415  0.000184676  0.000133759  0.000126248  9.32106e-05  4.85693e-05

RMSE avgs                                           100000     200000     400000     600000     800000    1000000
-----------------------------------------------  ---------  ---------  ---------  ---------  ---------  ---------
compareAlgs_shuffled_random_forest               0.0271731  0.0311782  0.0302568  0.0317522  0.0358159  0.0365413
compareAlgs_shuffled_baseline_users_limit        0.0675088  0.0663382  0.0577487  0.0572387  0.0696255  0.0834666
compareAlgs_shuffled_adaboost                    0.0381076  0.0497381  0.0527056  0.0816746  0.211533   0.211434
compareAlgs_shuffled_baseline_average_overJobid  0.0272684  0.0311577  0.0302488  0.0317834  0.0366021  0.0374316

RMSE stds                                             100000       200000       400000       600000       800000      1000000
-----------------------------------------------  -----------  -----------  -----------  -----------  -----------  -----------
compareAlgs_shuffled_random_forest               0.00287831   0.00155503   0.000537824  0.000462212  0.000484833  0.000510834
compareAlgs_shuffled_baseline_users_limit        0.000987984  0.00106165   0.000549694  0.000534267  0.000550919  0.000102421
compareAlgs_shuffled_adaboost                    0.000819107  0.000552103  0.0206067    0.0190993    0.0324803    0.0661022
compareAlgs_shuffled_baseline_average_overJobid  0.00175476   0.00193228   0.000885945  0.000980655  0.000652154  0.000380985

