	Retrieving X and t... 
		start_time (s) min-max: (600, 251145)
		end_time (s) min-max: (891, 251400)
		average durage (s): 298.5
	Done (31.2 s).
	Preprocessing...
		0/800000 killed tasks deleted
		405/800000 tasks with value higer than 1.000000 deleted
		66000/799595 cpu values increased from 0 to 0.000625
		66000/799595 ram values increased from 0 to 0.000933
		4 columns deleted from X, containing task_usage info
	Done (2.5 s).
	Training random_forest... On 10 folds
Using random_forest
--------------------  ------------------------------------------  ------------------------------------  ----------------------------------------  ---------------------------  --------------------  -------------------  ---------------------------  -------------------
task_events_priority  task_events_resource_request_for_CPU_cores  task_events_resource_request_for_RAM  task_events_different-machine_constraint  job_events_scheduling_class  job_events_user_name  job_events_job_name  job_events_job_name_logical  moving_average_n=10
0.0176478839037       0.0975301174674                             0.126220923823                        0.00114820312592                          0.00546673431461             0.0395648900961       0.0587284466183      0.0452513426254              0.608441458025
--------------------  ------------------------------------------  ------------------------------------  ----------------------------------------  ---------------------------  --------------------  -------------------  ---------------------------  -------------------
			Fold 0 	MAE: 0.019926 		RMSE: 0.036933
					Worst prediction: 0.845, should be 0.379.
					Mean prediction: 0.093, mean real: 0.093
					Std prediction: 0.064, std real: 0.070
					# real is zero: 1285
Using random_forest
--------------------  ------------------------------------------  ------------------------------------  ----------------------------------------  ---------------------------  --------------------  -------------------  ---------------------------  -------------------
task_events_priority  task_events_resource_request_for_CPU_cores  task_events_resource_request_for_RAM  task_events_different-machine_constraint  job_events_scheduling_class  job_events_user_name  job_events_job_name  job_events_job_name_logical  moving_average_n=10
0.0254351304036       0.104608805614                              0.132554489102                        0.00185063938788                          0.00473824408657             0.044740846752        0.0453273959807      0.0429836853596              0.597760763313
--------------------  ------------------------------------------  ------------------------------------  ----------------------------------------  ---------------------------  --------------------  -------------------  ---------------------------  -------------------
			Fold 1 	MAE: 0.020107 		RMSE: 0.037455
					Worst prediction: 0.609, should be 0.101.
					Mean prediction: 0.093, mean real: 0.093
					Std prediction: 0.064, std real: 0.070
					# real is zero: 1311
Using random_forest
--------------------  ------------------------------------------  ------------------------------------  ----------------------------------------  ---------------------------  --------------------  -------------------  ---------------------------  -------------------
task_events_priority  task_events_resource_request_for_CPU_cores  task_events_resource_request_for_RAM  task_events_different-machine_constraint  job_events_scheduling_class  job_events_user_name  job_events_job_name  job_events_job_name_logical  moving_average_n=10
0.0203207539446       0.0906502989306                             0.134833683538                        0.00149227599243                          0.00759174019576             0.0472763118747       0.0480392390856      0.045417382548               0.60437831389
--------------------  ------------------------------------------  ------------------------------------  ----------------------------------------  ---------------------------  --------------------  -------------------  ---------------------------  -------------------
			Fold 2 	MAE: 0.019897 		RMSE: 0.036292
					Worst prediction: 0.606, should be 0.087.
					Mean prediction: 0.093, mean real: 0.093
					Std prediction: 0.064, std real: 0.069
					# real is zero: 1356
Using random_forest
--------------------  ------------------------------------------  ------------------------------------  ----------------------------------------  ---------------------------  --------------------  -------------------  ---------------------------  -------------------
task_events_priority  task_events_resource_request_for_CPU_cores  task_events_resource_request_for_RAM  task_events_different-machine_constraint  job_events_scheduling_class  job_events_user_name  job_events_job_name  job_events_job_name_logical  moving_average_n=10
0.0211437844349       0.103720246715                              0.129580929344                        0.00198186671323                          0.0049439198526              0.0564261248911       0.0451893595626      0.044005707045               0.593008061442
--------------------  ------------------------------------------  ------------------------------------  ----------------------------------------  ---------------------------  --------------------  -------------------  ---------------------------  -------------------
			Fold 3 	MAE: 0.019979 		RMSE: 0.037250
					Worst prediction: 0.651, should be 0.116.
					Mean prediction: 0.093, mean real: 0.093
					Std prediction: 0.064, std real: 0.070
					# real is zero: 1331
Using random_forest
--------------------  ------------------------------------------  ------------------------------------  ----------------------------------------  ---------------------------  --------------------  -------------------  ---------------------------  -------------------
task_events_priority  task_events_resource_request_for_CPU_cores  task_events_resource_request_for_RAM  task_events_different-machine_constraint  job_events_scheduling_class  job_events_user_name  job_events_job_name  job_events_job_name_logical  moving_average_n=10
0.0274743241821       0.087231386624                              0.133373036547                        0.00268574498009                          0.00508914611476             0.0496169139898       0.0503548668785      0.0486986909157              0.595475889767
--------------------  ------------------------------------------  ------------------------------------  ----------------------------------------  ---------------------------  --------------------  -------------------  ---------------------------  -------------------
			Fold 4 	MAE: 0.019985 		RMSE: 0.036735
					Worst prediction: 0.640, should be 0.127.
					Mean prediction: 0.093, mean real: 0.093
					Std prediction: 0.064, std real: 0.070
					# real is zero: 1365
Using random_forest
--------------------  ------------------------------------------  ------------------------------------  ----------------------------------------  ---------------------------  --------------------  -------------------  ---------------------------  -------------------
task_events_priority  task_events_resource_request_for_CPU_cores  task_events_resource_request_for_RAM  task_events_different-machine_constraint  job_events_scheduling_class  job_events_user_name  job_events_job_name  job_events_job_name_logical  moving_average_n=10
0.027715134055        0.0875236320113                             0.127262077536                        0.00133333786843                          0.00400768626075             0.0489251704946       0.0529232946614      0.0461516636705              0.604158003442
--------------------  ------------------------------------------  ------------------------------------  ----------------------------------------  ---------------------------  --------------------  -------------------  ---------------------------  -------------------
			Fold 5 	MAE: 0.019773 		RMSE: 0.035916
					Worst prediction: 0.636, should be 0.112.
					Mean prediction: 0.093, mean real: 0.092
					Std prediction: 0.064, std real: 0.069
					# real is zero: 1304
Using random_forest
--------------------  ------------------------------------------  ------------------------------------  ----------------------------------------  ---------------------------  --------------------  -------------------  ---------------------------  -------------------
task_events_priority  task_events_resource_request_for_CPU_cores  task_events_resource_request_for_RAM  task_events_different-machine_constraint  job_events_scheduling_class  job_events_user_name  job_events_job_name  job_events_job_name_logical  moving_average_n=10
0.0339492934206       0.101120384034                              0.131607732385                        0.00118538674885                          0.00532180230084             0.0554091458733       0.0459567483693      0.0472539407655              0.578195566102
--------------------  ------------------------------------------  ------------------------------------  ----------------------------------------  ---------------------------  --------------------  -------------------  ---------------------------  -------------------
			Fold 6 	MAE: 0.019730 		RMSE: 0.035827
					Worst prediction: 0.736, should be 0.105.
					Mean prediction: 0.093, mean real: 0.093
					Std prediction: 0.064, std real: 0.069
					# real is zero: 1311
Using random_forest
--------------------  ------------------------------------------  ------------------------------------  ----------------------------------------  ---------------------------  --------------------  -------------------  ---------------------------  -------------------
task_events_priority  task_events_resource_request_for_CPU_cores  task_events_resource_request_for_RAM  task_events_different-machine_constraint  job_events_scheduling_class  job_events_user_name  job_events_job_name  job_events_job_name_logical  moving_average_n=10
0.0220560692225       0.0894083927799                             0.133891030647                        0.00130059083462                          0.00727245642966             0.0464620587814       0.0538996297792      0.0492779305716              0.596431840955
--------------------  ------------------------------------------  ------------------------------------  ----------------------------------------  ---------------------------  --------------------  -------------------  ---------------------------  -------------------
			Fold 7 	MAE: 0.019819 		RMSE: 0.036847
					Worst prediction: 0.631, should be 0.126.
					Mean prediction: 0.093, mean real: 0.093
					Std prediction: 0.064, std real: 0.070
					# real is zero: 1344
Using random_forest
--------------------  ------------------------------------------  ------------------------------------  ----------------------------------------  ---------------------------  --------------------  -------------------  ---------------------------  -------------------
task_events_priority  task_events_resource_request_for_CPU_cores  task_events_resource_request_for_RAM  task_events_different-machine_constraint  job_events_scheduling_class  job_events_user_name  job_events_job_name  job_events_job_name_logical  moving_average_n=10
0.0306837455553       0.0946788112309                             0.148723880321                        0.00127551018928                          0.00543098611697             0.0534887307589       0.0495770851355      0.0399571161037              0.576184134588
--------------------  ------------------------------------------  ------------------------------------  ----------------------------------------  ---------------------------  --------------------  -------------------  ---------------------------  -------------------
			Fold 8 	MAE: 0.019847 		RMSE: 0.035511
					Worst prediction: 0.641, should be 0.089.
					Mean prediction: 0.093, mean real: 0.093
					Std prediction: 0.064, std real: 0.069
					# real is zero: 1373
Using random_forest
--------------------  ------------------------------------------  ------------------------------------  ----------------------------------------  ---------------------------  --------------------  -------------------  ---------------------------  -------------------
task_events_priority  task_events_resource_request_for_CPU_cores  task_events_resource_request_for_RAM  task_events_different-machine_constraint  job_events_scheduling_class  job_events_user_name  job_events_job_name  job_events_job_name_logical  moving_average_n=10
0.0212897575876       0.0871967642225                             0.144857732464                        0.00131621343367                          0.00531936879722             0.0480136308428       0.0486516663134      0.044688657057               0.598666209282
--------------------  ------------------------------------------  ------------------------------------  ----------------------------------------  ---------------------------  --------------------  -------------------  ---------------------------  -------------------
			Fold 9 	MAE: 0.020055 		RMSE: 0.037088
					Worst prediction: 0.674, should be 0.122.
					Mean prediction: 0.093, mean real: 0.093
					Std prediction: 0.064, std real: 0.070
					# real is zero: 1351
	Done (2622.2 s).
Total error on 10 fold cross-validation: MAE: 0.019912		 RMSE: 0.036585
