	Retrieving X and t... 	Done (11.4 s).
	Preprocessing...
		405/800000 tasks with value higer than 1.000000 deleted
		0 columns deleted from X, containing task_usage info
	Done (0.4 s).
	Training random_forest... On 10 folds
number of new elements 0. El in test: 114. in train: 114 n: 800000
Using random_forest
----------------------  ---------------------------
task_events_machine_ID  job_events_job_name_logical
0.0932013756283         0.906798624372
----------------------  ---------------------------
			Fold 0 	MAE: 0.018531 		RMSE: 0.033921
					Worst prediction: 0.597, should be 0.122.
					Mean prediction: 0.093, mean real: 0.093
					Std prediction: 0.061, std real: 0.070
					# real is zero: 1289
number of new elements 0. El in test: 114. in train: 114 n: 800000
Using random_forest
----------------------  ---------------------------
task_events_machine_ID  job_events_job_name_logical
0.0982153077805         0.901784692219
----------------------  ---------------------------
			Fold 1 	MAE: 0.018496 		RMSE: 0.034413
					Worst prediction: 0.598, should be 0.082.
					Mean prediction: 0.093, mean real: 0.093
					Std prediction: 0.061, std real: 0.070
					# real is zero: 1320
number of new elements 0. El in test: 114. in train: 114 n: 800000
Using random_forest
----------------------  ---------------------------
task_events_machine_ID  job_events_job_name_logical
0.0892965929005         0.910703407099
----------------------  ---------------------------
			Fold 2 	MAE: 0.018405 		RMSE: 0.033332
					Worst prediction: 0.341, should be 0.008.
					Mean prediction: 0.093, mean real: 0.093
					Std prediction: 0.060, std real: 0.069
					# real is zero: 1254
number of new elements 0. El in test: 114. in train: 114 n: 800000
Using random_forest
----------------------  ---------------------------
task_events_machine_ID  job_events_job_name_logical
0.0949903907389         0.905009609261
----------------------  ---------------------------
			Fold 3 	MAE: 0.018529 		RMSE: 0.033665
					Worst prediction: 0.596, should be 0.129.
					Mean prediction: 0.093, mean real: 0.093
					Std prediction: 0.060, std real: 0.069
					# real is zero: 1436
number of new elements 0. El in test: 114. in train: 114 n: 800000
Using random_forest
----------------------  ---------------------------
task_events_machine_ID  job_events_job_name_logical
0.094765057965          0.905234942035
----------------------  ---------------------------
			Fold 4 	MAE: 0.018440 		RMSE: 0.032770
					Worst prediction: 0.598, should be 0.188.
					Mean prediction: 0.093, mean real: 0.093
					Std prediction: 0.060, std real: 0.069
					# real is zero: 1291
number of new elements 0. El in test: 114. in train: 114 n: 800000
Using random_forest
----------------------  ---------------------------
task_events_machine_ID  job_events_job_name_logical
0.0980462361458         0.901953763854
----------------------  ---------------------------
			Fold 5 	MAE: 0.018658 		RMSE: 0.035041
					Worst prediction: 0.599, should be 0.112.
					Mean prediction: 0.093, mean real: 0.093
					Std prediction: 0.060, std real: 0.070
					# real is zero: 1313
number of new elements 0. El in test: 114. in train: 114 n: 800000
Using random_forest
----------------------  ---------------------------
task_events_machine_ID  job_events_job_name_logical
0.0955261486503         0.90447385135
----------------------  ---------------------------
			Fold 6 	MAE: 0.018492 		RMSE: 0.033490
					Worst prediction: 0.598, should be 0.172.
					Mean prediction: 0.093, mean real: 0.093
					Std prediction: 0.060, std real: 0.069
					# real is zero: 1309
number of new elements 0. El in test: 114. in train: 114 n: 800000
Using random_forest
----------------------  ---------------------------
task_events_machine_ID  job_events_job_name_logical
0.0945043159476         0.905495684052
----------------------  ---------------------------
			Fold 7 	MAE: 0.018584 		RMSE: 0.034524
					Worst prediction: 0.597, should be 0.105.
					Mean prediction: 0.093, mean real: 0.093
					Std prediction: 0.061, std real: 0.070
					# real is zero: 1397
number of new elements 0. El in test: 114. in train: 114 n: 800000
Using random_forest
----------------------  ---------------------------
task_events_machine_ID  job_events_job_name_logical
0.0952270703764         0.904772929624
----------------------  ---------------------------
			Fold 8 	MAE: 0.018738 		RMSE: 0.034352
					Worst prediction: 0.600, should be 0.087.
					Mean prediction: 0.093, mean real: 0.093
					Std prediction: 0.061, std real: 0.070
					# real is zero: 1352
number of new elements 0. El in test: 114. in train: 114 n: 800000
Using random_forest
----------------------  ---------------------------
task_events_machine_ID  job_events_job_name_logical
0.0972736670702         0.90272633293
----------------------  ---------------------------
			Fold 9 	MAE: 0.018525 		RMSE: 0.034518
					Worst prediction: 0.597, should be 0.144.
					Mean prediction: 0.092, mean real: 0.093
					Std prediction: 0.061, std real: 0.070
					# real is zero: 1370
	Done (707.0 s).
Total error on 10 fold cross-validation: MAE: 0.018540		 RMSE: 0.034002
