	Retrieving X and t... 
		start_time (s) min-max: (600, 251100)
		end_time (s) min-max: (900, 251400)
		average durage (s): 299.7
	Done (58.5 s).
	Preprocessing...
		0/400000 killed tasks deleted
		202/400000 tasks with value higer than 1.000000 deleted
		65164/399798 cpu values increased from 0 to 0.015620
		65164/399798 ram values increased from 0 to 0.003109
		Daily representation used
		3 columns deleted from X, containing task_usage info
	Done (1.1 s).
	Training random_forest... On 10 folds
number of new elements 0. El in test: 53. in train: 53 n: 400000
Using random_forest
--------------------  ------------------------------------------  ------------------------------------  ----------------------------------------  ---------------------------  --------------------  -------------------  ---------------------------
task_events_priority  task_events_resource_request_for_CPU_cores  task_events_resource_request_for_RAM  task_events_different-machine_constraint  job_events_scheduling_class  job_events_user_name  job_events_job_name  job_events_job_name_logical
0.0145452895411       0.0549949862626                             0.153633278743                        0.0103700538661                           0.00564978264069             0.13633694859         0.120340659927       0.504129000429
--------------------  ------------------------------------------  ------------------------------------  ----------------------------------------  ---------------------------  --------------------  -------------------  ---------------------------
			Fold 0 	MAE: 0.015862 		RMSE: 0.030842
					Worst prediction: 0.117, should be 0.000.
					Mean prediction: 0.082, mean real: 0.082
					Std prediction: 0.037, std real: 0.048
					# real is zero: 24
number of new elements 0. El in test: 53. in train: 53 n: 400000
Using random_forest
--------------------  ------------------------------------------  ------------------------------------  ----------------------------------------  ---------------------------  --------------------  -------------------  ---------------------------
task_events_priority  task_events_resource_request_for_CPU_cores  task_events_resource_request_for_RAM  task_events_different-machine_constraint  job_events_scheduling_class  job_events_user_name  job_events_job_name  job_events_job_name_logical
0.0172558754934       0.0591654500578                             0.15777160775                         0.0134477885518                           0.00404788355792             0.166873522646        0.125092740817       0.456345131126
--------------------  ------------------------------------------  ------------------------------------  ----------------------------------------  ---------------------------  --------------------  -------------------  ---------------------------
			Fold 1 	MAE: 0.015768 		RMSE: 0.029141
					Worst prediction: 0.081, should be 0.000.
					Mean prediction: 0.082, mean real: 0.082
					Std prediction: 0.037, std real: 0.047
					# real is zero: 26
number of new elements 0. El in test: 53. in train: 53 n: 400000
Using random_forest
--------------------  ------------------------------------------  ------------------------------------  ----------------------------------------  ---------------------------  --------------------  -------------------  ---------------------------
task_events_priority  task_events_resource_request_for_CPU_cores  task_events_resource_request_for_RAM  task_events_different-machine_constraint  job_events_scheduling_class  job_events_user_name  job_events_job_name  job_events_job_name_logical
0.0226725360474       0.0643621060502                             0.195435340601                        0.0165804489422                           0.00474031613871             0.126970311158        0.125401955871       0.443836985191
--------------------  ------------------------------------------  ------------------------------------  ----------------------------------------  ---------------------------  --------------------  -------------------  ---------------------------
			Fold 2 	MAE: 0.015863 		RMSE: 0.030151
					Worst prediction: 0.099, should be 0.009.
					Mean prediction: 0.082, mean real: 0.082
					Std prediction: 0.037, std real: 0.048
					# real is zero: 20
number of new elements 0. El in test: 53. in train: 53 n: 400000
Using random_forest
--------------------  ------------------------------------------  ------------------------------------  ----------------------------------------  ---------------------------  --------------------  -------------------  ---------------------------
task_events_priority  task_events_resource_request_for_CPU_cores  task_events_resource_request_for_RAM  task_events_different-machine_constraint  job_events_scheduling_class  job_events_user_name  job_events_job_name  job_events_job_name_logical
0.0279590882505       0.0618719648998                             0.179281272426                        0.0112661684058                           0.00547595446931             0.156006373366        0.131287937964       0.426851240218
--------------------  ------------------------------------------  ------------------------------------  ----------------------------------------  ---------------------------  --------------------  -------------------  ---------------------------
			Fold 3 	MAE: 0.015898 		RMSE: 0.031066
					Worst prediction: 0.134, should be 0.039.
					Mean prediction: 0.081, mean real: 0.081
					Std prediction: 0.037, std real: 0.049
					# real is zero: 14
number of new elements 0. El in test: 53. in train: 53 n: 400000
Using random_forest
--------------------  ------------------------------------------  ------------------------------------  ----------------------------------------  ---------------------------  --------------------  -------------------  ---------------------------
task_events_priority  task_events_resource_request_for_CPU_cores  task_events_resource_request_for_RAM  task_events_different-machine_constraint  job_events_scheduling_class  job_events_user_name  job_events_job_name  job_events_job_name_logical
0.0147417259044       0.0720070297333                             0.175458748135                        0.0129753133177                           0.0068406563097              0.171425099824        0.138751757804       0.407799668971
--------------------  ------------------------------------------  ------------------------------------  ----------------------------------------  ---------------------------  --------------------  -------------------  ---------------------------
			Fold 4 	MAE: 0.015822 		RMSE: 0.029863
					Worst prediction: 0.081, should be 0.000.
					Mean prediction: 0.082, mean real: 0.082
					Std prediction: 0.037, std real: 0.048
					# real is zero: 16
number of new elements 0. El in test: 53. in train: 53 n: 400000
Using random_forest
--------------------  ------------------------------------------  ------------------------------------  ----------------------------------------  ---------------------------  --------------------  -------------------  ---------------------------
task_events_priority  task_events_resource_request_for_CPU_cores  task_events_resource_request_for_RAM  task_events_different-machine_constraint  job_events_scheduling_class  job_events_user_name  job_events_job_name  job_events_job_name_logical
0.0142332225643       0.0658368978085                             0.173125873086                        0.012303659144                            0.00480198222713             0.116591522938        0.145910299801       0.467196542431
--------------------  ------------------------------------------  ------------------------------------  ----------------------------------------  ---------------------------  --------------------  -------------------  ---------------------------
			Fold 5 	MAE: 0.015898 		RMSE: 0.030660
					Worst prediction: 0.081, should be 0.000.
					Mean prediction: 0.082, mean real: 0.082
					Std prediction: 0.037, std real: 0.048
					# real is zero: 14
number of new elements 0. El in test: 53. in train: 53 n: 400000
Using random_forest
--------------------  ------------------------------------------  ------------------------------------  ----------------------------------------  ---------------------------  --------------------  -------------------  ---------------------------
task_events_priority  task_events_resource_request_for_CPU_cores  task_events_resource_request_for_RAM  task_events_different-machine_constraint  job_events_scheduling_class  job_events_user_name  job_events_job_name  job_events_job_name_logical
0.0120851103555       0.0596124288304                             0.151422732855                        0.0193693164725                           0.00731787147831             0.119894473478        0.132111383159       0.498186683372
--------------------  ------------------------------------------  ------------------------------------  ----------------------------------------  ---------------------------  --------------------  -------------------  ---------------------------
			Fold 6 	MAE: 0.015878 		RMSE: 0.030917
					Worst prediction: 0.081, should be 0.000.
					Mean prediction: 0.082, mean real: 0.082
					Std prediction: 0.037, std real: 0.048
					# real is zero: 17
number of new elements 0. El in test: 53. in train: 53 n: 400000
Using random_forest
--------------------  ------------------------------------------  ------------------------------------  ----------------------------------------  ---------------------------  --------------------  -------------------  ---------------------------
task_events_priority  task_events_resource_request_for_CPU_cores  task_events_resource_request_for_RAM  task_events_different-machine_constraint  job_events_scheduling_class  job_events_user_name  job_events_job_name  job_events_job_name_logical
0.0197447562519       0.0841430652212                             0.205273098436                        0.0112115354234                           0.00538452597398             0.136379794908        0.141941287744       0.395921936041
--------------------  ------------------------------------------  ------------------------------------  ----------------------------------------  ---------------------------  --------------------  -------------------  ---------------------------
			Fold 7 	MAE: 0.016014 		RMSE: 0.030981
					Worst prediction: 0.081, should be 0.000.
					Mean prediction: 0.082, mean real: 0.082
					Std prediction: 0.037, std real: 0.049
					# real is zero: 18
number of new elements 0. El in test: 53. in train: 53 n: 400000
Using random_forest
--------------------  ------------------------------------------  ------------------------------------  ----------------------------------------  ---------------------------  --------------------  -------------------  ---------------------------
task_events_priority  task_events_resource_request_for_CPU_cores  task_events_resource_request_for_RAM  task_events_different-machine_constraint  job_events_scheduling_class  job_events_user_name  job_events_job_name  job_events_job_name_logical
0.0218128240226       0.0551323901122                             0.219558223792                        0.0153082171282                           0.00615685117962             0.147338956001        0.123428818202       0.411263719562
--------------------  ------------------------------------------  ------------------------------------  ----------------------------------------  ---------------------------  --------------------  -------------------  ---------------------------
			Fold 8 	MAE: 0.015853 		RMSE: 0.030116
					Worst prediction: 0.133, should be 0.030.
					Mean prediction: 0.082, mean real: 0.082
					Std prediction: 0.037, std real: 0.048
					# real is zero: 8
number of new elements 0. El in test: 53. in train: 53 n: 400000
Using random_forest
--------------------  ------------------------------------------  ------------------------------------  ----------------------------------------  ---------------------------  --------------------  -------------------  ---------------------------
task_events_priority  task_events_resource_request_for_CPU_cores  task_events_resource_request_for_RAM  task_events_different-machine_constraint  job_events_scheduling_class  job_events_user_name  job_events_job_name  job_events_job_name_logical
0.0141348015749       0.0640621723619                             0.195650989925                        0.0113269068487                           0.00392456153254             0.143774521147        0.119570305353       0.447555741257
--------------------  ------------------------------------------  ------------------------------------  ----------------------------------------  ---------------------------  --------------------  -------------------  ---------------------------
			Fold 9 	MAE: 0.015768 		RMSE: 0.028775
					Worst prediction: 0.117, should be 0.000.
					Mean prediction: 0.081, mean real: 0.081
					Std prediction: 0.038, std real: 0.047
					# real is zero: 19
	Done (136.0 s).
Total error on 10 fold cross-validation: MAE: 0.015862		 RMSE: 0.030251
